Log file open, 05/10/22 12:12:01
LogWindows: Failed to load 'aqProf.dll' (GetLastError=126)
LogWindows: File 'aqProf.dll' does not exist
LogWindows: Failed to load 'VtuneApi.dll' (GetLastError=126)
LogWindows: File 'VtuneApi.dll' does not exist
LogWindows: Failed to load 'VtuneApi32e.dll' (GetLastError=126)
LogWindows: File 'VtuneApi32e.dll' does not exist
LogConsoleResponse: Display: Failed to find resolution value strings in scalability ini. Falling back to default.
LogConsoleResponse: Display: Failed to find resolution value strings in scalability ini. Falling back to default.
LogInit: Display: Running engine for game: MicaProject
LogPlatformFile: Not using cached read wrapper
LogTaskGraph: Started task graph with 5 named threads and 35 total threads with 3 sets of task threads.
LogStats: Stats thread started at 0.266841
LogICUInternationalization: ICU TimeZone Detection - Raw Offset: +1:00, Platform Override: ''
LogInit: Display: Loading text-based GConfig....
LogPluginManager: Mounting plugin MegascansPlugin
LogPluginManager: Mounting plugin MeshPainting
LogPluginManager: Mounting plugin XGEController
LogPluginManager: Mounting plugin Paper2D
LogPluginManager: Mounting plugin AISupport
LogPluginManager: Mounting plugin EnvironmentQueryEditor
LogPluginManager: Mounting plugin LiveLink
LogPluginManager: Mounting plugin LightPropagationVolume
LogPluginManager: Mounting plugin CameraShakePreviewer
LogPluginManager: Mounting plugin AssetManagerEditor
LogPluginManager: Mounting plugin CryptoKeys
LogPluginManager: Mounting plugin CurveEditorTools
LogPluginManager: Mounting plugin DataValidation
LogPluginManager: Mounting plugin EditorScriptingUtilities
LogPluginManager: Mounting plugin OodleData
LogPluginManager: Mounting plugin FacialAnimation
LogPluginManager: Mounting plugin GameplayTagsEditor
LogPluginManager: Mounting plugin GameplayCameras
LogPluginManager: Mounting plugin OodleNetwork
LogPluginManager: Mounting plugin AlembicImporter
LogPluginManager: Mounting plugin AutomationUtils
LogPluginManager: Mounting plugin BackChannel
LogPluginManager: Mounting plugin ChaosCloth
LogPluginManager: Mounting plugin ChaosClothEditor
LogPluginManager: Mounting plugin GeometryMode
LogPluginManager: Mounting plugin ChaosEditor
LogPluginManager: Mounting plugin ChaosNiagara
LogPluginManager: Mounting plugin MacGraphicsSwitching
LogPluginManager: Mounting plugin MaterialAnalyzer
LogPluginManager: Mounting plugin MobileLauncherProfileWizard
LogPluginManager: Mounting plugin PluginBrowser
LogPluginManager: Mounting plugin SpeedTreeImporter
LogPluginManager: Mounting plugin ChaosSolverPlugin
LogPluginManager: Mounting plugin DatasmithContent
LogPluginManager: Mounting plugin AnimationSharing
LogPluginManager: Mounting plugin CLionSourceCodeAccess
LogPluginManager: Mounting plugin VariantManagerContent
LogPluginManager: Mounting plugin CodeLiteSourceCodeAccess
LogPluginManager: Mounting plugin KDevelopSourceCodeAccess
LogPluginManager: Mounting plugin NullSourceCodeAccess
LogPluginManager: Mounting plugin PerforceSourceControl
LogPluginManager: Mounting plugin PixWinPlugin
LogPluginManager: Mounting plugin PlasticSourceControl
LogPluginManager: Mounting plugin PluginUtils
LogPluginManager: Mounting plugin PropertyAccessNode
LogPluginManager: Mounting plugin RiderSourceCodeAccess
LogPluginManager: Mounting plugin SubversionSourceControl
LogPluginManager: Mounting plugin VisualStudioSourceCodeAccess
LogPluginManager: Mounting plugin TextureFormatOodle
LogPluginManager: Mounting plugin XCodeSourceCodeAccess
LogPluginManager: Mounting plugin UObjectPlugin
LogPluginManager: Mounting plugin GitSourceControl
LogPluginManager: Mounting plugin VisualStudioCodeSourceCodeAccess
LogPluginManager: Mounting plugin Niagara
LogPluginManager: Mounting plugin CharacterAI
LogPluginManager: Mounting plugin GeometryCache
LogPluginManager: Mounting plugin LuminPlatformFeatures
LogPluginManager: Mounting plugin MagicLeap
LogPluginManager: Mounting plugin GeometryCollectionPlugin
LogPluginManager: Mounting plugin MagicLeapLightEstimation
LogPluginManager: Mounting plugin MagicLeapMedia
LogPluginManager: Mounting plugin MagicLeapPassableWorld
LogPluginManager: Mounting plugin MLSDK
LogPluginManager: Mounting plugin AndroidMedia
LogPluginManager: Mounting plugin AvfMedia
LogPluginManager: Mounting plugin ImgMedia
LogPluginManager: Mounting plugin MediaCompositing
LogPluginManager: Mounting plugin GeometryProcessing
LogPluginManager: Mounting plugin MediaPlayerEditor
LogPluginManager: Mounting plugin WebMMedia
LogPluginManager: Mounting plugin WmfMedia
LogPluginManager: Mounting plugin MotoSynth
LogPluginManager: Mounting plugin OpenImageDenoise
LogPluginManager: Mounting plugin PlatformCrypto
LogPluginManager: Mounting plugin ProxyLODPlugin
LogPluginManager: Mounting plugin PythonScriptPlugin
LogPluginManager: Mounting plugin SkeletalReduction
LogPluginManager: Mounting plugin PlanarCut
LogPluginManager: Mounting plugin TcpMessaging
LogPluginManager: Mounting plugin UdpMessaging
LogPluginManager: Mounting plugin ActorSequence
LogPluginManager: Mounting plugin MatineeToLevelSequence
LogPluginManager: Mounting plugin TemplateSequence
LogPluginManager: Mounting plugin LauncherChunkInstaller
LogPluginManager: Mounting plugin ActorLayerUtilities
LogPluginManager: Mounting plugin LevelSequenceEditor
LogPluginManager: Mounting plugin AndroidDeviceProfileSelector
LogPluginManager: Mounting plugin AndroidPermission
LogPluginManager: Mounting plugin AndroidMoviePlayer
LogPluginManager: Mounting plugin AppleImageUtils
LogPluginManager: Mounting plugin AppleMoviePlayer
LogPluginManager: Mounting plugin ArchVisCharacter
LogPluginManager: Mounting plugin AssetTags
LogPluginManager: Mounting plugin AudioCapture
LogPluginManager: Mounting plugin AudioSynesthesia
LogPluginManager: Mounting plugin ChunkDownloader
LogPluginManager: Mounting plugin CableComponent
LogPluginManager: Mounting plugin CustomMeshComponent
LogPluginManager: Mounting plugin EditableMesh
LogPluginManager: Mounting plugin ExampleDeviceProfileSelector
LogPluginManager: Mounting plugin GoogleCloudMessaging
LogPluginManager: Mounting plugin GooglePAD
LogPluginManager: Mounting plugin ScreenshotTools
LogPluginManager: Mounting plugin IOSDeviceProfileSelector
LogPluginManager: Mounting plugin LinuxDeviceProfileSelector
LogPluginManager: Mounting plugin LocationServicesBPLibrary
LogPluginManager: Mounting plugin MobilePatchingUtils
LogPluginManager: Mounting plugin OnlineSubsystem
LogPluginManager: Mounting plugin OnlineSubsystemNull
LogPluginManager: Mounting plugin OnlineSubsystemUtils
LogPluginManager: Mounting plugin OpenXR
LogPluginManager: Mounting plugin OpenXRHandTracking
LogPluginManager: Mounting plugin OpenXREyeTracker
LogPluginManager: Mounting plugin PhysXVehicles
LogPluginManager: Mounting plugin PostSplashScreen
LogPluginManager: Mounting plugin ProceduralMeshComponent
LogPluginManager: Mounting plugin PropertyAccessEditor
LogPluginManager: Mounting plugin RuntimePhysXCooking
LogPluginManager: Mounting plugin Takes
LogPluginManager: Mounting plugin SignificanceManager
LogPluginManager: Mounting plugin SoundFields
LogPluginManager: Mounting plugin Synthesis
LogPluginManager: Mounting plugin WebMMoviePlayer
LogPluginManager: Mounting plugin WindowsMoviePlayer
LogPluginManager: Mounting plugin ContentBrowserAssetDataSource
LogPluginManager: Mounting plugin ContentBrowserClassDataSource
LogPluginManager: Mounting plugin ContentBrowserFileDataSource
LogPluginManager: Mounting plugin SQLiteCore
LogPluginManager: Mounting plugin SQLiteSupport
LogPluginManager: Mounting plugin DatabaseSupport
LogPluginManager: Mounting plugin OnlineSubsystemGooglePlay
LogPluginManager: Mounting plugin OnlineSubsystemIOS
LogPluginManager: Mounting plugin OculusVR
LogPluginManager: Mounting plugin SteamVR
PixWinPlugin: PIX capture plugin failed to initialize! Check that the process is launched from PIX.
LogInit: Using libcurl 7.55.1-DEV
LogInit:  - built for x86_64-pc-win32
LogInit:  - supports SSL with OpenSSL/1.1.1
LogInit:  - supports HTTP deflate (compression) using libz 1.2.8
LogInit:  - other features:
LogInit:      CURL_VERSION_SSL
LogInit:      CURL_VERSION_LIBZ
LogInit:      CURL_VERSION_IPV6
LogInit:      CURL_VERSION_ASYNCHDNS
LogInit:      CURL_VERSION_LARGEFILE
LogInit:      CURL_VERSION_IDN
LogInit:  CurlRequestOptions (configurable via config and command line):
LogInit:  - bVerifyPeer = true  - Libcurl will verify peer certificate
LogInit:  - bUseHttpProxy = false  - Libcurl will NOT use HTTP proxy
LogInit:  - bDontReuseConnections = false  - Libcurl will reuse connections
LogInit:  - MaxHostConnections = 16  - Libcurl will limit the number of connections to a host
LogInit:  - LocalHostAddr = Default
LogInit:  - BufferSize = 65536
LogOnline: OSS: Creating online subsystem instance for: NULL
LogInit: WinSock: version 1.1 (2.2), MaxSocks=32767, MaxUdp=65467
LogOnline: OSS: TryLoadSubsystemAndSetDefault: Loaded subsystem for module [NULL]
LogOculusPluginWrapper: OculusPlugin initialized successfully
LogHMD: Failed initializing OVRPlugin 1.59.0
LogInit: Build: ++UE4+Release-4.27-CL-18319896
LogInit: Engine Version: 4.27.2-18319896+++UE4+Release-4.27
LogInit: Compatible Engine Version: 4.27.0-17155196+++UE4+Release-4.27
LogInit: Net CL: 17155196
LogInit: OS: Windows 10 (Release 2009) (), CPU: Intel(R) Core(TM) i7-10750H CPU @ 2.60GHz, GPU: Intel(R) UHD Graphics
LogInit: Compiled (64-bit): Nov 30 2021 07:12:08
LogInit: Compiled with Visual C++: 19.24.28315.00
LogInit: Build Configuration: Development
LogInit: Branch Name: ++UE4+Release-4.27
LogInit: Command Line: 
LogInit: Base Directory: C:/Program Files/Epic Games/UE_4.27/Engine/Binaries/Win64/
LogInit: Allocator: TBB
LogInit: Installed Engine Build: 1
LogDevObjectVersion: Number of dev versions registered: 29
LogDevObjectVersion:   Dev-Blueprints (B0D832E4-1F89-4F0D-ACCF-7EB736FD4AA2): 10
LogDevObjectVersion:   Dev-Build (E1C64328-A22C-4D53-A36C-8E866417BD8C): 0
LogDevObjectVersion:   Dev-Core (375EC13C-06E4-48FB-B500-84F0262A717E): 4
LogDevObjectVersion:   Dev-Editor (E4B068ED-F494-42E9-A231-DA0B2E46BB41): 40
LogDevObjectVersion:   Dev-Framework (CFFC743F-43B0-4480-9391-14DF171D2073): 37
LogDevObjectVersion:   Dev-Mobile (B02B49B5-BB20-44E9-A304-32B752E40360): 3
LogDevObjectVersion:   Dev-Networking (A4E4105C-59A1-49B5-A7C5-40C4547EDFEE): 0
LogDevObjectVersion:   Dev-Online (39C831C9-5AE6-47DC-9A44-9C173E1C8E7C): 0
LogDevObjectVersion:   Dev-Physics (78F01B33-EBEA-4F98-B9B4-84EACCB95AA2): 14
LogDevObjectVersion:   Dev-Platform (6631380F-2D4D-43E0-8009-CF276956A95A): 0
LogDevObjectVersion:   Dev-Rendering (12F88B9F-8875-4AFC-A67C-D90C383ABD29): 45
LogDevObjectVersion:   Dev-Sequencer (7B5AE74C-D270-4C10-A958-57980B212A5A): 13
LogDevObjectVersion:   Dev-VR (D7296918-1DD6-4BDD-9DE2-64A83CC13884): 3
LogDevObjectVersion:   Dev-LoadTimes (C2A15278-BFE7-4AFE-6C17-90FF531DF755): 1
LogDevObjectVersion:   Private-Geometry (6EACA3D4-40EC-4CC1-B786-8BED09428FC5): 3
LogDevObjectVersion:   Dev-AnimPhys (29E575DD-E0A3-4627-9D10-D276232CDCEA): 17
LogDevObjectVersion:   Dev-Anim (AF43A65D-7FD3-4947-9873-3E8ED9C1BB05): 15
LogDevObjectVersion:   Dev-ReflectionCapture (6B266CEC-1EC7-4B8F-A30B-E4D90942FC07): 1
LogDevObjectVersion:   Dev-Automation (0DF73D61-A23F-47EA-B727-89E90C41499A): 1
LogDevObjectVersion:   FortniteMain (601D1886-AC64-4F84-AA16-D3DE0DEAC7D6): 47
LogDevObjectVersion:   FortniteRelease (E7086368-6B23-4C58-8439-1B7016265E91): 1
LogDevObjectVersion:   Dev-Enterprise (9DFFBCD6-494F-0158-E221-12823C92A888): 10
LogDevObjectVersion:   Dev-Niagara (F2AED0AC-9AFE-416F-8664-AA7FFA26D6FC): 1
LogDevObjectVersion:   Dev-Destruction (174F1F0B-B4C6-45A5-B13F-2EE8D0FB917D): 10
LogDevObjectVersion:   Dev-Physics-Ext (35F94A83-E258-406C-A318-09F59610247C): 41
LogDevObjectVersion:   Dev-PhysicsMaterial-Chaos (B68FC16E-8B1B-42E2-B453-215C058844FE): 1
LogDevObjectVersion:   Dev-CineCamera (B2E18506-4273-CFC2-A54E-F4BB758BBA07): 1
LogDevObjectVersion:   Dev-VirtualProduction (64F58936-FD1B-42BA-BA96-7289D5D0FA4E): 1
LogDevObjectVersion:   Dev-MediaFramework (6F0ED827-A609-4895-9C91-998D90180EA4): 2
LogInit: Presizing for max 25165824 objects, including 0 objects not considered by GC, pre-allocating 0 bytes for permanent pool.
LogConfig: Applying CVar settings from Section [/Script/Engine.StreamingSettings] File [D:/MICAGIT/Mica/MicaProject/Saved/Config/Windows/Engine.ini]
LogConfig: Setting CVar [[s.MinBulkDataSizeForAsyncLoading:131072]]
LogConfig: Setting CVar [[s.AsyncLoadingThreadEnabled:0]]
LogConfig: Setting CVar [[s.EventDrivenLoaderEnabled:1]]
LogConfig: Setting CVar [[s.WarnIfTimeLimitExceeded:0]]
LogConfig: Setting CVar [[s.TimeLimitExceededMultiplier:1.5]]
LogConfig: Setting CVar [[s.TimeLimitExceededMinTime:0.005]]
LogConfig: Setting CVar [[s.UseBackgroundLevelStreaming:1]]
LogConfig: Setting CVar [[s.PriorityAsyncLoadingExtraTime:15.0]]
LogConfig: Setting CVar [[s.LevelStreamingActorsUpdateTimeLimit:5.0]]
LogConfig: Setting CVar [[s.PriorityLevelStreamingActorsUpdateExtraTime:5.0]]
LogConfig: Setting CVar [[s.LevelStreamingComponentsRegistrationGranularity:10]]
LogConfig: Setting CVar [[s.UnregisterComponentsTimeLimit:1.0]]
LogConfig: Setting CVar [[s.LevelStreamingComponentsUnregistrationGranularity:5]]
LogConfig: Setting CVar [[s.FlushStreamingOnExit:1]]
LogInit: Object subsystem initialized
LogConfig: Setting CVar [[con.DebugEarlyDefault:1]]
LogConfig: Setting CVar [[r.setres:1280x720]]
[2022.05.10-10.12.02:860][  0]LogConfig: Setting CVar [[r.VSync:0]]
[2022.05.10-10.12.02:860][  0]LogConfig: Setting CVar [[r.RHICmdBypass:0]]
[2022.05.10-10.12.02:860][  0]LogConfig: Applying CVar settings from Section [/Script/Engine.RendererSettings] File [D:/MICAGIT/Mica/MicaProject/Saved/Config/Windows/Engine.ini]
[2022.05.10-10.12.02:860][  0]LogConfig: Setting CVar [[r.GPUCrashDebugging:0]]
[2022.05.10-10.12.02:860][  0]LogConfig: Applying CVar settings from Section [/Script/Engine.RendererOverrideSettings] File [D:/MICAGIT/Mica/MicaProject/Saved/Config/Windows/Engine.ini]
[2022.05.10-10.12.02:860][  0]LogConfig: Applying CVar settings from Section [/Script/Engine.StreamingSettings] File [D:/MICAGIT/Mica/MicaProject/Saved/Config/Windows/Engine.ini]
[2022.05.10-10.12.02:860][  0]LogConfig: Setting CVar [[s.MinBulkDataSizeForAsyncLoading:131072]]
[2022.05.10-10.12.02:860][  0]LogConfig: Setting CVar [[s.AsyncLoadingThreadEnabled:0]]
[2022.05.10-10.12.02:860][  0]LogConfig: Setting CVar [[s.EventDrivenLoaderEnabled:1]]
[2022.05.10-10.12.02:860][  0]LogConfig: Setting CVar [[s.WarnIfTimeLimitExceeded:0]]
[2022.05.10-10.12.02:860][  0]LogConfig: Setting CVar [[s.TimeLimitExceededMultiplier:1.5]]
[2022.05.10-10.12.02:860][  0]LogConfig: Setting CVar [[s.TimeLimitExceededMinTime:0.005]]
[2022.05.10-10.12.02:860][  0]LogConfig: Setting CVar [[s.UseBackgroundLevelStreaming:1]]
[2022.05.10-10.12.02:860][  0]LogConfig: Setting CVar [[s.PriorityAsyncLoadingExtraTime:15.0]]
[2022.05.10-10.12.02:860][  0]LogConfig: Setting CVar [[s.LevelStreamingActorsUpdateTimeLimit:5.0]]
[2022.05.10-10.12.02:860][  0]LogConfig: Setting CVar [[s.PriorityLevelStreamingActorsUpdateExtraTime:5.0]]
[2022.05.10-10.12.02:860][  0]LogConfig: Setting CVar [[s.LevelStreamingComponentsRegistrationGranularity:10]]
[2022.05.10-10.12.02:860][  0]LogConfig: Setting CVar [[s.UnregisterComponentsTimeLimit:1.0]]
[2022.05.10-10.12.02:860][  0]LogConfig: Setting CVar [[s.LevelStreamingComponentsUnregistrationGranularity:5]]
[2022.05.10-10.12.02:860][  0]LogConfig: Setting CVar [[s.FlushStreamingOnExit:1]]
[2022.05.10-10.12.02:860][  0]LogConfig: Applying CVar settings from Section [/Script/Engine.GarbageCollectionSettings] File [D:/MICAGIT/Mica/MicaProject/Saved/Config/Windows/Engine.ini]
[2022.05.10-10.12.02:860][  0]LogConfig: Setting CVar [[gc.MaxObjectsNotConsideredByGC:1]]
[2022.05.10-10.12.02:860][  0]LogConfig: Setting CVar [[gc.SizeOfPermanentObjectPool:0]]
[2022.05.10-10.12.02:860][  0]LogConfig: Setting CVar [[gc.FlushStreamingOnGC:0]]
[2022.05.10-10.12.02:860][  0]LogConfig: Setting CVar [[gc.NumRetriesBeforeForcingGC:10]]
[2022.05.10-10.12.02:860][  0]LogConfig: Setting CVar [[gc.AllowParallelGC:1]]
[2022.05.10-10.12.02:860][  0]LogConfig: Setting CVar [[gc.TimeBetweenPurgingPendingKillObjects:61.1]]
[2022.05.10-10.12.02:860][  0]LogConfig: Setting CVar [[gc.MaxObjectsInEditor:25165824]]
[2022.05.10-10.12.02:860][  0]LogConfig: Setting CVar [[gc.IncrementalBeginDestroyEnabled:1]]
[2022.05.10-10.12.02:860][  0]LogConfig: Setting CVar [[gc.CreateGCClusters:1]]
[2022.05.10-10.12.02:860][  0]LogConfig: Setting CVar [[gc.MinGCClusterSize:5]]
[2022.05.10-10.12.02:860][  0]LogConfig: Setting CVar [[gc.ActorClusteringEnabled:0]]
[2022.05.10-10.12.02:860][  0]LogConfig: Setting CVar [[gc.BlueprintClusteringEnabled:0]]
[2022.05.10-10.12.02:860][  0]LogConfig: Setting CVar [[gc.UseDisregardForGCOnDedicatedServers:0]]
[2022.05.10-10.12.02:860][  0]LogConfig: Setting CVar [[gc.MultithreadedDestructionEnabled:1]]
[2022.05.10-10.12.02:860][  0]LogConfig: Applying CVar settings from Section [/Script/Engine.NetworkSettings] File [D:/MICAGIT/Mica/MicaProject/Saved/Config/Windows/Engine.ini]
[2022.05.10-10.12.02:860][  0]LogConfig: Applying CVar settings from Section [/Script/UnrealEd.CookerSettings] File [D:/MICAGIT/Mica/MicaProject/Saved/Config/Windows/Engine.ini]
[2022.05.10-10.12.02:873][  0]LogConfig: Applying CVar settings from Section [ViewDistanceQuality@3] File [D:/MICAGIT/Mica/MicaProject/Saved/Config/Windows/Scalability.ini]
[2022.05.10-10.12.02:873][  0]LogConfig: Setting CVar [[r.SkeletalMeshLODBias:0]]
[2022.05.10-10.12.02:873][  0]LogConfig: Setting CVar [[r.ViewDistanceScale:1.0]]
[2022.05.10-10.12.02:873][  0]LogConfig: Applying CVar settings from Section [AntiAliasingQuality@3] File [D:/MICAGIT/Mica/MicaProject/Saved/Config/Windows/Scalability.ini]
[2022.05.10-10.12.02:873][  0]LogConfig: Setting CVar [[r.PostProcessAAQuality:4]]
[2022.05.10-10.12.02:873][  0]LogConfig: Applying CVar settings from Section [ShadowQuality@3] File [D:/MICAGIT/Mica/MicaProject/Saved/Config/Windows/Scalability.ini]
[2022.05.10-10.12.02:873][  0]LogConfig: Setting CVar [[r.LightFunctionQuality:1]]
[2022.05.10-10.12.02:873][  0]LogConfig: Setting CVar [[r.ShadowQuality:5]]
[2022.05.10-10.12.02:873][  0]LogConfig: Setting CVar [[r.Shadow.CSM.MaxCascades:10]]
[2022.05.10-10.12.02:873][  0]LogConfig: Setting CVar [[r.Shadow.MaxResolution:2048]]
[2022.05.10-10.12.02:873][  0]LogConfig: Setting CVar [[r.Shadow.MaxCSMResolution:2048]]
[2022.05.10-10.12.02:873][  0]LogConfig: Setting CVar [[r.Shadow.RadiusThreshold:0.01]]
[2022.05.10-10.12.02:873][  0]LogConfig: Setting CVar [[r.Shadow.DistanceScale:1.0]]
[2022.05.10-10.12.02:873][  0]LogConfig: Setting CVar [[r.Shadow.CSM.TransitionScale:1.0]]
[2022.05.10-10.12.02:873][  0]LogConfig: Setting CVar [[r.Shadow.PreShadowResolutionFactor:1.0]]
[2022.05.10-10.12.02:873][  0]LogConfig: Setting CVar [[r.DistanceFieldShadowing:1]]
[2022.05.10-10.12.02:873][  0]LogConfig: Setting CVar [[r.DistanceFieldAO:1]]
[2022.05.10-10.12.02:873][  0]LogConfig: Setting CVar [[r.AOQuality:2]]
[2022.05.10-10.12.02:873][  0]LogConfig: Setting CVar [[r.VolumetricFog:1]]
[2022.05.10-10.12.02:873][  0]LogConfig: Setting CVar [[r.VolumetricFog.GridPixelSize:8]]
[2022.05.10-10.12.02:874][  0]LogConfig: Setting CVar [[r.VolumetricFog.GridSizeZ:128]]
[2022.05.10-10.12.02:874][  0]LogConfig: Setting CVar [[r.VolumetricFog.HistoryMissSupersampleCount:4]]
[2022.05.10-10.12.02:874][  0]LogConfig: Setting CVar [[r.LightMaxDrawDistanceScale:1]]
[2022.05.10-10.12.02:874][  0]LogConfig: Setting CVar [[r.CapsuleShadows:1]]
[2022.05.10-10.12.02:874][  0]LogConfig: Applying CVar settings from Section [PostProcessQuality@3] File [D:/MICAGIT/Mica/MicaProject/Saved/Config/Windows/Scalability.ini]
[2022.05.10-10.12.02:874][  0]LogConfig: Setting CVar [[r.MotionBlurQuality:4]]
[2022.05.10-10.12.02:874][  0]LogConfig: Setting CVar [[r.AmbientOcclusionMipLevelFactor:0.4]]
[2022.05.10-10.12.02:874][  0]LogConfig: Setting CVar [[r.AmbientOcclusionMaxQuality:100]]
[2022.05.10-10.12.02:874][  0]LogConfig: Setting CVar [[r.AmbientOcclusionLevels:-1]]
[2022.05.10-10.12.02:874][  0]LogConfig: Setting CVar [[r.AmbientOcclusionRadiusScale:1.0]]
[2022.05.10-10.12.02:874][  0]LogConfig: Setting CVar [[r.DepthOfFieldQuality:2]]
[2022.05.10-10.12.02:874][  0]LogConfig: Setting CVar [[r.RenderTargetPoolMin:400]]
[2022.05.10-10.12.02:874][  0]LogConfig: Setting CVar [[r.LensFlareQuality:2]]
[2022.05.10-10.12.02:874][  0]LogConfig: Setting CVar [[r.SceneColorFringeQuality:1]]
[2022.05.10-10.12.02:874][  0]LogConfig: Setting CVar [[r.EyeAdaptationQuality:2]]
[2022.05.10-10.12.02:874][  0]LogConfig: Setting CVar [[r.BloomQuality:5]]
[2022.05.10-10.12.02:874][  0]LogConfig: Setting CVar [[r.FastBlurThreshold:100]]
[2022.05.10-10.12.02:874][  0]LogConfig: Setting CVar [[r.Upscale.Quality:3]]
[2022.05.10-10.12.02:874][  0]LogConfig: Setting CVar [[r.Tonemapper.GrainQuantization:1]]
[2022.05.10-10.12.02:874][  0]LogConfig: Setting CVar [[r.LightShaftQuality:1]]
[2022.05.10-10.12.02:874][  0]LogConfig: Setting CVar [[r.Filter.SizeScale:1]]
[2022.05.10-10.12.02:874][  0]LogConfig: Setting CVar [[r.Tonemapper.Quality:5]]
[2022.05.10-10.12.02:874][  0]LogConfig: Setting CVar [[r.DOF.Gather.AccumulatorQuality:1        ; higher gathering accumulator quality]]
[2022.05.10-10.12.02:874][  0]LogConfig: Setting CVar [[r.DOF.Gather.PostfilterMethod:1          ; Median3x3 postfilering method]]
[2022.05.10-10.12.02:874][  0]LogConfig: Setting CVar [[r.DOF.Gather.EnableBokehSettings:0       ; no bokeh simulation when gathering]]
[2022.05.10-10.12.02:874][  0]LogConfig: Setting CVar [[r.DOF.Gather.RingCount:4                 ; medium number of samples when gathering]]
[2022.05.10-10.12.02:874][  0]LogConfig: Setting CVar [[r.DOF.Scatter.ForegroundCompositing:1    ; additive foreground scattering]]
[2022.05.10-10.12.02:874][  0]LogConfig: Setting CVar [[r.DOF.Scatter.BackgroundCompositing:2    ; additive background scattering]]
[2022.05.10-10.12.02:874][  0]LogConfig: Setting CVar [[r.DOF.Scatter.EnableBokehSettings:1      ; bokeh simulation when scattering]]
[2022.05.10-10.12.02:874][  0]LogConfig: Setting CVar [[r.DOF.Scatter.MaxSpriteRatio:0.1         ; only a maximum of 10% of scattered bokeh]]
[2022.05.10-10.12.02:874][  0]LogConfig: Setting CVar [[r.DOF.Recombine.Quality:1                ; cheap slight out of focus]]
[2022.05.10-10.12.02:874][  0]LogConfig: Setting CVar [[r.DOF.Recombine.EnableBokehSettings:0    ; no bokeh simulation on slight out of focus]]
[2022.05.10-10.12.02:874][  0]LogConfig: Setting CVar [[r.DOF.TemporalAAQuality:1                ; more stable temporal accumulation]]
[2022.05.10-10.12.02:874][  0]LogConfig: Setting CVar [[r.DOF.Kernel.MaxForegroundRadius:0.025]]
[2022.05.10-10.12.02:874][  0]LogConfig: Setting CVar [[r.DOF.Kernel.MaxBackgroundRadius:0.025]]
[2022.05.10-10.12.02:874][  0]LogConfig: Applying CVar settings from Section [TextureQuality@3] File [D:/MICAGIT/Mica/MicaProject/Saved/Config/Windows/Scalability.ini]
[2022.05.10-10.12.02:874][  0]LogConfig: Setting CVar [[r.Streaming.MipBias:0]]
[2022.05.10-10.12.02:874][  0]LogConfig: Setting CVar [[r.Streaming.AmortizeCPUToGPUCopy:0]]
[2022.05.10-10.12.02:874][  0]LogConfig: Setting CVar [[r.Streaming.MaxNumTexturesToStreamPerFrame:0]]
[2022.05.10-10.12.02:874][  0]LogConfig: Setting CVar [[r.Streaming.Boost:1]]
[2022.05.10-10.12.02:874][  0]LogConfig: Setting CVar [[r.MaxAnisotropy:8]]
[2022.05.10-10.12.02:874][  0]LogConfig: Setting CVar [[r.VT.MaxAnisotropy:8]]
[2022.05.10-10.12.02:874][  0]LogConfig: Setting CVar [[r.Streaming.LimitPoolSizeToVRAM:0]]
[2022.05.10-10.12.02:874][  0]LogConfig: Setting CVar [[r.Streaming.PoolSize:1000]]
[2022.05.10-10.12.02:874][  0]LogConfig: Setting CVar [[r.Streaming.MaxEffectiveScreenSize:0]]
[2022.05.10-10.12.02:874][  0]LogConfig: Applying CVar settings from Section [EffectsQuality@3] File [D:/MICAGIT/Mica/MicaProject/Saved/Config/Windows/Scalability.ini]
[2022.05.10-10.12.02:874][  0]LogConfig: Setting CVar [[r.TranslucencyLightingVolumeDim:64]]
[2022.05.10-10.12.02:874][  0]LogConfig: Setting CVar [[r.RefractionQuality:2]]
[2022.05.10-10.12.02:874][  0]LogConfig: Setting CVar [[r.SSR.Quality:3]]
[2022.05.10-10.12.02:874][  0]LogConfig: Setting CVar [[r.SSR.HalfResSceneColor:0]]
[2022.05.10-10.12.02:874][  0]LogConfig: Setting CVar [[r.SceneColorFormat:4]]
[2022.05.10-10.12.02:874][  0]LogConfig: Setting CVar [[r.DetailMode:2]]
[2022.05.10-10.12.02:874][  0]LogConfig: Setting CVar [[r.TranslucencyVolumeBlur:1]]
[2022.05.10-10.12.02:874][  0]LogConfig: Setting CVar [[r.MaterialQualityLevel:1 ; High quality]]
[2022.05.10-10.12.02:874][  0]LogConfig: Setting CVar [[r.AnisotropicMaterials:1]]
[2022.05.10-10.12.02:874][  0]LogConfig: Setting CVar [[r.SSS.Scale:1]]
[2022.05.10-10.12.02:874][  0]LogConfig: Setting CVar [[r.SSS.SampleSet:2]]
[2022.05.10-10.12.02:874][  0]LogConfig: Setting CVar [[r.SSS.Quality:1]]
[2022.05.10-10.12.02:874][  0]LogConfig: Setting CVar [[r.SSS.HalfRes:0]]
[2022.05.10-10.12.02:874][  0]LogConfig: Setting CVar [[r.SSGI.Quality:3]]
[2022.05.10-10.12.02:874][  0]LogConfig: Setting CVar [[r.EmitterSpawnRateScale:1.0]]
[2022.05.10-10.12.02:874][  0]LogConfig: Setting CVar [[r.ParticleLightQuality:2]]
[2022.05.10-10.12.02:874][  0]LogConfig: Setting CVar [[r.SkyAtmosphere.AerialPerspectiveLUT.FastApplyOnOpaque:1 ; Always have FastSkyLUT 1 in this case to avoid wrong sky]]
[2022.05.10-10.12.02:874][  0]LogConfig: Setting CVar [[r.SkyAtmosphere.AerialPerspectiveLUT.SampleCountMaxPerSlice:4]]
[2022.05.10-10.12.02:874][  0]LogConfig: Setting CVar [[r.SkyAtmosphere.AerialPerspectiveLUT.DepthResolution:16.0]]
[2022.05.10-10.12.02:874][  0]LogConfig: Setting CVar [[r.SkyAtmosphere.FastSkyLUT:1]]
[2022.05.10-10.12.02:874][  0]LogConfig: Setting CVar [[r.SkyAtmosphere.FastSkyLUT.SampleCountMin:4.0]]
[2022.05.10-10.12.02:874][  0]LogConfig: Setting CVar [[r.SkyAtmosphere.FastSkyLUT.SampleCountMax:128.0]]
[2022.05.10-10.12.02:874][  0]LogConfig: Setting CVar [[r.SkyAtmosphere.SampleCountMin:4.0]]
[2022.05.10-10.12.02:874][  0]LogConfig: Setting CVar [[r.SkyAtmosphere.SampleCountMax:128.0]]
[2022.05.10-10.12.02:874][  0]LogConfig: Setting CVar [[r.SkyAtmosphere.TransmittanceLUT.UseSmallFormat:0]]
[2022.05.10-10.12.02:874][  0]LogConfig: Setting CVar [[r.SkyAtmosphere.TransmittanceLUT.SampleCount:10.0]]
[2022.05.10-10.12.02:874][  0]LogConfig: Setting CVar [[r.SkyAtmosphere.MultiScatteringLUT.SampleCount:15.0]]
[2022.05.10-10.12.02:874][  0]LogConfig: Setting CVar [[r.SkyLight.RealTimeReflectionCapture:1]]
[2022.05.10-10.12.02:874][  0]LogConfig: Applying CVar settings from Section [FoliageQuality@3] File [D:/MICAGIT/Mica/MicaProject/Saved/Config/Windows/Scalability.ini]
[2022.05.10-10.12.02:874][  0]LogConfig: Setting CVar [[foliage.DensityScale:1.0]]
[2022.05.10-10.12.02:874][  0]LogConfig: Setting CVar [[grass.DensityScale:1.0]]
[2022.05.10-10.12.02:874][  0]LogConfig: Applying CVar settings from Section [ShadingQuality@3] File [D:/MICAGIT/Mica/MicaProject/Saved/Config/Windows/Scalability.ini]
[2022.05.10-10.12.02:874][  0]LogConfig: Setting CVar [[r.HairStrands.SkyLighting.IntegrationType:2]]
[2022.05.10-10.12.02:874][  0]LogConfig: Setting CVar [[r.HairStrands.SkyAO.SampleCount:4]]
[2022.05.10-10.12.02:874][  0]LogConfig: Setting CVar [[r.HairStrands.Visibility.MSAA.SamplePerPixel:4]]
[2022.05.10-10.12.02:874][  0]LogInit: Selected Device Profile: [Windows]
[2022.05.10-10.12.02:874][  0]LogInit: Applying CVar settings loaded from the selected device profile: [Windows]
[2022.05.10-10.12.02:874][  0]LogHAL: Display: Platform has ~ 16 GB [17002713088 / 17179869184 / 16], which maps to Larger [LargestMinGB=32, LargerMinGB=12, DefaultMinGB=8, SmallerMinGB=6, SmallestMinGB=0)
[2022.05.10-10.12.02:874][  0]LogInit: Going up to parent DeviceProfile []
[2022.05.10-10.12.02:874][  0]LogConfig: Applying CVar settings from Section [ViewDistanceQuality@3] File [D:/MICAGIT/Mica/MicaProject/Saved/Config/Windows/Scalability.ini]
[2022.05.10-10.12.02:874][  0]LogConfig: Setting CVar [[r.SkeletalMeshLODBias:0]]
[2022.05.10-10.12.02:874][  0]LogConfig: Setting CVar [[r.ViewDistanceScale:1.0]]
[2022.05.10-10.12.02:874][  0]LogConfig: Applying CVar settings from Section [AntiAliasingQuality@3] File [D:/MICAGIT/Mica/MicaProject/Saved/Config/Windows/Scalability.ini]
[2022.05.10-10.12.02:874][  0]LogConfig: Setting CVar [[r.PostProcessAAQuality:4]]
[2022.05.10-10.12.02:874][  0]LogConfig: Applying CVar settings from Section [ShadowQuality@3] File [D:/MICAGIT/Mica/MicaProject/Saved/Config/Windows/Scalability.ini]
[2022.05.10-10.12.02:874][  0]LogConfig: Setting CVar [[r.LightFunctionQuality:1]]
[2022.05.10-10.12.02:874][  0]LogConfig: Setting CVar [[r.ShadowQuality:5]]
[2022.05.10-10.12.02:874][  0]LogConfig: Setting CVar [[r.Shadow.CSM.MaxCascades:10]]
[2022.05.10-10.12.02:874][  0]LogConfig: Setting CVar [[r.Shadow.MaxResolution:2048]]
[2022.05.10-10.12.02:874][  0]LogConfig: Setting CVar [[r.Shadow.MaxCSMResolution:2048]]
[2022.05.10-10.12.02:874][  0]LogConfig: Setting CVar [[r.Shadow.RadiusThreshold:0.01]]
[2022.05.10-10.12.02:875][  0]LogConfig: Setting CVar [[r.Shadow.DistanceScale:1.0]]
[2022.05.10-10.12.02:875][  0]LogConfig: Setting CVar [[r.Shadow.CSM.TransitionScale:1.0]]
[2022.05.10-10.12.02:875][  0]LogConfig: Setting CVar [[r.Shadow.PreShadowResolutionFactor:1.0]]
[2022.05.10-10.12.02:875][  0]LogConfig: Setting CVar [[r.DistanceFieldShadowing:1]]
[2022.05.10-10.12.02:875][  0]LogConfig: Setting CVar [[r.DistanceFieldAO:1]]
[2022.05.10-10.12.02:875][  0]LogConfig: Setting CVar [[r.AOQuality:2]]
[2022.05.10-10.12.02:875][  0]LogConfig: Setting CVar [[r.VolumetricFog:1]]
[2022.05.10-10.12.02:875][  0]LogConfig: Setting CVar [[r.VolumetricFog.GridPixelSize:8]]
[2022.05.10-10.12.02:875][  0]LogConfig: Setting CVar [[r.VolumetricFog.GridSizeZ:128]]
[2022.05.10-10.12.02:875][  0]LogConfig: Setting CVar [[r.VolumetricFog.HistoryMissSupersampleCount:4]]
[2022.05.10-10.12.02:875][  0]LogConfig: Setting CVar [[r.LightMaxDrawDistanceScale:1]]
[2022.05.10-10.12.02:875][  0]LogConfig: Setting CVar [[r.CapsuleShadows:1]]
[2022.05.10-10.12.02:875][  0]LogConfig: Applying CVar settings from Section [PostProcessQuality@3] File [D:/MICAGIT/Mica/MicaProject/Saved/Config/Windows/Scalability.ini]
[2022.05.10-10.12.02:875][  0]LogConfig: Setting CVar [[r.MotionBlurQuality:4]]
[2022.05.10-10.12.02:875][  0]LogConfig: Setting CVar [[r.AmbientOcclusionMipLevelFactor:0.4]]
[2022.05.10-10.12.02:875][  0]LogConfig: Setting CVar [[r.AmbientOcclusionMaxQuality:100]]
[2022.05.10-10.12.02:875][  0]LogConfig: Setting CVar [[r.AmbientOcclusionLevels:-1]]
[2022.05.10-10.12.02:875][  0]LogConfig: Setting CVar [[r.AmbientOcclusionRadiusScale:1.0]]
[2022.05.10-10.12.02:875][  0]LogConfig: Setting CVar [[r.DepthOfFieldQuality:2]]
[2022.05.10-10.12.02:875][  0]LogConfig: Setting CVar [[r.RenderTargetPoolMin:400]]
[2022.05.10-10.12.02:875][  0]LogConfig: Setting CVar [[r.LensFlareQuality:2]]
[2022.05.10-10.12.02:875][  0]LogConfig: Setting CVar [[r.SceneColorFringeQuality:1]]
[2022.05.10-10.12.02:875][  0]LogConfig: Setting CVar [[r.EyeAdaptationQuality:2]]
[2022.05.10-10.12.02:875][  0]LogConfig: Setting CVar [[r.BloomQuality:5]]
[2022.05.10-10.12.02:875][  0]LogConfig: Setting CVar [[r.FastBlurThreshold:100]]
[2022.05.10-10.12.02:875][  0]LogConfig: Setting CVar [[r.Upscale.Quality:3]]
[2022.05.10-10.12.02:875][  0]LogConfig: Setting CVar [[r.Tonemapper.GrainQuantization:1]]
[2022.05.10-10.12.02:875][  0]LogConfig: Setting CVar [[r.LightShaftQuality:1]]
[2022.05.10-10.12.02:875][  0]LogConfig: Setting CVar [[r.Filter.SizeScale:1]]
[2022.05.10-10.12.02:875][  0]LogConfig: Setting CVar [[r.Tonemapper.Quality:5]]
[2022.05.10-10.12.02:875][  0]LogConfig: Setting CVar [[r.DOF.Gather.AccumulatorQuality:1        ; higher gathering accumulator quality]]
[2022.05.10-10.12.02:875][  0]LogConfig: Setting CVar [[r.DOF.Gather.PostfilterMethod:1          ; Median3x3 postfilering method]]
[2022.05.10-10.12.02:875][  0]LogConfig: Setting CVar [[r.DOF.Gather.EnableBokehSettings:0       ; no bokeh simulation when gathering]]
[2022.05.10-10.12.02:875][  0]LogConfig: Setting CVar [[r.DOF.Gather.RingCount:4                 ; medium number of samples when gathering]]
[2022.05.10-10.12.02:875][  0]LogConfig: Setting CVar [[r.DOF.Scatter.ForegroundCompositing:1    ; additive foreground scattering]]
[2022.05.10-10.12.02:875][  0]LogConfig: Setting CVar [[r.DOF.Scatter.BackgroundCompositing:2    ; additive background scattering]]
[2022.05.10-10.12.02:875][  0]LogConfig: Setting CVar [[r.DOF.Scatter.EnableBokehSettings:1      ; bokeh simulation when scattering]]
[2022.05.10-10.12.02:875][  0]LogConfig: Setting CVar [[r.DOF.Scatter.MaxSpriteRatio:0.1         ; only a maximum of 10% of scattered bokeh]]
[2022.05.10-10.12.02:875][  0]LogConfig: Setting CVar [[r.DOF.Recombine.Quality:1                ; cheap slight out of focus]]
[2022.05.10-10.12.02:875][  0]LogConfig: Setting CVar [[r.DOF.Recombine.EnableBokehSettings:0    ; no bokeh simulation on slight out of focus]]
[2022.05.10-10.12.02:875][  0]LogConfig: Setting CVar [[r.DOF.TemporalAAQuality:1                ; more stable temporal accumulation]]
[2022.05.10-10.12.02:875][  0]LogConfig: Setting CVar [[r.DOF.Kernel.MaxForegroundRadius:0.025]]
[2022.05.10-10.12.02:875][  0]LogConfig: Setting CVar [[r.DOF.Kernel.MaxBackgroundRadius:0.025]]
[2022.05.10-10.12.02:875][  0]LogConfig: Applying CVar settings from Section [TextureQuality@3] File [D:/MICAGIT/Mica/MicaProject/Saved/Config/Windows/Scalability.ini]
[2022.05.10-10.12.02:875][  0]LogConfig: Setting CVar [[r.Streaming.MipBias:0]]
[2022.05.10-10.12.02:875][  0]LogConfig: Setting CVar [[r.Streaming.AmortizeCPUToGPUCopy:0]]
[2022.05.10-10.12.02:875][  0]LogConfig: Setting CVar [[r.Streaming.MaxNumTexturesToStreamPerFrame:0]]
[2022.05.10-10.12.02:875][  0]LogConfig: Setting CVar [[r.Streaming.Boost:1]]
[2022.05.10-10.12.02:875][  0]LogConfig: Setting CVar [[r.MaxAnisotropy:8]]
[2022.05.10-10.12.02:875][  0]LogConfig: Setting CVar [[r.VT.MaxAnisotropy:8]]
[2022.05.10-10.12.02:875][  0]LogConfig: Setting CVar [[r.Streaming.LimitPoolSizeToVRAM:0]]
[2022.05.10-10.12.02:875][  0]LogConfig: Setting CVar [[r.Streaming.PoolSize:1000]]
[2022.05.10-10.12.02:875][  0]LogConfig: Setting CVar [[r.Streaming.MaxEffectiveScreenSize:0]]
[2022.05.10-10.12.02:875][  0]LogConfig: Applying CVar settings from Section [EffectsQuality@2] File [D:/MICAGIT/Mica/MicaProject/Saved/Config/Windows/Scalability.ini]
[2022.05.10-10.12.02:875][  0]LogConfig: Setting CVar [[r.TranslucencyLightingVolumeDim:48]]
[2022.05.10-10.12.02:875][  0]LogConfig: Setting CVar [[r.RefractionQuality:2]]
[2022.05.10-10.12.02:875][  0]LogConfig: Setting CVar [[r.SSR.Quality:2]]
[2022.05.10-10.12.02:875][  0]LogConfig: Setting CVar [[r.SSR.HalfResSceneColor:1]]
[2022.05.10-10.12.02:875][  0]LogConfig: Setting CVar [[r.SceneColorFormat:3]]
[2022.05.10-10.12.02:875][  0]LogConfig: Setting CVar [[r.DetailMode:1]]
[2022.05.10-10.12.02:875][  0]LogConfig: Setting CVar [[r.TranslucencyVolumeBlur:1]]
[2022.05.10-10.12.02:875][  0]LogConfig: Setting CVar [[r.MaterialQualityLevel:1 ; High quality]]
[2022.05.10-10.12.02:875][  0]LogConfig: Setting CVar [[r.AnisotropicMaterials:1]]
[2022.05.10-10.12.02:875][  0]LogConfig: Setting CVar [[r.SSS.Scale:1]]
[2022.05.10-10.12.02:875][  0]LogConfig: Setting CVar [[r.SSS.SampleSet:1]]
[2022.05.10-10.12.02:875][  0]LogConfig: Setting CVar [[r.SSS.Quality:-1]]
[2022.05.10-10.12.02:875][  0]LogConfig: Setting CVar [[r.SSS.HalfRes:1]]
[2022.05.10-10.12.02:875][  0]LogConfig: Setting CVar [[r.SSGI.Quality:2]]
[2022.05.10-10.12.02:875][  0]LogConfig: Setting CVar [[r.EmitterSpawnRateScale:0.5]]
[2022.05.10-10.12.02:875][  0]LogConfig: Setting CVar [[r.ParticleLightQuality:1]]
[2022.05.10-10.12.02:875][  0]LogConfig: Setting CVar [[r.SkyAtmosphere.AerialPerspectiveLUT.FastApplyOnOpaque:1 ; Always have FastSkyLUT 1 in this case to avoid wrong sky]]
[2022.05.10-10.12.02:875][  0]LogConfig: Setting CVar [[r.SkyAtmosphere.AerialPerspectiveLUT.SampleCountMaxPerSlice:2]]
[2022.05.10-10.12.02:875][  0]LogConfig: Setting CVar [[r.SkyAtmosphere.AerialPerspectiveLUT.DepthResolution:16.0]]
[2022.05.10-10.12.02:875][  0]LogConfig: Setting CVar [[r.SkyAtmosphere.FastSkyLUT:1]]
[2022.05.10-10.12.02:875][  0]LogConfig: Setting CVar [[r.SkyAtmosphere.FastSkyLUT.SampleCountMin:4.0]]
[2022.05.10-10.12.02:875][  0]LogConfig: Setting CVar [[r.SkyAtmosphere.FastSkyLUT.SampleCountMax:64.0]]
[2022.05.10-10.12.02:876][  0]LogConfig: Setting CVar [[r.SkyAtmosphere.SampleCountMin:4.0]]
[2022.05.10-10.12.02:876][  0]LogConfig: Setting CVar [[r.SkyAtmosphere.SampleCountMax:64.0]]
[2022.05.10-10.12.02:876][  0]LogConfig: Setting CVar [[r.SkyAtmosphere.TransmittanceLUT.UseSmallFormat:0]]
[2022.05.10-10.12.02:876][  0]LogConfig: Setting CVar [[r.SkyAtmosphere.TransmittanceLUT.SampleCount:10.0]]
[2022.05.10-10.12.02:876][  0]LogConfig: Setting CVar [[r.SkyAtmosphere.MultiScatteringLUT.SampleCount:15.0]]
[2022.05.10-10.12.02:876][  0]LogConfig: Setting CVar [[r.SkyLight.RealTimeReflectionCapture:1]]
[2022.05.10-10.12.02:876][  0]LogConfig: Applying CVar settings from Section [FoliageQuality@3] File [D:/MICAGIT/Mica/MicaProject/Saved/Config/Windows/Scalability.ini]
[2022.05.10-10.12.02:876][  0]LogConfig: Setting CVar [[foliage.DensityScale:1.0]]
[2022.05.10-10.12.02:876][  0]LogConfig: Setting CVar [[grass.DensityScale:1.0]]
[2022.05.10-10.12.02:876][  0]LogConfig: Applying CVar settings from Section [ShadingQuality@3] File [D:/MICAGIT/Mica/MicaProject/Saved/Config/Windows/Scalability.ini]
[2022.05.10-10.12.02:876][  0]LogConfig: Setting CVar [[r.HairStrands.SkyLighting.IntegrationType:2]]
[2022.05.10-10.12.02:876][  0]LogConfig: Setting CVar [[r.HairStrands.SkyAO.SampleCount:4]]
[2022.05.10-10.12.02:876][  0]LogConfig: Setting CVar [[r.HairStrands.Visibility.MSAA.SamplePerPixel:4]]
[2022.05.10-10.12.02:876][  0]LogConfig: Applying CVar settings from Section [Startup] File [../../../Engine/Config/ConsoleVariables.ini]
[2022.05.10-10.12.02:876][  0]LogConfig: Setting CVar [[net.UseAdaptiveNetUpdateFrequency:0]]
[2022.05.10-10.12.02:876][  0]LogConfig: Setting CVar [[p.chaos.AllowCreatePhysxBodies:1]]
[2022.05.10-10.12.02:876][  0]LogConfig: Setting CVar [[fx.SkipVectorVMBackendOptimizations:1]]
[2022.05.10-10.12.02:876][  0]LogConfig: Applying CVar settings from Section [ConsoleVariables] File [D:/MICAGIT/Mica/MicaProject/Saved/Config/Windows/Engine.ini]
[2022.05.10-10.12.02:876][  0]LogConfig: Applying CVar settings from Section [ConsoleVariables] File [D:/MICAGIT/Mica/MicaProject/Saved/Config/Windows/Editor.ini]
[2022.05.10-10.12.02:876][  0]LogInit: Computer: LAPTOP-IPEKU3NU
[2022.05.10-10.12.02:876][  0]LogInit: User: miabe
[2022.05.10-10.12.02:876][  0]LogInit: CPU Page size=4096, Cores=6
[2022.05.10-10.12.02:876][  0]LogInit: High frequency timer resolution =10.000000 MHz
[2022.05.10-10.12.02:876][  0]LogMemory: Memory total: Physical=15.8GB (16GB approx)
[2022.05.10-10.12.02:876][  0]LogMemory: Platform Memory Stats for Windows
[2022.05.10-10.12.02:876][  0]LogMemory: Process Physical Memory: 151.78 MB used, 152.21 MB peak
[2022.05.10-10.12.02:876][  0]LogMemory: Process Virtual Memory: 130.11 MB used, 130.11 MB peak
[2022.05.10-10.12.02:876][  0]LogMemory: Physical Memory: 9475.74 MB used,  6739.31 MB free, 16215.05 MB total
[2022.05.10-10.12.02:876][  0]LogMemory: Virtual Memory: 134206936.00 MB used,  10795.07 MB free, 134217728.00 MB total
[2022.05.10-10.12.02:883][  0]LogWindows: WindowsPlatformFeatures enabled
[2022.05.10-10.12.02:931][  0]LogInit: Physics initialised using underlying interface: PhysX
[2022.05.10-10.12.02:932][  0]LogInit: Using OS detected language (nb-NO).
[2022.05.10-10.12.02:932][  0]LogInit: Using OS detected locale (nb-NO).
[2022.05.10-10.12.02:938][  0]LogTextLocalizationManager: No localization for 'nb-NO' exists, so 'en' will be used for the language.
[2022.05.10-10.12.03:136][  0]LogInit: Setting process to per monitor DPI aware
[2022.05.10-10.12.03:155][  0]LogWindowsTextInputMethodSystem: Display: IME system deactivated.
[2022.05.10-10.12.03:169][  0]LogSlate: New Slate User Created.  User Index 0, Is Virtual User: 0
[2022.05.10-10.12.03:169][  0]LogSlate: Slate User Registered.  User Index 0, Is Virtual User: 0
[2022.05.10-10.12.03:329][  0]LogD3D11RHI: Loaded GFSDK_Aftermath_Lib.x64.dll
[2022.05.10-10.12.03:393][  0]LogHMD: Failed to initialize OpenVR with code 108
[2022.05.10-10.12.03:393][  0]LogD3D11RHI: D3D11 min allowed feature level: 11_0
[2022.05.10-10.12.03:393][  0]LogD3D11RHI: D3D11 max allowed feature level: 11_0
[2022.05.10-10.12.03:393][  0]LogD3D11RHI: D3D11 adapters:
[2022.05.10-10.12.03:502][  0]LogD3D11RHI:    0. 'NVIDIA GeForce RTX 2060' (Feature Level 11_0)
[2022.05.10-10.12.03:502][  0]LogD3D11RHI:       5980/0/8107 MB DedicatedVideo/DedicatedSystem/SharedSystem, Outputs:1, VendorId:0x10de
[2022.05.10-10.12.03:558][  0]LogD3D11RHI:    1. 'Intel(R) UHD Graphics' (Feature Level 11_0)
[2022.05.10-10.12.03:558][  0]LogD3D11RHI:       128/0/8107 MB DedicatedVideo/DedicatedSystem/SharedSystem, Outputs:1, VendorId:0x8086
[2022.05.10-10.12.03:562][  0]LogD3D11RHI:    2. 'Microsoft Basic Render Driver' (Feature Level 11_0)
[2022.05.10-10.12.03:562][  0]LogD3D11RHI:       0/0/8107 MB DedicatedVideo/DedicatedSystem/SharedSystem, Outputs:0, VendorId:0x1414
[2022.05.10-10.12.03:562][  0]LogD3D11RHI: Chosen D3D11 Adapter:
[2022.05.10-10.12.03:562][  0]LogD3D11RHI:     Description : NVIDIA GeForce RTX 2060
[2022.05.10-10.12.03:562][  0]LogD3D11RHI:     VendorId    : 10de
[2022.05.10-10.12.03:562][  0]LogD3D11RHI:     DeviceId    : 1f15
[2022.05.10-10.12.03:562][  0]LogD3D11RHI:     SubSysId    : 143e1025
[2022.05.10-10.12.03:562][  0]LogD3D11RHI:     Revision    : 00a1
[2022.05.10-10.12.03:562][  0]LogD3D11RHI:     DedicatedVideoMemory : 6270484480 bytes
[2022.05.10-10.12.03:562][  0]LogD3D11RHI:     DedicatedSystemMemory : 0 bytes
[2022.05.10-10.12.03:563][  0]LogD3D11RHI:     SharedSystemMemory : 8501356544 bytes
[2022.05.10-10.12.03:563][  0]LogD3D11RHI:     AdapterLuid : 0 92185
[2022.05.10-10.12.03:570][  0]LogD3D11RHI: Creating new Direct3DDevice
[2022.05.10-10.12.03:570][  0]LogD3D11RHI:     GPU DeviceId: 0x1f15 (for the marketing name, search the web for "GPU Device Id")
[2022.05.10-10.12.03:570][  0]LogWindows: EnumDisplayDevices:
[2022.05.10-10.12.03:570][  0]LogWindows:    0. 'Intel(R) UHD Graphics' (P:0 D:1)
[2022.05.10-10.12.03:570][  0]LogWindows:    1. 'Intel(R) UHD Graphics' (P:0 D:0)
[2022.05.10-10.12.03:570][  0]LogWindows:    2. 'Intel(R) UHD Graphics' (P:0 D:0)
[2022.05.10-10.12.03:571][  0]LogWindows:    3. 'NVIDIA GeForce RTX 2060' (P:1 D:1)
[2022.05.10-10.12.03:571][  0]LogWindows: DebugString: PrimaryIsNotTheChoosenAdapter PrimaryIsNotTheChoosenAdapter PrimaryIsNotTheChoosenAdapter 
[2022.05.10-10.12.03:571][  0]LogD3D11RHI:     Adapter Name: NVIDIA GeForce RTX 2060
[2022.05.10-10.12.03:571][  0]LogD3D11RHI:   Driver Version: 462.31 (internal:27.21.14.6231, unified:462.31)
[2022.05.10-10.12.03:571][  0]LogD3D11RHI:      Driver Date: 4-8-2021
[2022.05.10-10.12.03:571][  0]LogRHI: Texture pool is 4186 MB (70% of 5980 MB)
[2022.05.10-10.12.03:571][  0]LogD3D11RHI: Creating D3DDevice using adapter:
[2022.05.10-10.12.03:571][  0]LogD3D11RHI:     Description : NVIDIA GeForce RTX 2060
[2022.05.10-10.12.03:571][  0]LogD3D11RHI:     VendorId    : 10de
[2022.05.10-10.12.03:571][  0]LogD3D11RHI:     DeviceId    : 1f15
[2022.05.10-10.12.03:571][  0]LogD3D11RHI:     SubSysId    : 143e1025
[2022.05.10-10.12.03:571][  0]LogD3D11RHI:     Revision    : 00a1
[2022.05.10-10.12.03:571][  0]LogD3D11RHI:     DedicatedVideoMemory : 6270484480 bytes
[2022.05.10-10.12.03:571][  0]LogD3D11RHI:     DedicatedSystemMemory : 0 bytes
[2022.05.10-10.12.03:571][  0]LogD3D11RHI:     SharedSystemMemory : 8501356544 bytes
[2022.05.10-10.12.03:571][  0]LogD3D11RHI:     AdapterLuid : 0 92185
[2022.05.10-10.12.03:648][  0]LogD3D11RHI: RHI has support for 64 bit atomics
[2022.05.10-10.12.03:648][  0]LogD3D11RHI: Async texture creation enabled
[2022.05.10-10.12.03:648][  0]LogD3D11RHI: Array index from any shader is supported
[2022.05.10-10.12.03:676][  0]LogD3D11RHI: GPU Timing Frequency: 1000.000000 (Debug: 2 2)
[2022.05.10-10.12.03:704][  0]LogRHI: GeForceNow SDK initialized: 1
[2022.05.10-10.12.04:019][  0]LogTargetPlatformManager: Display: Loaded TargetPlatform 'AllDesktop'
[2022.05.10-10.12.04:039][  0]LogTargetPlatformManager: Display: Loaded TargetPlatform 'Android'
[2022.05.10-10.12.04:040][  0]LogTargetPlatformManager: Display: Loaded TargetPlatform 'Android_ASTC'
[2022.05.10-10.12.04:040][  0]LogTargetPlatformManager: Display: Loaded TargetPlatform 'Android_DXT'
[2022.05.10-10.12.04:040][  0]LogTargetPlatformManager: Display: Loaded TargetPlatform 'Android_ETC2'
[2022.05.10-10.12.04:040][  0]LogTargetPlatformManager: Display: Loaded TargetPlatform 'AndroidClient'
[2022.05.10-10.12.04:040][  0]LogTargetPlatformManager: Display: Loaded TargetPlatform 'Android_ASTCClient'
[2022.05.10-10.12.04:040][  0]LogTargetPlatformManager: Display: Loaded TargetPlatform 'Android_DXTClient'
[2022.05.10-10.12.04:040][  0]LogTargetPlatformManager: Display: Loaded TargetPlatform 'Android_ETC2Client'
[2022.05.10-10.12.04:040][  0]LogTargetPlatformManager: Display: Loaded TargetPlatform 'Android_Multi'
[2022.05.10-10.12.04:040][  0]LogTargetPlatformManager: Display: Loaded TargetPlatform 'Android_MultiClient'
[2022.05.10-10.12.04:059][  0]LogTargetPlatformManager: Display: Loaded TargetPlatform 'IOSClient'
[2022.05.10-10.12.04:059][  0]LogTargetPlatformManager: Display: Loaded TargetPlatform 'IOS'
[2022.05.10-10.12.04:070][  0]LogTargetPlatformManager: Display: Loaded TargetPlatform 'Linux'
[2022.05.10-10.12.04:074][  0]LogTargetPlatformManager: Display: Loaded TargetPlatform 'LinuxNoEditor'
[2022.05.10-10.12.04:079][  0]LogTargetPlatformManager: Display: Loaded TargetPlatform 'LinuxClient'
[2022.05.10-10.12.04:086][  0]LogTargetPlatformManager: Display: Loaded TargetPlatform 'LinuxServer'
[2022.05.10-10.12.04:095][  0]LogTargetPlatformManager: Display: Loaded TargetPlatform 'LinuxAArch64NoEditor'
[2022.05.10-10.12.04:101][  0]LogTargetPlatformManager: Display: Loaded TargetPlatform 'LinuxAArch64Client'
[2022.05.10-10.12.04:106][  0]LogTargetPlatformManager: Display: Loaded TargetPlatform 'LinuxAArch64Server'
[2022.05.10-10.12.04:128][  0]LogTargetPlatformManager: Display: Loaded TargetPlatform 'Lumin'
[2022.05.10-10.12.04:128][  0]LogTargetPlatformManager: Display: Loaded TargetPlatform 'LuminClient'
[2022.05.10-10.12.04:137][  0]LogTargetPlatformManager: Display: Loaded TargetPlatform 'MacNoEditor'
[2022.05.10-10.12.04:142][  0]LogTargetPlatformManager: Display: Loaded TargetPlatform 'Mac'
[2022.05.10-10.12.04:146][  0]LogTargetPlatformManager: Display: Loaded TargetPlatform 'MacClient'
[2022.05.10-10.12.04:151][  0]LogTargetPlatformManager: Display: Loaded TargetPlatform 'MacServer'
[2022.05.10-10.12.04:160][  0]LogTargetPlatformManager: Display: Loaded TargetPlatform 'TVOSClient'
[2022.05.10-10.12.04:160][  0]LogTargetPlatformManager: Display: Loaded TargetPlatform 'TVOS'
[2022.05.10-10.12.04:170][  0]LogTargetPlatformManager: Display: Loaded TargetPlatform 'WindowsNoEditor'
[2022.05.10-10.12.04:176][  0]LogTargetPlatformManager: Display: Loaded TargetPlatform 'Windows'
[2022.05.10-10.12.04:182][  0]LogTargetPlatformManager: Display: Loaded TargetPlatform 'WindowsClient'
[2022.05.10-10.12.04:187][  0]LogTargetPlatformManager: Display: Loaded TargetPlatform 'WindowsServer'
[2022.05.10-10.12.04:187][  0]LogTargetPlatformManager: Display: Building Assets For Windows
[2022.05.10-10.12.04:199][  0]LogAudioDebug: Display: Lib vorbis DLL was dynamically loaded.
[2022.05.10-10.12.04:239][  0]LogTextureFormatOodle: Display: Oodle Texture 2.9.0 init RDO Off
[2022.05.10-10.12.04:283][  0]LogRendererCore: Ray tracing is disabled. Reason: r.RayTracing=0.
[2022.05.10-10.12.04:283][  0]LogShaderCompilers: Guid format shader working directory is 18 characters bigger than the processId version (D:/MICAGIT/Mica/MicaProject/Intermediate/Shaders/WorkingDirectory/34232/).
[2022.05.10-10.12.04:284][  0]LogShaderCompilers: Cleaned the shader compiler working directory 'C:/Users/miabe/AppData/Local/Temp/UnrealShaderWorkingDir/C849A3994BB11DC314AA0D9E01ED3717/'.
[2022.05.10-10.12.04:284][  0]LogXGEController: Cannot use XGE Controller as Incredibuild is not installed on this machine.
[2022.05.10-10.12.04:284][  0]LogShaderCompilers: Cannot use XGE Shader Compiler as Incredibuild is not installed on this machine.
[2022.05.10-10.12.04:284][  0]LogShaderCompilers: Display: Using Local Shader Compiler.
[2022.05.10-10.12.05:035][  0]LogDerivedDataCache: Display: Max Cache Size: 512 MB
[2022.05.10-10.12.05:107][  0]LogDerivedDataCache: Loaded boot cache 0.07s 100MB C:/Users/miabe/AppData/Local/UnrealEngine/4.27/DerivedDataCache/Boot.ddc.
[2022.05.10-10.12.05:107][  0]LogDerivedDataCache: Display: Loaded Boot cache: C:/Users/miabe/AppData/Local/UnrealEngine/4.27/DerivedDataCache/Boot.ddc
[2022.05.10-10.12.05:107][  0]LogDerivedDataCache: FDerivedDataBackendGraph:  Pak pak cache file D:/MICAGIT/Mica/MicaProject/DerivedDataCache/DDC.ddp not found, will not use a pak cache.
[2022.05.10-10.12.05:107][  0]LogDerivedDataCache: Unable to find inner node Pak for hierarchical cache Hierarchy.
[2022.05.10-10.12.05:108][  0]LogDerivedDataCache: FDerivedDataBackendGraph:  CompressedPak pak cache file D:/MICAGIT/Mica/MicaProject/DerivedDataCache/Compressed.ddp not found, will not use a pak cache.
[2022.05.10-10.12.05:108][  0]LogDerivedDataCache: Unable to find inner node CompressedPak for hierarchical cache Hierarchy.
[2022.05.10-10.12.05:125][  0]LogDerivedDataCache: Display: Pak cache opened for reading ../../../Engine/DerivedDataCache/Compressed.ddp.
[2022.05.10-10.12.05:125][  0]LogDerivedDataCache: FDerivedDataBackendGraph:  EnterprisePak pak cache file ../../../Enterprise/DerivedDataCache/Compressed.ddp not found, will not use a pak cache.
[2022.05.10-10.12.05:125][  0]LogDerivedDataCache: Unable to find inner node EnterprisePak for hierarchical cache Hierarchy.
[2022.05.10-10.12.05:137][  0]LogDerivedDataCache: Speed tests for C:/Users/miabe/AppData/Local/UnrealEngine/Common/DerivedDataCache took 0.01 seconds
[2022.05.10-10.12.05:137][  0]LogDerivedDataCache: Display: Performance to C:/Users/miabe/AppData/Local/UnrealEngine/Common/DerivedDataCache: Latency=0.03ms. RandomReadSpeed=853.00MBs, RandomWriteSpeed=89.21MBs. Assigned SpeedClass 'Local'
[2022.05.10-10.12.05:137][  0]LogDerivedDataCache: Using Local data cache path C:/Users/miabe/AppData/Local/UnrealEngine/Common/DerivedDataCache: Writable
[2022.05.10-10.12.05:137][  0]LogDerivedDataCache: Shared data cache path not found in *engine.ini, will not use an Shared cache.
[2022.05.10-10.12.05:137][  0]LogDerivedDataCache: Unable to find inner node Shared for hierarchical cache Hierarchy.
[2022.05.10-10.12.05:179][  0]LogSlate: Using FreeType 2.10.0
[2022.05.10-10.12.05:179][  0]LogSlate: SlateFontServices - WITH_FREETYPE: 1, WITH_HARFBUZZ: 1
[2022.05.10-10.12.05:202][  0]LogAssetRegistry: FAssetRegistry took 0.0022 seconds to start up
[2022.05.10-10.12.05:523][  0]LogInit: Selected Device Profile: [Windows]
[2022.05.10-10.12.05:523][  0]LogInit: Active device profile: [000002282F1D7800][00000228304ED100 49] Windows
[2022.05.10-10.12.05:523][  0]LogInit: Profiles: [000002282F1D7800][00000228304ED100 49] Windows, [000002282F198A00][00000228304F5280 49] WindowsNoEditor, [000002282F1D4900][00000228304F9400 49] WindowsServer, [000002282F19B700][00000228304FD580 49] WindowsClient, [000002282F1D7600][0000022830501700 49] IOS, [000002282F198D00][0000022830505880 49] iPadAir, [000002282F1D4C00][0000022830509A00 49] iPadAir2, [000002282F12C800][00000228236AA140 49] IPadPro, [000002282F12C900][000002283050C180 49] iPadAir3, [000002282F1D7300][00000228236B4300 49] iPadAir4, [000002282F12F900][00000228236B8480 49] iPadMini2, [000002282F1D5000][00000228304F05C0 49] iPadMini3, [000002282F12D700][00000228233E8700 49] iPadMini4, [000002282F1D6D00][00000228233EC840 49] iPadMini5, [000002282F199D00][00000228233F8AC0 49] iPhone6, [000002282F19AE00][00000228233F0B00 49] iPodTouch6, [000002282F03FE00][0000022823400DC0 49] iPhone7, [000002282F03FF00][00000228233FCE00 49] iPodTouch7, [000002282F19BF00][0000022823404F80 49] iPhone5S, [000002282F03CE00][0000022823409100 49] iPhone6Plus, [000002282F199000][000002282340D280 49] iPhone6S, [000002282F03F000][0000022823453400 49] iPhone6SPlus, [000002282F198500][0000022823457580 49] iPhone7Plus, [000002282F03D300][00000228239E7700 49] iPhoneSE, [000002282F19A300][00000228239EB880 49] iPhone8, [000002282F03EB00][00000228239EFA00 49] iPhone8Plus, [000002282F198700][00000228239F3B80 49] iPhoneX, [000002282F03D800][00000228239F6180 49] iPhoneXS, [000002282F199E00][00000228239FA300 49] iPhoneXSMax, [000002282F03FC00][00000228239FE480 49] iPhoneXR, [000002282F199500][0000022823A02600 49] iPhone11, [000002282F03CC00][00000228233F4740 49] iPhone11Pro, [000002282F19BA00][0000022823A06880 49] iPhone11ProMax, [000002282F03ED00][0000022823A0A9C0 49] iPhoneSE2, [000002282F19BE00][0000022823A0EB00 49] iPhone12Mini, [000002282F03F800][0000022823A16C80 49] iPhone12, [000002282F198E00][0000022823A1AE00 49] iPhone12Pro, [000002282F03E700][0000022823A1EF80 49] iPhone12ProMax, [000002282F199100][0000022823A23100 49] iPadPro105, [000002282F03D200][0000022823A27280 49] iPadPro129, [000002282F19A000][0000022823A2B400 49] iPadPro97, [000002282F03D100][0000022823A2F580 49] iPadPro2_129, [000002282F19A100][0000022823A33700 49] iPad5, [000002282F03F200][0000022823A37880 49] iPad6, [000002282F199B00][0000022823A3BA00 49] iPad7, [000002282F03EC00][0000022823A3FB80 49] iPad8, [000002282F19B600][0000022823A42180 49] iPadPro11, [000002282F03CF00][0000022823A46300 49] iPadPro2_11, [000002282F198400][0000022823A4A480 49] iPadPro3_129, [000002282F03D500][0000022823A4E600 49] iPadPro4_129, [000002282F19B300][0000022823A52780 49] AppleTV, [000002282F03F700][0000022823A56900 49] AppleTV4K, [000002282F199900][0000022823A12A40 49] TVOS, [000002282F03C900][0000022823A5AB80 49] Mac, [000002282F19B800][0000022823A5ECC0 49] MacClient, [000002282F03E000][0000022823A66E40 49] MacNoEditor, [000002282F19B500][0000022823A6AFC0 49] MacServer, [000002282F03C500][000002283065B140 49] Linux, [000002282F19AC00][000002283065F2C0 49] LinuxAArch64, [000002282F03D400][0000022830667440 49] LinuxNoEditor, [000002282F19B100][000002283066B5C0 49] LinuxAArch64NoEditor, [000002282F03E400][000002283066F740 49] LinuxClient, [000002282F19B400][00000228306738C0 49] LinuxAArch64Client, [000002282F03CB00][0000022830677A40 49] LinuxServer, [000002282F199C00][000002283067BBC0 49] LinuxAArch64Server, [000002282F03D000][000002283067E1C0 49] Android, [000002282F19A200][0000022830682340 49] Android_Low, [000002282F12D400][00000228306864C0 49] Android_Mid, [000002282F245900][000002283068A640 49] Android_High, [000002282F12CB00][000002283068E7C0 49] Android_Default, [000002282F244D00][0000022830692940 49] Android_Adreno4xx, [000002282F12EB00][0000022830696AC0 49] Android_Adreno5xx_Low, [000002282F244100][0000022823A62C00 49] Android_Adreno5xx, [000002282F12E800][000002283069AD40 49] Android_Adreno6xx, [000002282F244B00][000002283075EE80 49] Android_Adreno6xx_Vulkan, [000002282F12CD00][0000022830762FC0 49] Android_Mali_T6xx, [000002282F245400][000002283076B140 49] Android_Mali_T7xx, [000002282F12E400][000002283076F2C0 49] Android_Mali_T8xx, [000002282F244500][0000022830773440 49] Android_Mali_G71, [000002282F12C500][00000228307775C0 49] Android_Mali_G72, [000002282F244F00][000002283077B740 49] Android_Mali_G72_Vulkan, [000002282F12EE00][000002283077F8C0 49] Android_Mali_G76, [000002282F245B00][0000022830783A40 49] Android_Mali_G76_Vulkan, [000002282F12D100][0000022830787BC0 49] Android_Mali_G77, [000002282F246000][000002283078A1C0 49] Android_Mali_G77_Vulkan, [000002282F12D900][000002283078E340 49] Android_Mali_G78, [000002282F244200][00000228307924C0 49] Android_Mali_G78_Vulkan, [000002282F12D500][0000022830796640 49] Android_Mali_G710, [000002282F245500][000002283079A7C0 49] Android_Mali_G710_Vulkan, [000002282F12F700][000002283079E940 49] Android_Vulkan_SM5, [000002282F246700][00000228307A2AC0 49] Android_PowerVR_G6xxx, [000002282F12FF00][00000228307A6C40 49] Android_PowerVR_GT7xxx, [000002282F244E00][0000022830766D80 49] Android_PowerVR_GE8xxx, [000002282F12E900][00000228307DAEC0 49] Android_PowerVR_GM9xxx, [000002282F244800][00000228307E3000 49] Android_PowerVR_GM9xxx_Vulkan, [000002282F199700][00000228307E7140 49] Android_TegraK1, [000002282F03CA00][00000228307EF2C0 49] Android_Unknown_Vulkan, [000002282F199F00][00000228307F3440 49] Lumin, [000002282F03D900][00000228307F75C0 49] Lumin_Desktop, [000002282F19AA00][00000228307FB740 49] HoloLens, 
[2022.05.10-10.12.05:670][  0]LogMeshReduction: Using QuadricMeshReduction for automatic static mesh reduction
[2022.05.10-10.12.05:670][  0]LogMeshReduction: Using SimplygonMeshReduction for automatic skeletal mesh reduction
[2022.05.10-10.12.05:670][  0]LogMeshReduction: Using ProxyLODMeshReduction for automatic mesh merging
[2022.05.10-10.12.05:670][  0]LogMeshReduction: No distributed automatic mesh merging module available
[2022.05.10-10.12.05:670][  0]LogMeshMerging: No distributed automatic mesh merging module available
[2022.05.10-10.12.05:692][  0]LogNetVersion: MicaProject 1.0.0, NetCL: 17155196, EngineNetVer: 17, GameNetVer: 0 (Checksum: 4196606621)
[2022.05.10-10.12.06:204][  0]LogTexture: Default maximum texture size for cubemaps generated from long-lat sources has been changed from 512 to unlimited. In order to preserve old behaiour for '/Engine/MapTemplates/Sky/DaylightAmbientCubemap.DaylightAmbientCubemap', its maximum texture size has been explicitly set to 512.
[2022.05.10-10.12.06:281][  0]LogHMD: PokeAHoleMaterial loaded successfully
[2022.05.10-10.12.06:289][  0]LogUObjectArray: 17178 objects as part of root set at end of initial load.
[2022.05.10-10.12.06:289][  0]LogUObjectAllocator: 4302048 out of 0 bytes used by permanent object pool.
[2022.05.10-10.12.06:289][  0]LogUObjectArray: CloseDisregardForGC: 0/0 objects in disregard for GC pool
[2022.05.10-10.12.06:615][  0]LogNiagaraDebuggerClient: Niagara Debugger Client Initialized | Session: 51F685E44BA6FCC56FD09482DCB4B133 | Instance: DA1A6F80494445F72B582DAE73C20BA4 (LAPTOP-IPEKU3NU-34232).
[2022.05.10-10.12.06:753][  0]LogPython: Using Python 3.7.7
[2022.05.10-10.12.07:264][  0]LogTcpMessaging: Initializing TcpMessaging bridge
[2022.05.10-10.12.07:270][  0]LogUdpMessaging: Initializing bridge on interface 0.0.0.0:0 to multicast group 230.0.0.1:6666.
[2022.05.10-10.12.07:705][  0]SourceControl: Source control is disabled
[2022.05.10-10.12.07:705][  0]SourceControl: Source control is disabled
[2022.05.10-10.12.07:709][  0]SourceControl: Source control is disabled
[2022.05.10-10.12.07:718][  0]SourceControl: Source control is disabled
[2022.05.10-10.12.07:724][  0]LogUProjectInfo: Found projects:
[2022.05.10-10.12.07:739][  0]SourceControl: Source control is disabled
[2022.05.10-10.12.07:842][  0]LogOpenImageDenoise: OIDN starting up
[2022.05.10-10.12.07:858][  0]LogAndroidPermission: UAndroidPermissionCallbackProxy::GetInstance
[2022.05.10-10.12.07:884][  0]LogAudioCaptureCore: Display: No Audio Capture implementations found. Audio input will be silent.
[2022.05.10-10.12.07:884][  0]LogAudioCaptureCore: Display: No Audio Capture implementations found. Audio input will be silent.
[2022.05.10-10.12.08:026][  0]LogCollectionManager: Loaded 0 collections in 0.001415 seconds
[2022.05.10-10.12.08:060][  0]LogFileCache: Scanning file cache for directory 'D:/MICAGIT/Mica/MicaProject/Saved/Collections/' took 0.00s
[2022.05.10-10.12.08:060][  0]LogFileCache: Scanning file cache for directory 'D:/MICAGIT/Mica/MicaProject/Content/Developers/miabe/Collections/' took 0.00s
[2022.05.10-10.12.08:060][  0]LogFileCache: Scanning file cache for directory 'D:/MICAGIT/Mica/MicaProject/Content/Collections/' took 0.00s
[2022.05.10-10.12.08:060][  0]LogOcInput: OculusInput pre-init called
[2022.05.10-10.12.08:561][  0]LogClass: Display: Int8Property FMTSJson::version is not initialized properly. Module:MegascansPlugin File:Private/Utilities/MTSReader.h
[2022.05.10-10.12.08:561][  0]LogClass: Display: Int16Property FMTSJson::resolutionValue is not initialized properly. Module:MegascansPlugin File:Private/Utilities/MTSReader.h
[2022.05.10-10.12.08:561][  0]LogClass: Display: BoolProperty FMTSJson::isExternal is not initialized properly. Module:MegascansPlugin File:Private/Utilities/MTSReader.h
[2022.05.10-10.12.08:561][  0]LogClass: Display: Int8Property FMTSJson::meshVersion is not initialized properly. Module:MegascansPlugin File:Private/Utilities/MTSReader.h
[2022.05.10-10.12.08:561][  0]LogClass: Display: BoolProperty FMTSJson::isCustom is not initialized properly. Module:MegascansPlugin File:Private/Utilities/MTSReader.h
[2022.05.10-10.12.08:561][  0]LogClass: Display: BoolProperty FMTSJson::isModularAsset is not initialized properly. Module:MegascansPlugin File:Private/Utilities/MTSReader.h
[2022.05.10-10.12.08:561][  0]LogClass: Display: Int8Property FLodList::variation is not initialized properly. Module:MegascansPlugin File:Private/Utilities/MTSReader.h
[2022.05.10-10.12.08:561][  0]LogClass: Display: Int16Property FMeshList::resolution is not initialized properly. Module:MegascansPlugin File:Private/Utilities/MTSReader.h
[2022.05.10-10.12.08:561][  0]LogClass: Display: Int16Property FComponents::resolution is not initialized properly. Module:MegascansPlugin File:Private/Utilities/MTSReader.h
[2022.05.10-10.12.08:561][  0]LogClass: Display: BoolProperty FTextureSets::isUdim is not initialized properly. Module:MegascansPlugin File:Private/Utilities/MTSReader.h
[2022.05.10-10.12.08:561][  0]LogClass: Display: BoolProperty FMeta::value is not initialized properly. Module:MegascansPlugin File:Private/Utilities/MTSReader.h
[2022.05.10-10.12.08:561][  0]LogClass: Display: 11 Uninitialized script struct members found including 0 object properties
[2022.05.10-10.12.08:562][  0]LogEngine: Initializing Engine...
[2022.05.10-10.12.08:642][  0]LogHMD: Failed to initialize OpenVR with code 108
[2022.05.10-10.12.08:661][  0]LogHMD: Optional extension XR_VARJO_quad_views is not available
[2022.05.10-10.12.08:661][  0]LogHMD: Warning: Required extension XR_EXT_eye_gaze_interaction is not available
[2022.05.10-10.12.08:661][  0]LogHMD: Could not enable all required OpenXR extensions for OpenXREyeTracker on current system. This plugin will be loaded but ignored, but will be enabled on a target platform that supports the required extension.
[2022.05.10-10.12.08:715][  0]LogHMD: Failed to create an OpenXR instance, result is XR_ERROR_RUNTIME_FAILURE. Please check if you have an OpenXR runtime installed. The following extensions were enabled:
[2022.05.10-10.12.08:716][  0]LogHMD: - XR_KHR_D3D11_enable
[2022.05.10-10.12.08:716][  0]LogHMD: - XR_KHR_D3D12_enable
[2022.05.10-10.12.08:716][  0]LogHMD: - XR_KHR_opengl_enable
[2022.05.10-10.12.08:716][  0]LogHMD: - XR_KHR_vulkan_enable
[2022.05.10-10.12.08:716][  0]LogHMD: - XR_KHR_composition_layer_depth
[2022.05.10-10.12.08:716][  0]LogHMD: - XR_KHR_visibility_mask
[2022.05.10-10.12.08:716][  0]LogHMD: - XR_EXT_hand_tracking
[2022.05.10-10.12.08:716][  0]LogMagicLeap: Warning: VR disabled because ZI is not enabled.  To enable, in the editor, Edit -> Project Settings -> Plugins -> Magic Leap Plugin -> Enable Zero Iteration
[2022.05.10-10.12.08:717][  0]LogStats: UGameplayTagsManager::InitializeManager -  0.000 s
[2022.05.10-10.12.08:873][  0]LogInit: Initializing FReadOnlyCVARCache
[2022.05.10-10.12.08:880][  0]LogAIModule: Creating AISystem for world Untitled
[2022.05.10-10.12.08:882][  0]LogAudio: Display: Initializing Audio Device Manager...
[2022.05.10-10.12.08:887][  0]LogAudio: Display: Loading Default Audio Settings Objects...
[2022.05.10-10.12.08:888][  0]LogAudio: Display: No default SoundConcurrencyObject specified (or failed to load).
[2022.05.10-10.12.08:888][  0]LogAudio: Display: Audio Device Manager Initialized
[2022.05.10-10.12.08:888][  0]LogAudio: Display: Creating Audio Device:                 Id: 1, Scope: Shared, Realtime: True
[2022.05.10-10.12.08:888][  0]LogAudioMixer: Display: Audio Mixer Platform Settings:
[2022.05.10-10.12.08:888][  0]LogAudioMixer: Display: 	Sample Rate:						  48000
[2022.05.10-10.12.08:888][  0]LogAudioMixer: Display: 	Callback Buffer Frame Size Requested: 1024
[2022.05.10-10.12.08:888][  0]LogAudioMixer: Display: 	Callback Buffer Frame Size To Use:	  1024
[2022.05.10-10.12.08:888][  0]LogAudioMixer: Display: 	Number of buffers to queue:			  2
[2022.05.10-10.12.08:888][  0]LogAudioMixer: Display: 	Max Channels (voices):				  32
[2022.05.10-10.12.08:888][  0]LogAudioMixer: Display: 	Number of Async Source Workers:		  0
[2022.05.10-10.12.08:888][  0]LogAudio: Display: AudioDevice MaxSources: 32
[2022.05.10-10.12.08:889][  0]LogAudio: Display: Audio Spatialization Plugin: None (built-in).
[2022.05.10-10.12.08:889][  0]LogAudio: Display: Audio Reverb Plugin: None (built-in).
[2022.05.10-10.12.08:889][  0]LogAudio: Display: Audio Occlusion Plugin: None (built-in).
[2022.05.10-10.12.08:889][  0]LogAudioMixer: Display: Initializing audio mixer.
[2022.05.10-10.12.08:913][  0]LogAudioMixer: Display: 0: FrontLeft
[2022.05.10-10.12.08:913][  0]LogAudioMixer: Display: 1: FrontRight
[2022.05.10-10.12.09:073][  0]LogAudioMixer: Display: Using Audio Device Headphones (Realtek(R) Audio)
[2022.05.10-10.12.09:075][  0]LogAudioMixer: Display: Initializing Sound Submixes...
[2022.05.10-10.12.09:077][  0]LogAudioMixer: Display: Creating Master Submix 'MasterSubmixDefault'
[2022.05.10-10.12.09:077][  0]LogAudioMixer: Display: Creating Master Submix 'MasterReverbSubmixDefault'
[2022.05.10-10.12.09:078][  0]LogAudioMixer: Display: Creating Master Submix 'MasterEQSubmixDefault'
[2022.05.10-10.12.09:078][  0]LogAudioMixer: FMixerPlatformXAudio2::StartAudioStream() called
[2022.05.10-10.12.09:078][  0]LogAudioMixer: Display: Output buffers initialized: Frames=1024, Channels=2, Samples=2048
[2022.05.10-10.12.09:079][  0]LogAudioMixer: Display: Starting AudioMixerPlatformInterface::RunInternal()
[2022.05.10-10.12.09:079][  0]LogAudioMixer: Display: FMixerPlatformXAudio2::SubmitBuffer() called for the first time
[2022.05.10-10.12.09:079][  0]LogInit: FAudioDevice initialized.
[2022.05.10-10.12.09:080][  0]LogAudio: Display: Audio Device (ID: 1) registered with world 'Untitled'.
[2022.05.10-10.12.09:080][  0]LogNetVersion: Set ProjectVersion to 1.0.0.0. Version Checksum will be recalculated on next use.
[2022.05.10-10.12.09:131][  0]LogDerivedDataCache: Saved boot cache 0.05s 94MB C:/Users/miabe/AppData/Local/UnrealEngine/4.27/DerivedDataCache/Boot.ddc.
[2022.05.10-10.12.09:135][  0]LogInit: Texture streaming: Enabled
[2022.05.10-10.12.09:148][  0]LogAnalytics: Display: [UEEditor.Rocket.Release] APIServer = https://datarouter.ol.epicgames.com/. AppVersion = 4.27.2-18319896+++UE4+Release-4.27
[2022.05.10-10.12.09:153][  0]LogEngineSessionManager: EngineSessionManager initialized
[2022.05.10-10.12.09:153][  0]LogEditorSessionSummary: Verbose: Initializing EditorSessionSummaryWriter for editor session tracking
[2022.05.10-10.12.09:159][  0]LogEditorSessionSummary: EditorSessionSummaryWriter initialized
[2022.05.10-10.12.09:211][  0]LogInit: Transaction tracking system initialized
[2022.05.10-10.12.09:237][  0]BlueprintLog: New page: Editor Load
[2022.05.10-10.12.09:308][  0]LocalizationService: Localization service is disabled
[2022.05.10-10.12.09:339][  0]TimingProfiler: Initialize
[2022.05.10-10.12.09:339][  0]TimingProfiler: OnSessionChanged
[2022.05.10-10.12.09:339][  0]LoadingProfiler: Initialize
[2022.05.10-10.12.09:339][  0]LoadingProfiler: OnSessionChanged
[2022.05.10-10.12.09:339][  0]NetworkingProfiler: Initialize
[2022.05.10-10.12.09:339][  0]NetworkingProfiler: OnSessionChanged
[2022.05.10-10.12.09:339][  0]MemoryProfiler: Initialize
[2022.05.10-10.12.09:339][  0]MemoryProfiler: OnSessionChanged
[2022.05.10-10.12.09:569][  0]LogCook: Display: CookSettings for Memory: MemoryMaxUsedVirtual 0MiB, MemoryMaxUsedPhysical 16384MiB, MemoryMinFreeVirtual 0MiB, MemoryMinFreePhysical 1024MiB
[2022.05.10-10.12.09:569][  0]LogFileCache: Scanning file cache for directory 'D:/MICAGIT/Mica/MicaProject/Content/' took 0.00s
[2022.05.10-10.12.09:569][  0]LogCook: Display: Mobile HDR setting 1
[2022.05.10-10.12.10:015][  0]LogInit: Display: Engine is initialized. Leaving FEngineLoop::Init()
[2022.05.10-10.12.10:020][  0]SourceControl: Source control is disabled
[2022.05.10-10.12.10:021][  0]LogUnrealEdMisc: Loading editor; pre map load, took 8.938
[2022.05.10-10.12.10:021][  0]Cmd: MAP LOAD FILE="../../../Engine/Content/Maps/Templates/Template_Default.umap" TEMPLATE=1 SHOWPROGRESS=1 FEATURELEVEL=3
[2022.05.10-10.12.10:021][  0]LightingResults: New page: Lighting Build
[2022.05.10-10.12.10:023][  0]LogWorld: UWorld::CleanupWorld for Untitled, bSessionEnded=true, bCleanupResources=true
[2022.05.10-10.12.10:023][  0]LogSlate: InvalidateAllWidgets triggered.  All widgets were invalidated
[2022.05.10-10.12.10:023][  0]MapCheck: New page: Map Check
[2022.05.10-10.12.10:023][  0]LightingResults: New page: Lighting Build
[2022.05.10-10.12.10:027][  0]LogAudio: Display: Audio Device unregistered from world 'None'.
[2022.05.10-10.12.10:029][  0]LogUObjectHash: Compacting FUObjectHashTables data took   0.72ms
[2022.05.10-10.12.10:086][  0]LogTexture: Display: Building textures: DeprecatedTextureEB9CBE3C423008B5E8E130901E171C89 (BGRA8, 128X128)
[2022.05.10-10.12.10:093][  0]LogAudio: Display: Audio Device (ID: 1) registered with world 'Untitled_1'.
[2022.05.10-10.12.10:094][  0]LogAIModule: Creating AISystem for world Untitled_1
[2022.05.10-10.12.10:097][  0]LogEditorServer: Finished looking for orphan Actors (0.000 secs)
[2022.05.10-10.12.10:104][  0]LogUObjectHash: Compacting FUObjectHashTables data took   0.95ms
[2022.05.10-10.12.10:105][  0]Cmd: MAP CHECKDEP NOCLEARLOG
[2022.05.10-10.12.10:105][  0]MapCheck: Map check complete: 0 Error(s), 0 Warning(s), took 0,143ms to complete.
[2022.05.10-10.12.10:105][  0]LogFileHelpers: Loading map 'Template_Default' took 0.084
[2022.05.10-10.12.10:108][  0]LogUnrealEdMisc: Total Editor Startup Time, took 9.025
[2022.05.10-10.12.10:235][  0]LogSlate: Updating window title bar state: overlay mode, drag disabled, window buttons hidden, title bar hidden
[2022.05.10-10.12.10:242][  0]LogSlate: Updating window title bar state: overlay mode, drag disabled, window buttons hidden, title bar hidden
[2022.05.10-10.12.10:248][  0]LogSlate: Updating window title bar state: overlay mode, drag disabled, window buttons hidden, title bar hidden
[2022.05.10-10.12.10:254][  0]LogSlate: Updating window title bar state: overlay mode, drag disabled, window buttons hidden, title bar hidden
[2022.05.10-10.12.10:273][  0]LogNativeClassHierarchy: Verbose: Native class hierarchy populated in 0.0109 seconds. Added 3833 classes and 935 folders.
[2022.05.10-10.12.10:275][  0]LogNativeClassHierarchy: Verbose: Native class hierarchy updated for 'WidgetCarousel' in 0.0003 seconds. Added 0 classes and 0 folders.
[2022.05.10-10.12.10:279][  0]LogPakFile: PakFile PrimaryIndexSize=187
[2022.05.10-10.12.10:279][  0]LogPakFile: PakFile PathHashIndexSize=101
[2022.05.10-10.12.10:279][  0]LogPakFile: PakFile FullDirectoryIndexSize=148
[2022.05.10-10.12.10:279][  0]LogShaderLibrary: Display: ShaderCodeLibraryPakFileMountedCallback: PakFile 'C:/Program Files/Epic Games/UE_4.27/FeaturePacks/FP_FirstPerson.upack' (chunk index -1, root 'root:/') mounted
[2022.05.10-10.12.10:279][  0]LogShaderLibrary: Display: ShaderCodeLibraryPakFileMountedCallback: pending pak file info (ChunkID:-1 Root:root:/ File:C:/Program Files/Epic Games/UE_4.27/FeaturePacks/FP_FirstPerson.upack)
[2022.05.10-10.12.10:279][  0]LogPakFile: OnPakFileMounted2Time == 0.000051
[2022.05.10-10.12.10:280][  0]LogPakFile: PakFile PrimaryIndexSize=189
[2022.05.10-10.12.10:280][  0]LogPakFile: PakFile PathHashIndexSize=101
[2022.05.10-10.12.10:280][  0]LogPakFile: PakFile FullDirectoryIndexSize=152
[2022.05.10-10.12.10:280][  0]LogShaderLibrary: Display: ShaderCodeLibraryPakFileMountedCallback: PakFile 'C:/Program Files/Epic Games/UE_4.27/FeaturePacks/FP_FirstPersonBP.upack' (chunk index -1, root 'root:/') mounted
[2022.05.10-10.12.10:280][  0]LogShaderLibrary: Display: ShaderCodeLibraryPakFileMountedCallback: pending pak file info (ChunkID:-1 Root:root:/ File:C:/Program Files/Epic Games/UE_4.27/FeaturePacks/FP_FirstPersonBP.upack)
[2022.05.10-10.12.10:280][  0]LogPakFile: OnPakFileMounted2Time == 0.000032
[2022.05.10-10.12.10:280][  0]LogPakFile: PakFile PrimaryIndexSize=191
[2022.05.10-10.12.10:280][  0]LogPakFile: PakFile PathHashIndexSize=101
[2022.05.10-10.12.10:280][  0]LogPakFile: PakFile FullDirectoryIndexSize=160
[2022.05.10-10.12.10:280][  0]LogShaderLibrary: Display: ShaderCodeLibraryPakFileMountedCallback: PakFile 'C:/Program Files/Epic Games/UE_4.27/FeaturePacks/MobileStarterContent.upack' (chunk index -1, root 'root:/') mounted
[2022.05.10-10.12.10:280][  0]LogShaderLibrary: Display: ShaderCodeLibraryPakFileMountedCallback: pending pak file info (ChunkID:-1 Root:root:/ File:C:/Program Files/Epic Games/UE_4.27/FeaturePacks/MobileStarterContent.upack)
[2022.05.10-10.12.10:280][  0]LogPakFile: OnPakFileMounted2Time == 0.000033
[2022.05.10-10.12.10:281][  0]LogPakFile: PakFile PrimaryIndexSize=185
[2022.05.10-10.12.10:281][  0]LogPakFile: PakFile PathHashIndexSize=101
[2022.05.10-10.12.10:281][  0]LogPakFile: PakFile FullDirectoryIndexSize=148
[2022.05.10-10.12.10:281][  0]LogShaderLibrary: Display: ShaderCodeLibraryPakFileMountedCallback: PakFile 'C:/Program Files/Epic Games/UE_4.27/FeaturePacks/StarterContent.upack' (chunk index -1, root 'root:/') mounted
[2022.05.10-10.12.10:281][  0]LogShaderLibrary: Display: ShaderCodeLibraryPakFileMountedCallback: pending pak file info (ChunkID:-1 Root:root:/ File:C:/Program Files/Epic Games/UE_4.27/FeaturePacks/StarterContent.upack)
[2022.05.10-10.12.10:281][  0]LogPakFile: OnPakFileMounted2Time == 0.000031
[2022.05.10-10.12.10:281][  0]LogPakFile: PakFile PrimaryIndexSize=190
[2022.05.10-10.12.10:281][  0]LogPakFile: PakFile PathHashIndexSize=101
[2022.05.10-10.12.10:281][  0]LogPakFile: PakFile FullDirectoryIndexSize=154
[2022.05.10-10.12.10:281][  0]LogShaderLibrary: Display: ShaderCodeLibraryPakFileMountedCallback: PakFile 'C:/Program Files/Epic Games/UE_4.27/FeaturePacks/TP_2DSideScroller.upack' (chunk index -1, root 'root:/') mounted
[2022.05.10-10.12.10:281][  0]LogShaderLibrary: Display: ShaderCodeLibraryPakFileMountedCallback: pending pak file info (ChunkID:-1 Root:root:/ File:C:/Program Files/Epic Games/UE_4.27/FeaturePacks/TP_2DSideScroller.upack)
[2022.05.10-10.12.10:281][  0]LogPakFile: OnPakFileMounted2Time == 0.000029
[2022.05.10-10.12.10:282][  0]LogPakFile: PakFile PrimaryIndexSize=192
[2022.05.10-10.12.10:282][  0]LogPakFile: PakFile PathHashIndexSize=101
[2022.05.10-10.12.10:282][  0]LogPakFile: PakFile FullDirectoryIndexSize=158
[2022.05.10-10.12.10:282][  0]LogShaderLibrary: Display: ShaderCodeLibraryPakFileMountedCallback: PakFile 'C:/Program Files/Epic Games/UE_4.27/FeaturePacks/TP_2DSideScrollerBP.upack' (chunk index -1, root 'root:/') mounted
[2022.05.10-10.12.10:282][  0]LogShaderLibrary: Display: ShaderCodeLibraryPakFileMountedCallback: pending pak file info (ChunkID:-1 Root:root:/ File:C:/Program Files/Epic Games/UE_4.27/FeaturePacks/TP_2DSideScrollerBP.upack)
[2022.05.10-10.12.10:282][  0]LogPakFile: OnPakFileMounted2Time == 0.000042
[2022.05.10-10.12.10:283][  0]LogPakFile: PakFile PrimaryIndexSize=182
[2022.05.10-10.12.10:283][  0]LogPakFile: PakFile PathHashIndexSize=101
[2022.05.10-10.12.10:283][  0]LogPakFile: PakFile FullDirectoryIndexSize=138
[2022.05.10-10.12.10:283][  0]LogShaderLibrary: Display: ShaderCodeLibraryPakFileMountedCallback: PakFile 'C:/Program Files/Epic Games/UE_4.27/FeaturePacks/TP_Flying.upack' (chunk index -1, root 'root:/') mounted
[2022.05.10-10.12.10:283][  0]LogShaderLibrary: Display: ShaderCodeLibraryPakFileMountedCallback: pending pak file info (ChunkID:-1 Root:root:/ File:C:/Program Files/Epic Games/UE_4.27/FeaturePacks/TP_Flying.upack)
[2022.05.10-10.12.10:283][  0]LogPakFile: OnPakFileMounted2Time == 0.000049
[2022.05.10-10.12.10:284][  0]LogPakFile: PakFile PrimaryIndexSize=184
[2022.05.10-10.12.10:284][  0]LogPakFile: PakFile PathHashIndexSize=101
[2022.05.10-10.12.10:284][  0]LogPakFile: PakFile FullDirectoryIndexSize=142
[2022.05.10-10.12.10:284][  0]LogShaderLibrary: Display: ShaderCodeLibraryPakFileMountedCallback: PakFile 'C:/Program Files/Epic Games/UE_4.27/FeaturePacks/TP_FlyingBP.upack' (chunk index -1, root 'root:/') mounted
[2022.05.10-10.12.10:284][  0]LogShaderLibrary: Display: ShaderCodeLibraryPakFileMountedCallback: pending pak file info (ChunkID:-1 Root:root:/ File:C:/Program Files/Epic Games/UE_4.27/FeaturePacks/TP_FlyingBP.upack)
[2022.05.10-10.12.10:284][  0]LogPakFile: OnPakFileMounted2Time == 0.000062
[2022.05.10-10.12.10:285][  0]LogPakFile: PakFile PrimaryIndexSize=188
[2022.05.10-10.12.10:285][  0]LogPakFile: PakFile PathHashIndexSize=101
[2022.05.10-10.12.10:285][  0]LogPakFile: PakFile FullDirectoryIndexSize=150
[2022.05.10-10.12.10:285][  0]LogShaderLibrary: Display: ShaderCodeLibraryPakFileMountedCallback: PakFile 'C:/Program Files/Epic Games/UE_4.27/FeaturePacks/TP_HandheldARBP.upack' (chunk index -1, root 'root:/') mounted
[2022.05.10-10.12.10:285][  0]LogShaderLibrary: Display: ShaderCodeLibraryPakFileMountedCallback: pending pak file info (ChunkID:-1 Root:root:/ File:C:/Program Files/Epic Games/UE_4.27/FeaturePacks/TP_HandheldARBP.upack)
[2022.05.10-10.12.10:285][  0]LogPakFile: OnPakFileMounted2Time == 0.000044
[2022.05.10-10.12.10:286][  0]LogPakFile: PakFile PrimaryIndexSize=182
[2022.05.10-10.12.10:286][  0]LogPakFile: PakFile PathHashIndexSize=101
[2022.05.10-10.12.10:286][  0]LogPakFile: PakFile FullDirectoryIndexSize=138
[2022.05.10-10.12.10:286][  0]LogShaderLibrary: Display: ShaderCodeLibraryPakFileMountedCallback: PakFile 'C:/Program Files/Epic Games/UE_4.27/FeaturePacks/TP_Puzzle.upack' (chunk index -1, root 'root:/') mounted
[2022.05.10-10.12.10:286][  0]LogShaderLibrary: Display: ShaderCodeLibraryPakFileMountedCallback: pending pak file info (ChunkID:-1 Root:root:/ File:C:/Program Files/Epic Games/UE_4.27/FeaturePacks/TP_Puzzle.upack)
[2022.05.10-10.12.10:286][  0]LogPakFile: OnPakFileMounted2Time == 0.000047
[2022.05.10-10.12.10:286][  0]LogPakFile: PakFile PrimaryIndexSize=184
[2022.05.10-10.12.10:286][  0]LogPakFile: PakFile PathHashIndexSize=101
[2022.05.10-10.12.10:286][  0]LogPakFile: PakFile FullDirectoryIndexSize=142
[2022.05.10-10.12.10:286][  0]LogShaderLibrary: Display: ShaderCodeLibraryPakFileMountedCallback: PakFile 'C:/Program Files/Epic Games/UE_4.27/FeaturePacks/TP_PuzzleBP.upack' (chunk index -1, root 'root:/') mounted
[2022.05.10-10.12.10:286][  0]LogShaderLibrary: Display: ShaderCodeLibraryPakFileMountedCallback: pending pak file info (ChunkID:-1 Root:root:/ File:C:/Program Files/Epic Games/UE_4.27/FeaturePacks/TP_PuzzleBP.upack)
[2022.05.10-10.12.10:286][  0]LogPakFile: OnPakFileMounted2Time == 0.000029
[2022.05.10-10.12.10:287][  0]LogPakFile: PakFile PrimaryIndexSize=183
[2022.05.10-10.12.10:287][  0]LogPakFile: PakFile PathHashIndexSize=101
[2022.05.10-10.12.10:287][  0]LogPakFile: PakFile FullDirectoryIndexSize=140
[2022.05.10-10.12.10:287][  0]LogShaderLibrary: Display: ShaderCodeLibraryPakFileMountedCallback: PakFile 'C:/Program Files/Epic Games/UE_4.27/FeaturePacks/TP_Rolling.upack' (chunk index -1, root 'root:/') mounted
[2022.05.10-10.12.10:287][  0]LogShaderLibrary: Display: ShaderCodeLibraryPakFileMountedCallback: pending pak file info (ChunkID:-1 Root:root:/ File:C:/Program Files/Epic Games/UE_4.27/FeaturePacks/TP_Rolling.upack)
[2022.05.10-10.12.10:287][  0]LogPakFile: OnPakFileMounted2Time == 0.000034
[2022.05.10-10.12.10:288][  0]LogPakFile: PakFile PrimaryIndexSize=185
[2022.05.10-10.12.10:288][  0]LogPakFile: PakFile PathHashIndexSize=101
[2022.05.10-10.12.10:288][  0]LogPakFile: PakFile FullDirectoryIndexSize=144
[2022.05.10-10.12.10:288][  0]LogShaderLibrary: Display: ShaderCodeLibraryPakFileMountedCallback: PakFile 'C:/Program Files/Epic Games/UE_4.27/FeaturePacks/TP_RollingBP.upack' (chunk index -1, root 'root:/') mounted
[2022.05.10-10.12.10:288][  0]LogShaderLibrary: Display: ShaderCodeLibraryPakFileMountedCallback: pending pak file info (ChunkID:-1 Root:root:/ File:C:/Program Files/Epic Games/UE_4.27/FeaturePacks/TP_RollingBP.upack)
[2022.05.10-10.12.10:288][  0]LogPakFile: OnPakFileMounted2Time == 0.000047
[2022.05.10-10.12.10:289][  0]LogPakFile: PakFile PrimaryIndexSize=188
[2022.05.10-10.12.10:289][  0]LogPakFile: PakFile PathHashIndexSize=101
[2022.05.10-10.12.10:289][  0]LogPakFile: PakFile FullDirectoryIndexSize=150
[2022.05.10-10.12.10:289][  0]LogShaderLibrary: Display: ShaderCodeLibraryPakFileMountedCallback: PakFile 'C:/Program Files/Epic Games/UE_4.27/FeaturePacks/TP_SideScroller.upack' (chunk index -1, root 'root:/') mounted
[2022.05.10-10.12.10:289][  0]LogShaderLibrary: Display: ShaderCodeLibraryPakFileMountedCallback: pending pak file info (ChunkID:-1 Root:root:/ File:C:/Program Files/Epic Games/UE_4.27/FeaturePacks/TP_SideScroller.upack)
[2022.05.10-10.12.10:289][  0]LogPakFile: OnPakFileMounted2Time == 0.000036
[2022.05.10-10.12.10:290][  0]LogPakFile: PakFile PrimaryIndexSize=190
[2022.05.10-10.12.10:290][  0]LogPakFile: PakFile PathHashIndexSize=101
[2022.05.10-10.12.10:290][  0]LogPakFile: PakFile FullDirectoryIndexSize=154
[2022.05.10-10.12.10:290][  0]LogShaderLibrary: Display: ShaderCodeLibraryPakFileMountedCallback: PakFile 'C:/Program Files/Epic Games/UE_4.27/FeaturePacks/TP_SideScrollerBP.upack' (chunk index -1, root 'root:/') mounted
[2022.05.10-10.12.10:290][  0]LogShaderLibrary: Display: ShaderCodeLibraryPakFileMountedCallback: pending pak file info (ChunkID:-1 Root:root:/ File:C:/Program Files/Epic Games/UE_4.27/FeaturePacks/TP_SideScrollerBP.upack)
[2022.05.10-10.12.10:290][  0]LogPakFile: OnPakFileMounted2Time == 0.000030
[2022.05.10-10.12.10:290][  0]LogPakFile: PakFile PrimaryIndexSize=187
[2022.05.10-10.12.10:290][  0]LogPakFile: PakFile PathHashIndexSize=101
[2022.05.10-10.12.10:290][  0]LogPakFile: PakFile FullDirectoryIndexSize=148
[2022.05.10-10.12.10:290][  0]LogShaderLibrary: Display: ShaderCodeLibraryPakFileMountedCallback: PakFile 'C:/Program Files/Epic Games/UE_4.27/FeaturePacks/TP_ThirdPerson.upack' (chunk index -1, root 'root:/') mounted
[2022.05.10-10.12.10:290][  0]LogShaderLibrary: Display: ShaderCodeLibraryPakFileMountedCallback: pending pak file info (ChunkID:-1 Root:root:/ File:C:/Program Files/Epic Games/UE_4.27/FeaturePacks/TP_ThirdPerson.upack)
[2022.05.10-10.12.10:290][  0]LogPakFile: OnPakFileMounted2Time == 0.000028
[2022.05.10-10.12.10:291][  0]LogPakFile: PakFile PrimaryIndexSize=189
[2022.05.10-10.12.10:291][  0]LogPakFile: PakFile PathHashIndexSize=101
[2022.05.10-10.12.10:291][  0]LogPakFile: PakFile FullDirectoryIndexSize=152
[2022.05.10-10.12.10:291][  0]LogShaderLibrary: Display: ShaderCodeLibraryPakFileMountedCallback: PakFile 'C:/Program Files/Epic Games/UE_4.27/FeaturePacks/TP_ThirdPersonBP.upack' (chunk index -1, root 'root:/') mounted
[2022.05.10-10.12.10:291][  0]LogShaderLibrary: Display: ShaderCodeLibraryPakFileMountedCallback: pending pak file info (ChunkID:-1 Root:root:/ File:C:/Program Files/Epic Games/UE_4.27/FeaturePacks/TP_ThirdPersonBP.upack)
[2022.05.10-10.12.10:291][  0]LogPakFile: OnPakFileMounted2Time == 0.000036
[2022.05.10-10.12.10:291][  0]LogPakFile: PakFile PrimaryIndexSize=183
[2022.05.10-10.12.10:291][  0]LogPakFile: PakFile PathHashIndexSize=101
[2022.05.10-10.12.10:291][  0]LogPakFile: PakFile FullDirectoryIndexSize=140
[2022.05.10-10.12.10:291][  0]LogShaderLibrary: Display: ShaderCodeLibraryPakFileMountedCallback: PakFile 'C:/Program Files/Epic Games/UE_4.27/FeaturePacks/TP_TopDown.upack' (chunk index -1, root 'root:/') mounted
[2022.05.10-10.12.10:291][  0]LogShaderLibrary: Display: ShaderCodeLibraryPakFileMountedCallback: pending pak file info (ChunkID:-1 Root:root:/ File:C:/Program Files/Epic Games/UE_4.27/FeaturePacks/TP_TopDown.upack)
[2022.05.10-10.12.10:291][  0]LogPakFile: OnPakFileMounted2Time == 0.000036
[2022.05.10-10.12.10:291][  0]LogPakFile: PakFile PrimaryIndexSize=185
[2022.05.10-10.12.10:291][  0]LogPakFile: PakFile PathHashIndexSize=101
[2022.05.10-10.12.10:291][  0]LogPakFile: PakFile FullDirectoryIndexSize=144
[2022.05.10-10.12.10:291][  0]LogShaderLibrary: Display: ShaderCodeLibraryPakFileMountedCallback: PakFile 'C:/Program Files/Epic Games/UE_4.27/FeaturePacks/TP_TopDownBP.upack' (chunk index -1, root 'root:/') mounted
[2022.05.10-10.12.10:291][  0]LogShaderLibrary: Display: ShaderCodeLibraryPakFileMountedCallback: pending pak file info (ChunkID:-1 Root:root:/ File:C:/Program Files/Epic Games/UE_4.27/FeaturePacks/TP_TopDownBP.upack)
[2022.05.10-10.12.10:291][  0]LogPakFile: OnPakFileMounted2Time == 0.000033
[2022.05.10-10.12.10:292][  0]LogPakFile: PakFile PrimaryIndexSize=185
[2022.05.10-10.12.10:292][  0]LogPakFile: PakFile PathHashIndexSize=101
[2022.05.10-10.12.10:292][  0]LogPakFile: PakFile FullDirectoryIndexSize=144
[2022.05.10-10.12.10:292][  0]LogShaderLibrary: Display: ShaderCodeLibraryPakFileMountedCallback: PakFile 'C:/Program Files/Epic Games/UE_4.27/FeaturePacks/TP_TwinStick.upack' (chunk index -1, root 'root:/') mounted
[2022.05.10-10.12.10:292][  0]LogShaderLibrary: Display: ShaderCodeLibraryPakFileMountedCallback: pending pak file info (ChunkID:-1 Root:root:/ File:C:/Program Files/Epic Games/UE_4.27/FeaturePacks/TP_TwinStick.upack)
[2022.05.10-10.12.10:292][  0]LogPakFile: OnPakFileMounted2Time == 0.000041
[2022.05.10-10.12.10:292][  0]LogPakFile: PakFile PrimaryIndexSize=187
[2022.05.10-10.12.10:292][  0]LogPakFile: PakFile PathHashIndexSize=101
[2022.05.10-10.12.10:292][  0]LogPakFile: PakFile FullDirectoryIndexSize=148
[2022.05.10-10.12.10:292][  0]LogShaderLibrary: Display: ShaderCodeLibraryPakFileMountedCallback: PakFile 'C:/Program Files/Epic Games/UE_4.27/FeaturePacks/TP_TwinStickBP.upack' (chunk index -1, root 'root:/') mounted
[2022.05.10-10.12.10:292][  0]LogShaderLibrary: Display: ShaderCodeLibraryPakFileMountedCallback: pending pak file info (ChunkID:-1 Root:root:/ File:C:/Program Files/Epic Games/UE_4.27/FeaturePacks/TP_TwinStickBP.upack)
[2022.05.10-10.12.10:292][  0]LogPakFile: OnPakFileMounted2Time == 0.000031
[2022.05.10-10.12.10:293][  0]LogPakFile: PakFile PrimaryIndexSize=183
[2022.05.10-10.12.10:293][  0]LogPakFile: PakFile PathHashIndexSize=101
[2022.05.10-10.12.10:293][  0]LogPakFile: PakFile FullDirectoryIndexSize=140
[2022.05.10-10.12.10:293][  0]LogShaderLibrary: Display: ShaderCodeLibraryPakFileMountedCallback: PakFile 'C:/Program Files/Epic Games/UE_4.27/FeaturePacks/TP_Vehicle.upack' (chunk index -1, root 'root:/') mounted
[2022.05.10-10.12.10:293][  0]LogShaderLibrary: Display: ShaderCodeLibraryPakFileMountedCallback: pending pak file info (ChunkID:-1 Root:root:/ File:C:/Program Files/Epic Games/UE_4.27/FeaturePacks/TP_Vehicle.upack)
[2022.05.10-10.12.10:293][  0]LogPakFile: OnPakFileMounted2Time == 0.000028
[2022.05.10-10.12.10:293][  0]LogPakFile: PakFile PrimaryIndexSize=186
[2022.05.10-10.12.10:293][  0]LogPakFile: PakFile PathHashIndexSize=101
[2022.05.10-10.12.10:293][  0]LogPakFile: PakFile FullDirectoryIndexSize=146
[2022.05.10-10.12.10:293][  0]LogShaderLibrary: Display: ShaderCodeLibraryPakFileMountedCallback: PakFile 'C:/Program Files/Epic Games/UE_4.27/FeaturePacks/TP_VehicleAdv.upack' (chunk index -1, root 'root:/') mounted
[2022.05.10-10.12.10:293][  0]LogShaderLibrary: Display: ShaderCodeLibraryPakFileMountedCallback: pending pak file info (ChunkID:-1 Root:root:/ File:C:/Program Files/Epic Games/UE_4.27/FeaturePacks/TP_VehicleAdv.upack)
[2022.05.10-10.12.10:293][  0]LogPakFile: OnPakFileMounted2Time == 0.000028
[2022.05.10-10.12.10:294][  0]LogPakFile: PakFile PrimaryIndexSize=188
[2022.05.10-10.12.10:294][  0]LogPakFile: PakFile PathHashIndexSize=101
[2022.05.10-10.12.10:294][  0]LogPakFile: PakFile FullDirectoryIndexSize=150
[2022.05.10-10.12.10:294][  0]LogShaderLibrary: Display: ShaderCodeLibraryPakFileMountedCallback: PakFile 'C:/Program Files/Epic Games/UE_4.27/FeaturePacks/TP_VehicleAdvBP.upack' (chunk index -1, root 'root:/') mounted
[2022.05.10-10.12.10:294][  0]LogShaderLibrary: Display: ShaderCodeLibraryPakFileMountedCallback: pending pak file info (ChunkID:-1 Root:root:/ File:C:/Program Files/Epic Games/UE_4.27/FeaturePacks/TP_VehicleAdvBP.upack)
[2022.05.10-10.12.10:294][  0]LogPakFile: OnPakFileMounted2Time == 0.000031
[2022.05.10-10.12.10:294][  0]LogPakFile: PakFile PrimaryIndexSize=185
[2022.05.10-10.12.10:294][  0]LogPakFile: PakFile PathHashIndexSize=101
[2022.05.10-10.12.10:294][  0]LogPakFile: PakFile FullDirectoryIndexSize=144
[2022.05.10-10.12.10:294][  0]LogShaderLibrary: Display: ShaderCodeLibraryPakFileMountedCallback: PakFile 'C:/Program Files/Epic Games/UE_4.27/FeaturePacks/TP_VehicleBP.upack' (chunk index -1, root 'root:/') mounted
[2022.05.10-10.12.10:295][  0]LogShaderLibrary: Display: ShaderCodeLibraryPakFileMountedCallback: pending pak file info (ChunkID:-1 Root:root:/ File:C:/Program Files/Epic Games/UE_4.27/FeaturePacks/TP_VehicleBP.upack)
[2022.05.10-10.12.10:295][  0]LogPakFile: OnPakFileMounted2Time == 0.000035
[2022.05.10-10.12.10:295][  0]LogPakFile: PakFile PrimaryIndexSize=192
[2022.05.10-10.12.10:295][  0]LogPakFile: PakFile PathHashIndexSize=101
[2022.05.10-10.12.10:295][  0]LogPakFile: PakFile FullDirectoryIndexSize=158
[2022.05.10-10.12.10:295][  0]LogShaderLibrary: Display: ShaderCodeLibraryPakFileMountedCallback: PakFile 'C:/Program Files/Epic Games/UE_4.27/FeaturePacks/TP_VirtualRealityBP.upack' (chunk index -1, root 'root:/') mounted
[2022.05.10-10.12.10:295][  0]LogShaderLibrary: Display: ShaderCodeLibraryPakFileMountedCallback: pending pak file info (ChunkID:-1 Root:root:/ File:C:/Program Files/Epic Games/UE_4.27/FeaturePacks/TP_VirtualRealityBP.upack)
[2022.05.10-10.12.10:295][  0]LogPakFile: OnPakFileMounted2Time == 0.000030
[2022.05.10-10.12.10:360][  0]LogNativeClassHierarchy: Verbose: Native class hierarchy updated for 'AddContentDialog' in 0.0003 seconds. Added 0 classes and 0 folders.
[2022.05.10-10.12.10:449][  0]LogSlate: Took 0.000239 seconds to synchronously load lazily loaded font '../../../Engine/Content/Slate/Fonts/Roboto-Regular.ttf' (155K)
[2022.05.10-10.12.10:450][  0]LogSlate: Took 0.000159 seconds to synchronously load lazily loaded font '../../../Engine/Content/Editor/Slate/Fonts/FontAwesome.ttf' (139K)
[2022.05.10-10.12.10:454][  0]LogSlate: Took 0.000324 seconds to synchronously load lazily loaded font '../../../Engine/Content/Slate/Fonts/Roboto-Bold.ttf' (160K)
[2022.05.10-10.12.10:533][  0]LogRenderer: Reallocating scene render targets to support 1868x1028 Format 9 NumSamples 1 (Frame:1).
[2022.05.10-10.12.10:624][  0]LogNativeClassHierarchy: Verbose: Native class hierarchy updated for 'HierarchicalLODOutliner' in 0.0007 seconds. Added 0 classes and 0 folders.
[2022.05.10-10.12.10:625][  0]LogLoad: (Engine Initialization) Total time: 9.54 seconds
[2022.05.10-10.12.10:625][  0]LogLoad: (Engine Initialization) Total Blueprint compile time: 0.00 seconds
[2022.05.10-10.12.10:684][  0]LogAssetRegistry: Asset discovery search completed in 5.4838 seconds
[2022.05.10-10.12.10:698][  0]LogCollectionManager: Fixed up redirectors for 0 collections in 0.000004 seconds (updated 0 objects)
[2022.05.10-10.12.10:699][  0]LogContentStreaming: Texture pool size now 1000 MB
[2022.05.10-10.12.16:446][335]LogSlate: Took 0.001103 seconds to synchronously load lazily loaded font '../../../Engine/Content/Slate/Fonts/Roboto-Light.ttf' (167K)
[2022.05.10-10.12.19:733][523]LogUObjectHash: Compacting FUObjectHashTables data took   0.59ms
[2022.05.10-10.12.19:737][523]LogSlate: Took 0.000207 seconds to synchronously load lazily loaded font '../../../Engine/Content/Slate/Fonts/Roboto-Light.ttf' (167K)
[2022.05.10-10.12.19:766][523]LogLinker: Warning: [AssetLog] D:\MICAGIT\Mica\MicaProject\Content\NewMap.umap: Failed to load '/Game/NewMap_BuiltData': Can't find file.
[2022.05.10-10.12.19:767][523]LogLinker: Warning: [AssetLog] D:\MICAGIT\Mica\MicaProject\Content\NewMap.umap: Failed to load '/Game/NewMap_BuiltData': Can't find file.
[2022.05.10-10.12.19:767][523]LogLinker: Warning: [AssetLog] D:\MICAGIT\Mica\MicaProject\Content\NewMap.umap: Failed to load '/Game/NewMap_BuiltData': Can't find file.
[2022.05.10-10.12.19:768][523]LogLinker: Warning: [AssetLog] D:\MICAGIT\Mica\MicaProject\Content\NewMap.umap: Failed to load '/Game/NewMap_BuiltData': Can't find file.
[2022.05.10-10.12.19:768][523]LoadErrors: Failed to load /Game/NewMap_BuiltData.NewMap_BuiltData Referenced by PersistentLevel
[2022.05.10-10.12.19:792][523]LogAssetEditorSubsystem: Opening Asset editor for World /Game/NewMap.NewMap
[2022.05.10-10.12.19:792][523]Cmd: MAP LOAD FILE="D:/MICAGIT/Mica/MicaProject/Content/NewMap.umap" TEMPLATE=0 SHOWPROGRESS=1 FEATURELEVEL=3
[2022.05.10-10.12.19:792][523]LightingResults: New page: Lighting Build
[2022.05.10-10.12.19:792][523]LoadErrors: New page: Loading map: NewMap.umap
[2022.05.10-10.12.19:794][523]LogWorld: UWorld::CleanupWorld for Untitled_1, bSessionEnded=true, bCleanupResources=true
[2022.05.10-10.12.19:794][523]LogSlate: InvalidateAllWidgets triggered.  All widgets were invalidated
[2022.05.10-10.12.19:794][523]MapCheck: New page: Map Check
[2022.05.10-10.12.19:794][523]LightingResults: New page: Lighting Build
[2022.05.10-10.12.19:799][523]LogAudio: Display: Audio Device unregistered from world 'None'.
[2022.05.10-10.12.19:800][523]LogUObjectHash: Compacting FUObjectHashTables data took   0.62ms
[2022.05.10-10.12.19:801][523]LogAudio: Display: Audio Device (ID: 1) registered with world 'NewMap'.
[2022.05.10-10.12.19:827][523]LogEditorServer: Finished looking for orphan Actors (0.000 secs)
[2022.05.10-10.12.19:827][523]LogAIModule: Creating AISystem for world NewMap
[2022.05.10-10.12.19:834][523]LogUObjectHash: Compacting FUObjectHashTables data took   0.59ms
[2022.05.10-10.12.19:839][523]Cmd: MAP CHECKDEP NOCLEARLOG
[2022.05.10-10.12.19:839][523]MapCheck: Map check complete: 0 Error(s), 0 Warning(s), took 0,074ms to complete.
[2022.05.10-10.12.19:839][523]LogFileHelpers: Loading map 'NewMap' took 0.047
[2022.05.10-10.12.28:562][816]LogSlate: Took 0.004922 seconds to synchronously load lazily loaded font '../../../Engine/Content/Slate/Fonts/Roboto-Italic.ttf' (157K)
