Log file open, 05/10/22 12:20:24
LogWindows: Failed to load 'aqProf.dll' (GetLastError=126)
LogWindows: File 'aqProf.dll' does not exist
LogWindows: Failed to load 'VtuneApi.dll' (GetLastError=126)
LogWindows: File 'VtuneApi.dll' does not exist
LogWindows: Failed to load 'VtuneApi32e.dll' (GetLastError=126)
LogWindows: File 'VtuneApi32e.dll' does not exist
LogConsoleResponse: Display: Failed to find resolution value strings in scalability ini. Falling back to default.
LogConsoleResponse: Display: Failed to find resolution value strings in scalability ini. Falling back to default.
LogInit: Display: Running engine for game: MicaProject
LogPlatformFile: Not using cached read wrapper
LogTaskGraph: Started task graph with 5 named threads and 35 total threads with 3 sets of task threads.
LogStats: Stats thread started at 0.239984
LogICUInternationalization: ICU TimeZone Detection - Raw Offset: +1:00, Platform Override: ''
LogInit: Display: Loading text-based GConfig....
LogPluginManager: Mounting plugin MegascansPlugin
LogPluginManager: Mounting plugin MeshPainting
LogPluginManager: Mounting plugin XGEController
LogPluginManager: Mounting plugin Paper2D
LogPluginManager: Mounting plugin LightPropagationVolume
LogPluginManager: Mounting plugin AISupport
LogPluginManager: Mounting plugin EnvironmentQueryEditor
LogPluginManager: Mounting plugin LiveLink
LogPluginManager: Mounting plugin CameraShakePreviewer
LogPluginManager: Mounting plugin AnimationSharing
LogPluginManager: Mounting plugin AssetManagerEditor
LogPluginManager: Mounting plugin GameplayCameras
LogPluginManager: Mounting plugin CodeLiteSourceCodeAccess
LogPluginManager: Mounting plugin CLionSourceCodeAccess
LogPluginManager: Mounting plugin GitSourceControl
LogPluginManager: Mounting plugin KDevelopSourceCodeAccess
LogPluginManager: Mounting plugin NullSourceCodeAccess
LogPluginManager: Mounting plugin CryptoKeys
LogPluginManager: Mounting plugin CurveEditorTools
LogPluginManager: Mounting plugin DataValidation
LogPluginManager: Mounting plugin PerforceSourceControl
LogPluginManager: Mounting plugin EditorScriptingUtilities
LogPluginManager: Mounting plugin PixWinPlugin
LogPluginManager: Mounting plugin FacialAnimation
LogPluginManager: Mounting plugin PlasticSourceControl
LogPluginManager: Mounting plugin GameplayTagsEditor
LogPluginManager: Mounting plugin PluginUtils
LogPluginManager: Mounting plugin GeometryMode
LogPluginManager: Mounting plugin PropertyAccessNode
LogPluginManager: Mounting plugin OodleData
LogPluginManager: Mounting plugin MacGraphicsSwitching
LogPluginManager: Mounting plugin OodleNetwork
LogPluginManager: Mounting plugin MaterialAnalyzer
LogPluginManager: Mounting plugin DatasmithContent
LogPluginManager: Mounting plugin SpeedTreeImporter
LogPluginManager: Mounting plugin MobileLauncherProfileWizard
LogPluginManager: Mounting plugin RiderSourceCodeAccess
LogPluginManager: Mounting plugin PluginBrowser
LogPluginManager: Mounting plugin SpeedTreeImporter
LogPluginManager: Mounting plugin SubversionSourceControl
LogPluginManager: Mounting plugin TextureFormatOodle
LogPluginManager: Mounting plugin AlembicImporter
LogPluginManager: Mounting plugin UObjectPlugin
LogPluginManager: Mounting plugin BackChannel
LogPluginManager: Mounting plugin AutomationUtils
LogPluginManager: Mounting plugin ChaosCloth
LogPluginManager: Mounting plugin ChaosClothEditor
LogPluginManager: Mounting plugin ChaosEditor
LogPluginManager: Mounting plugin ChaosSolverPlugin
LogPluginManager: Mounting plugin ChaosNiagara
LogPluginManager: Mounting plugin DatasmithContent
LogPluginManager: Mounting plugin ChaosSolverPlugin
LogPluginManager: Mounting plugin Niagara
LogPluginManager: Mounting plugin VariantManagerContent
LogPluginManager: Mounting plugin VisualStudioCodeSourceCodeAccess
LogPluginManager: Mounting plugin XCodeSourceCodeAccess
LogPluginManager: Mounting plugin VisualStudioSourceCodeAccess
LogPluginManager: Mounting plugin CharacterAI
LogPluginManager: Mounting plugin GeometryCache
LogPluginManager: Mounting plugin GeometryProcessing
LogPluginManager: Mounting plugin OpenImageDenoise
LogPluginManager: Mounting plugin MotoSynth
LogPluginManager: Mounting plugin OpenImageDenoise
LogPluginManager: Mounting plugin GeometryCollectionPlugin
LogPluginManager: Mounting plugin PlatformCrypto
LogPluginManager: Mounting plugin PlanarCut
LogPluginManager: Mounting plugin ProxyLODPlugin
LogPluginManager: Mounting plugin PythonScriptPlugin
LogPluginManager: Mounting plugin ActorSequence
LogPluginManager: Mounting plugin LevelSequenceEditor
LogPluginManager: Mounting plugin MatineeToLevelSequence
LogPluginManager: Mounting plugin SkeletalReduction
LogPluginManager: Mounting plugin TemplateSequence
LogPluginManager: Mounting plugin LuminPlatformFeatures
LogPluginManager: Mounting plugin MagicLeap
LogPluginManager: Mounting plugin MagicLeapMedia
LogPluginManager: Mounting plugin MagicLeapLightEstimation
LogPluginManager: Mounting plugin MagicLeapPassableWorld
LogPluginManager: Mounting plugin TcpMessaging
LogPluginManager: Mounting plugin MLSDK
LogPluginManager: Mounting plugin AndroidMedia
LogPluginManager: Mounting plugin AvfMedia
LogPluginManager: Mounting plugin ImgMedia
LogPluginManager: Mounting plugin MediaCompositing
LogPluginManager: Mounting plugin UdpMessaging
LogPluginManager: Mounting plugin TcpMessaging
LogPluginManager: Mounting plugin MediaPlayerEditor
LogPluginManager: Mounting plugin WmfMedia
LogPluginManager: Mounting plugin OnlineSubsystem
LogPluginManager: Mounting plugin WebMMedia
LogPluginManager: Mounting plugin OnlineSubsystemNull
LogPluginManager: Mounting plugin UdpMessaging
LogPluginManager: Mounting plugin OnlineSubsystemUtils
LogPluginManager: Mounting plugin LauncherChunkInstaller
LogPluginManager: Mounting plugin ScreenshotTools
LogPluginManager: Mounting plugin ActorLayerUtilities
LogPluginManager: Mounting plugin AndroidDeviceProfileSelector
LogPluginManager: Mounting plugin AndroidMoviePlayer
LogPluginManager: Mounting plugin AndroidPermission
LogPluginManager: Mounting plugin AppleImageUtils
LogPluginManager: Mounting plugin AppleMoviePlayer
LogPluginManager: Mounting plugin ArchVisCharacter
LogPluginManager: Mounting plugin AppleMoviePlayer
LogPluginManager: Mounting plugin AudioCapture
LogPluginManager: Mounting plugin AssetTags
LogPluginManager: Mounting plugin AudioCapture
LogPluginManager: Mounting plugin AudioSynesthesia
LogPluginManager: Mounting plugin CableComponent
LogPluginManager: Mounting plugin CustomMeshComponent
LogPluginManager: Mounting plugin EditableMesh
LogPluginManager: Mounting plugin ExampleDeviceProfileSelector
LogPluginManager: Mounting plugin ChunkDownloader
LogPluginManager: Mounting plugin GoogleCloudMessaging
LogPluginManager: Mounting plugin GooglePAD
LogPluginManager: Mounting plugin Takes
LogPluginManager: Mounting plugin IOSDeviceProfileSelector
LogPluginManager: Mounting plugin LocationServicesBPLibrary
LogPluginManager: Mounting plugin LinuxDeviceProfileSelector
LogPluginManager: Mounting plugin MobilePatchingUtils
LogPluginManager: Mounting plugin OpenXR
LogPluginManager: Mounting plugin OpenXREyeTracker
LogPluginManager: Mounting plugin OpenXRHandTracking
LogPluginManager: Mounting plugin ProceduralMeshComponent
LogPluginManager: Mounting plugin PostSplashScreen
LogPluginManager: Mounting plugin PropertyAccessEditor
LogPluginManager: Mounting plugin PhysXVehicles
LogPluginManager: Mounting plugin RuntimePhysXCooking
LogPluginManager: Mounting plugin Takes
LogPluginManager: Mounting plugin SoundFields
LogPluginManager: Mounting plugin Synthesis
LogPluginManager: Mounting plugin WebMMoviePlayer
LogPluginManager: Mounting plugin WindowsMoviePlayer
LogPluginManager: Mounting plugin ContentBrowserClassDataSource
LogPluginManager: Mounting plugin ContentBrowserFileDataSource
LogPluginManager: Mounting plugin ContentBrowserAssetDataSource
LogPluginManager: Mounting plugin ContentBrowserFileDataSource
LogPluginManager: Mounting plugin OnlineSubsystemGooglePlay
LogPluginManager: Mounting plugin OnlineSubsystemIOS
LogPluginManager: Mounting plugin DatabaseSupport
LogPluginManager: Mounting plugin SQLiteCore
LogPluginManager: Mounting plugin SQLiteSupport
LogPluginManager: Mounting plugin OculusVR
LogPluginManager: Mounting plugin SteamVR
PixWinPlugin: PIX capture plugin failed to initialize! Check that the process is launched from PIX.
LogInit: Using libcurl 7.55.1-DEV
LogInit:  - built for x86_64-pc-win32
LogInit:  - supports SSL with OpenSSL/1.1.1
LogInit:  - supports HTTP deflate (compression) using libz 1.2.8
LogInit:  - other features:
LogInit:      CURL_VERSION_SSL
LogInit:      CURL_VERSION_LIBZ
LogInit:      CURL_VERSION_IPV6
LogInit:      CURL_VERSION_ASYNCHDNS
LogInit:      CURL_VERSION_LARGEFILE
LogInit:      CURL_VERSION_IDN
LogInit:  CurlRequestOptions (configurable via config and command line):
LogInit:  - bVerifyPeer = true  - Libcurl will verify peer certificate
LogInit:  - bUseHttpProxy = false  - Libcurl will NOT use HTTP proxy
LogInit:  - bDontReuseConnections = false  - Libcurl will reuse connections
LogInit:  - MaxHostConnections = 16  - Libcurl will limit the number of connections to a host
LogInit:  - LocalHostAddr = Default
LogInit:  - BufferSize = 65536
LogOnline: OSS: Creating online subsystem instance for: NULL
LogInit: WinSock: version 1.1 (2.2), MaxSocks=32767, MaxUdp=65467
LogOnline: OSS: TryLoadSubsystemAndSetDefault: Loaded subsystem for module [NULL]
LogOculusPluginWrapper: OculusPlugin initialized successfully
LogHMD: Failed initializing OVRPlugin 1.59.0
LogInit: Build: ++UE4+Release-4.27-CL-18319896
LogInit: Engine Version: 4.27.2-18319896+++UE4+Release-4.27
LogInit: Compatible Engine Version: 4.27.0-17155196+++UE4+Release-4.27
LogInit: Net CL: 17155196
LogInit: OS: Windows 10 (Release 2009) (), CPU: Intel(R) Core(TM) i7-10750H CPU @ 2.60GHz, GPU: Intel(R) UHD Graphics
LogInit: Compiled (64-bit): Nov 30 2021 07:12:08
LogInit: Compiled with Visual C++: 19.24.28315.00
LogInit: Build Configuration: Development
LogInit: Branch Name: ++UE4+Release-4.27
LogInit: Command Line: 
LogInit: Base Directory: C:/Program Files/Epic Games/UE_4.27/Engine/Binaries/Win64/
LogInit: Allocator: TBB
LogInit: Installed Engine Build: 1
LogDevObjectVersion: Number of dev versions registered: 29
LogDevObjectVersion:   Dev-Blueprints (B0D832E4-1F89-4F0D-ACCF-7EB736FD4AA2): 10
LogDevObjectVersion:   Dev-Build (E1C64328-A22C-4D53-A36C-8E866417BD8C): 0
LogDevObjectVersion:   Dev-Core (375EC13C-06E4-48FB-B500-84F0262A717E): 4
LogDevObjectVersion:   Dev-Editor (E4B068ED-F494-42E9-A231-DA0B2E46BB41): 40
LogDevObjectVersion:   Dev-Framework (CFFC743F-43B0-4480-9391-14DF171D2073): 37
LogDevObjectVersion:   Dev-Mobile (B02B49B5-BB20-44E9-A304-32B752E40360): 3
LogDevObjectVersion:   Dev-Networking (A4E4105C-59A1-49B5-A7C5-40C4547EDFEE): 0
LogDevObjectVersion:   Dev-Online (39C831C9-5AE6-47DC-9A44-9C173E1C8E7C): 0
LogDevObjectVersion:   Dev-Physics (78F01B33-EBEA-4F98-B9B4-84EACCB95AA2): 14
LogDevObjectVersion:   Dev-Platform (6631380F-2D4D-43E0-8009-CF276956A95A): 0
LogDevObjectVersion:   Dev-Rendering (12F88B9F-8875-4AFC-A67C-D90C383ABD29): 45
LogDevObjectVersion:   Dev-Sequencer (7B5AE74C-D270-4C10-A958-57980B212A5A): 13
LogDevObjectVersion:   Dev-VR (D7296918-1DD6-4BDD-9DE2-64A83CC13884): 3
LogDevObjectVersion:   Dev-LoadTimes (C2A15278-BFE7-4AFE-6C17-90FF531DF755): 1
LogDevObjectVersion:   Private-Geometry (6EACA3D4-40EC-4CC1-B786-8BED09428FC5): 3
LogDevObjectVersion:   Dev-AnimPhys (29E575DD-E0A3-4627-9D10-D276232CDCEA): 17
LogDevObjectVersion:   Dev-Anim (AF43A65D-7FD3-4947-9873-3E8ED9C1BB05): 15
LogDevObjectVersion:   Dev-ReflectionCapture (6B266CEC-1EC7-4B8F-A30B-E4D90942FC07): 1
LogDevObjectVersion:   Dev-Automation (0DF73D61-A23F-47EA-B727-89E90C41499A): 1
LogDevObjectVersion:   FortniteMain (601D1886-AC64-4F84-AA16-D3DE0DEAC7D6): 47
LogDevObjectVersion:   FortniteRelease (E7086368-6B23-4C58-8439-1B7016265E91): 1
LogDevObjectVersion:   Dev-Enterprise (9DFFBCD6-494F-0158-E221-12823C92A888): 10
LogDevObjectVersion:   Dev-Niagara (F2AED0AC-9AFE-416F-8664-AA7FFA26D6FC): 1
LogDevObjectVersion:   Dev-Destruction (174F1F0B-B4C6-45A5-B13F-2EE8D0FB917D): 10
LogDevObjectVersion:   Dev-Physics-Ext (35F94A83-E258-406C-A318-09F59610247C): 41
LogDevObjectVersion:   Dev-PhysicsMaterial-Chaos (B68FC16E-8B1B-42E2-B453-215C058844FE): 1
LogDevObjectVersion:   Dev-CineCamera (B2E18506-4273-CFC2-A54E-F4BB758BBA07): 1
LogDevObjectVersion:   Dev-VirtualProduction (64F58936-FD1B-42BA-BA96-7289D5D0FA4E): 1
LogDevObjectVersion:   Dev-MediaFramework (6F0ED827-A609-4895-9C91-998D90180EA4): 2
LogInit: Presizing for max 25165824 objects, including 0 objects not considered by GC, pre-allocating 0 bytes for permanent pool.
LogConfig: Applying CVar settings from Section [/Script/Engine.StreamingSettings] File [D:/MICAGIT/Mica/MicaProject/Saved/Config/Windows/Engine.ini]
LogConfig: Setting CVar [[s.MinBulkDataSizeForAsyncLoading:131072]]
LogConfig: Setting CVar [[s.AsyncLoadingThreadEnabled:0]]
LogConfig: Setting CVar [[s.EventDrivenLoaderEnabled:1]]
LogConfig: Setting CVar [[s.WarnIfTimeLimitExceeded:0]]
LogConfig: Setting CVar [[s.TimeLimitExceededMultiplier:1.5]]
LogConfig: Setting CVar [[s.TimeLimitExceededMinTime:0.005]]
LogConfig: Setting CVar [[s.UseBackgroundLevelStreaming:1]]
LogConfig: Setting CVar [[s.PriorityAsyncLoadingExtraTime:15.0]]
LogConfig: Setting CVar [[s.LevelStreamingActorsUpdateTimeLimit:5.0]]
LogConfig: Setting CVar [[s.PriorityLevelStreamingActorsUpdateExtraTime:5.0]]
LogConfig: Setting CVar [[s.LevelStreamingComponentsRegistrationGranularity:10]]
LogConfig: Setting CVar [[s.UnregisterComponentsTimeLimit:1.0]]
LogConfig: Setting CVar [[s.LevelStreamingComponentsUnregistrationGranularity:5]]
LogConfig: Setting CVar [[s.FlushStreamingOnExit:1]]
LogInit: Object subsystem initialized
LogConfig: Setting CVar [[con.DebugEarlyDefault:1]]
LogConfig: Setting CVar [[r.setres:1280x720]]
[2022.05.10-10.20.25:197][  0]LogConfig: Setting CVar [[r.VSync:0]]
[2022.05.10-10.20.25:197][  0]LogConfig: Setting CVar [[r.RHICmdBypass:0]]
[2022.05.10-10.20.25:197][  0]LogConfig: Applying CVar settings from Section [/Script/Engine.RendererSettings] File [D:/MICAGIT/Mica/MicaProject/Saved/Config/Windows/Engine.ini]
[2022.05.10-10.20.25:197][  0]LogConfig: Setting CVar [[r.GPUCrashDebugging:0]]
[2022.05.10-10.20.25:197][  0]LogConfig: Applying CVar settings from Section [/Script/Engine.RendererOverrideSettings] File [D:/MICAGIT/Mica/MicaProject/Saved/Config/Windows/Engine.ini]
[2022.05.10-10.20.25:197][  0]LogConfig: Applying CVar settings from Section [/Script/Engine.StreamingSettings] File [D:/MICAGIT/Mica/MicaProject/Saved/Config/Windows/Engine.ini]
[2022.05.10-10.20.25:197][  0]LogConfig: Setting CVar [[s.MinBulkDataSizeForAsyncLoading:131072]]
[2022.05.10-10.20.25:197][  0]LogConfig: Setting CVar [[s.AsyncLoadingThreadEnabled:0]]
[2022.05.10-10.20.25:197][  0]LogConfig: Setting CVar [[s.EventDrivenLoaderEnabled:1]]
[2022.05.10-10.20.25:197][  0]LogConfig: Setting CVar [[s.WarnIfTimeLimitExceeded:0]]
[2022.05.10-10.20.25:197][  0]LogConfig: Setting CVar [[s.TimeLimitExceededMultiplier:1.5]]
[2022.05.10-10.20.25:197][  0]LogConfig: Setting CVar [[s.TimeLimitExceededMinTime:0.005]]
[2022.05.10-10.20.25:197][  0]LogConfig: Setting CVar [[s.UseBackgroundLevelStreaming:1]]
[2022.05.10-10.20.25:197][  0]LogConfig: Setting CVar [[s.PriorityAsyncLoadingExtraTime:15.0]]
[2022.05.10-10.20.25:197][  0]LogConfig: Setting CVar [[s.LevelStreamingActorsUpdateTimeLimit:5.0]]
[2022.05.10-10.20.25:197][  0]LogConfig: Setting CVar [[s.PriorityLevelStreamingActorsUpdateExtraTime:5.0]]
[2022.05.10-10.20.25:197][  0]LogConfig: Setting CVar [[s.LevelStreamingComponentsRegistrationGranularity:10]]
[2022.05.10-10.20.25:197][  0]LogConfig: Setting CVar [[s.UnregisterComponentsTimeLimit:1.0]]
[2022.05.10-10.20.25:197][  0]LogConfig: Setting CVar [[s.LevelStreamingComponentsUnregistrationGranularity:5]]
[2022.05.10-10.20.25:197][  0]LogConfig: Setting CVar [[s.FlushStreamingOnExit:1]]
[2022.05.10-10.20.25:197][  0]LogConfig: Applying CVar settings from Section [/Script/Engine.GarbageCollectionSettings] File [D:/MICAGIT/Mica/MicaProject/Saved/Config/Windows/Engine.ini]
[2022.05.10-10.20.25:197][  0]LogConfig: Setting CVar [[gc.MaxObjectsNotConsideredByGC:1]]
[2022.05.10-10.20.25:197][  0]LogConfig: Setting CVar [[gc.SizeOfPermanentObjectPool:0]]
[2022.05.10-10.20.25:197][  0]LogConfig: Setting CVar [[gc.FlushStreamingOnGC:0]]
[2022.05.10-10.20.25:197][  0]LogConfig: Setting CVar [[gc.NumRetriesBeforeForcingGC:10]]
[2022.05.10-10.20.25:197][  0]LogConfig: Setting CVar [[gc.AllowParallelGC:1]]
[2022.05.10-10.20.25:197][  0]LogConfig: Setting CVar [[gc.TimeBetweenPurgingPendingKillObjects:61.1]]
[2022.05.10-10.20.25:197][  0]LogConfig: Setting CVar [[gc.MaxObjectsInEditor:25165824]]
[2022.05.10-10.20.25:197][  0]LogConfig: Setting CVar [[gc.IncrementalBeginDestroyEnabled:1]]
[2022.05.10-10.20.25:197][  0]LogConfig: Setting CVar [[gc.CreateGCClusters:1]]
[2022.05.10-10.20.25:197][  0]LogConfig: Setting CVar [[gc.MinGCClusterSize:5]]
[2022.05.10-10.20.25:197][  0]LogConfig: Setting CVar [[gc.ActorClusteringEnabled:0]]
[2022.05.10-10.20.25:197][  0]LogConfig: Setting CVar [[gc.BlueprintClusteringEnabled:0]]
[2022.05.10-10.20.25:197][  0]LogConfig: Setting CVar [[gc.UseDisregardForGCOnDedicatedServers:0]]
[2022.05.10-10.20.25:197][  0]LogConfig: Setting CVar [[gc.MultithreadedDestructionEnabled:1]]
[2022.05.10-10.20.25:197][  0]LogConfig: Applying CVar settings from Section [/Script/Engine.NetworkSettings] File [D:/MICAGIT/Mica/MicaProject/Saved/Config/Windows/Engine.ini]
[2022.05.10-10.20.25:197][  0]LogConfig: Applying CVar settings from Section [/Script/UnrealEd.CookerSettings] File [D:/MICAGIT/Mica/MicaProject/Saved/Config/Windows/Engine.ini]
[2022.05.10-10.20.25:208][  0]LogConfig: Applying CVar settings from Section [ViewDistanceQuality@3] File [D:/MICAGIT/Mica/MicaProject/Saved/Config/Windows/Scalability.ini]
[2022.05.10-10.20.25:208][  0]LogConfig: Setting CVar [[r.SkeletalMeshLODBias:0]]
[2022.05.10-10.20.25:208][  0]LogConfig: Setting CVar [[r.ViewDistanceScale:1.0]]
[2022.05.10-10.20.25:208][  0]LogConfig: Applying CVar settings from Section [AntiAliasingQuality@3] File [D:/MICAGIT/Mica/MicaProject/Saved/Config/Windows/Scalability.ini]
[2022.05.10-10.20.25:208][  0]LogConfig: Setting CVar [[r.PostProcessAAQuality:4]]
[2022.05.10-10.20.25:208][  0]LogConfig: Applying CVar settings from Section [ShadowQuality@3] File [D:/MICAGIT/Mica/MicaProject/Saved/Config/Windows/Scalability.ini]
[2022.05.10-10.20.25:208][  0]LogConfig: Setting CVar [[r.LightFunctionQuality:1]]
[2022.05.10-10.20.25:208][  0]LogConfig: Setting CVar [[r.ShadowQuality:5]]
[2022.05.10-10.20.25:208][  0]LogConfig: Setting CVar [[r.Shadow.CSM.MaxCascades:10]]
[2022.05.10-10.20.25:208][  0]LogConfig: Setting CVar [[r.Shadow.MaxResolution:2048]]
[2022.05.10-10.20.25:208][  0]LogConfig: Setting CVar [[r.Shadow.MaxCSMResolution:2048]]
[2022.05.10-10.20.25:208][  0]LogConfig: Setting CVar [[r.Shadow.RadiusThreshold:0.01]]
[2022.05.10-10.20.25:208][  0]LogConfig: Setting CVar [[r.Shadow.DistanceScale:1.0]]
[2022.05.10-10.20.25:209][  0]LogConfig: Setting CVar [[r.Shadow.CSM.TransitionScale:1.0]]
[2022.05.10-10.20.25:209][  0]LogConfig: Setting CVar [[r.Shadow.PreShadowResolutionFactor:1.0]]
[2022.05.10-10.20.25:209][  0]LogConfig: Setting CVar [[r.DistanceFieldShadowing:1]]
[2022.05.10-10.20.25:209][  0]LogConfig: Setting CVar [[r.DistanceFieldAO:1]]
[2022.05.10-10.20.25:209][  0]LogConfig: Setting CVar [[r.AOQuality:2]]
[2022.05.10-10.20.25:209][  0]LogConfig: Setting CVar [[r.VolumetricFog:1]]
[2022.05.10-10.20.25:209][  0]LogConfig: Setting CVar [[r.VolumetricFog.GridPixelSize:8]]
[2022.05.10-10.20.25:209][  0]LogConfig: Setting CVar [[r.VolumetricFog.GridSizeZ:128]]
[2022.05.10-10.20.25:209][  0]LogConfig: Setting CVar [[r.VolumetricFog.HistoryMissSupersampleCount:4]]
[2022.05.10-10.20.25:209][  0]LogConfig: Setting CVar [[r.LightMaxDrawDistanceScale:1]]
[2022.05.10-10.20.25:209][  0]LogConfig: Setting CVar [[r.CapsuleShadows:1]]
[2022.05.10-10.20.25:209][  0]LogConfig: Applying CVar settings from Section [PostProcessQuality@3] File [D:/MICAGIT/Mica/MicaProject/Saved/Config/Windows/Scalability.ini]
[2022.05.10-10.20.25:209][  0]LogConfig: Setting CVar [[r.MotionBlurQuality:4]]
[2022.05.10-10.20.25:209][  0]LogConfig: Setting CVar [[r.AmbientOcclusionMipLevelFactor:0.4]]
[2022.05.10-10.20.25:209][  0]LogConfig: Setting CVar [[r.AmbientOcclusionMaxQuality:100]]
[2022.05.10-10.20.25:209][  0]LogConfig: Setting CVar [[r.AmbientOcclusionLevels:-1]]
[2022.05.10-10.20.25:209][  0]LogConfig: Setting CVar [[r.AmbientOcclusionRadiusScale:1.0]]
[2022.05.10-10.20.25:209][  0]LogConfig: Setting CVar [[r.DepthOfFieldQuality:2]]
[2022.05.10-10.20.25:209][  0]LogConfig: Setting CVar [[r.RenderTargetPoolMin:400]]
[2022.05.10-10.20.25:209][  0]LogConfig: Setting CVar [[r.LensFlareQuality:2]]
[2022.05.10-10.20.25:209][  0]LogConfig: Setting CVar [[r.SceneColorFringeQuality:1]]
[2022.05.10-10.20.25:209][  0]LogConfig: Setting CVar [[r.EyeAdaptationQuality:2]]
[2022.05.10-10.20.25:209][  0]LogConfig: Setting CVar [[r.BloomQuality:5]]
[2022.05.10-10.20.25:209][  0]LogConfig: Setting CVar [[r.FastBlurThreshold:100]]
[2022.05.10-10.20.25:209][  0]LogConfig: Setting CVar [[r.Upscale.Quality:3]]
[2022.05.10-10.20.25:209][  0]LogConfig: Setting CVar [[r.Tonemapper.GrainQuantization:1]]
[2022.05.10-10.20.25:209][  0]LogConfig: Setting CVar [[r.LightShaftQuality:1]]
[2022.05.10-10.20.25:209][  0]LogConfig: Setting CVar [[r.Filter.SizeScale:1]]
[2022.05.10-10.20.25:209][  0]LogConfig: Setting CVar [[r.Tonemapper.Quality:5]]
[2022.05.10-10.20.25:209][  0]LogConfig: Setting CVar [[r.DOF.Gather.AccumulatorQuality:1        ; higher gathering accumulator quality]]
[2022.05.10-10.20.25:209][  0]LogConfig: Setting CVar [[r.DOF.Gather.PostfilterMethod:1          ; Median3x3 postfilering method]]
[2022.05.10-10.20.25:209][  0]LogConfig: Setting CVar [[r.DOF.Gather.EnableBokehSettings:0       ; no bokeh simulation when gathering]]
[2022.05.10-10.20.25:209][  0]LogConfig: Setting CVar [[r.DOF.Gather.RingCount:4                 ; medium number of samples when gathering]]
[2022.05.10-10.20.25:209][  0]LogConfig: Setting CVar [[r.DOF.Scatter.ForegroundCompositing:1    ; additive foreground scattering]]
[2022.05.10-10.20.25:209][  0]LogConfig: Setting CVar [[r.DOF.Scatter.BackgroundCompositing:2    ; additive background scattering]]
[2022.05.10-10.20.25:209][  0]LogConfig: Setting CVar [[r.DOF.Scatter.EnableBokehSettings:1      ; bokeh simulation when scattering]]
[2022.05.10-10.20.25:209][  0]LogConfig: Setting CVar [[r.DOF.Scatter.MaxSpriteRatio:0.1         ; only a maximum of 10% of scattered bokeh]]
[2022.05.10-10.20.25:209][  0]LogConfig: Setting CVar [[r.DOF.Recombine.Quality:1                ; cheap slight out of focus]]
[2022.05.10-10.20.25:209][  0]LogConfig: Setting CVar [[r.DOF.Recombine.EnableBokehSettings:0    ; no bokeh simulation on slight out of focus]]
[2022.05.10-10.20.25:209][  0]LogConfig: Setting CVar [[r.DOF.TemporalAAQuality:1                ; more stable temporal accumulation]]
[2022.05.10-10.20.25:209][  0]LogConfig: Setting CVar [[r.DOF.Kernel.MaxForegroundRadius:0.025]]
[2022.05.10-10.20.25:209][  0]LogConfig: Setting CVar [[r.DOF.Kernel.MaxBackgroundRadius:0.025]]
[2022.05.10-10.20.25:209][  0]LogConfig: Applying CVar settings from Section [TextureQuality@3] File [D:/MICAGIT/Mica/MicaProject/Saved/Config/Windows/Scalability.ini]
[2022.05.10-10.20.25:209][  0]LogConfig: Setting CVar [[r.Streaming.MipBias:0]]
[2022.05.10-10.20.25:209][  0]LogConfig: Setting CVar [[r.Streaming.AmortizeCPUToGPUCopy:0]]
[2022.05.10-10.20.25:209][  0]LogConfig: Setting CVar [[r.Streaming.MaxNumTexturesToStreamPerFrame:0]]
[2022.05.10-10.20.25:209][  0]LogConfig: Setting CVar [[r.Streaming.Boost:1]]
[2022.05.10-10.20.25:209][  0]LogConfig: Setting CVar [[r.MaxAnisotropy:8]]
[2022.05.10-10.20.25:209][  0]LogConfig: Setting CVar [[r.VT.MaxAnisotropy:8]]
[2022.05.10-10.20.25:209][  0]LogConfig: Setting CVar [[r.Streaming.LimitPoolSizeToVRAM:0]]
[2022.05.10-10.20.25:209][  0]LogConfig: Setting CVar [[r.Streaming.PoolSize:1000]]
[2022.05.10-10.20.25:209][  0]LogConfig: Setting CVar [[r.Streaming.MaxEffectiveScreenSize:0]]
[2022.05.10-10.20.25:209][  0]LogConfig: Applying CVar settings from Section [EffectsQuality@3] File [D:/MICAGIT/Mica/MicaProject/Saved/Config/Windows/Scalability.ini]
[2022.05.10-10.20.25:209][  0]LogConfig: Setting CVar [[r.TranslucencyLightingVolumeDim:64]]
[2022.05.10-10.20.25:209][  0]LogConfig: Setting CVar [[r.RefractionQuality:2]]
[2022.05.10-10.20.25:209][  0]LogConfig: Setting CVar [[r.SSR.Quality:3]]
[2022.05.10-10.20.25:209][  0]LogConfig: Setting CVar [[r.SSR.HalfResSceneColor:0]]
[2022.05.10-10.20.25:209][  0]LogConfig: Setting CVar [[r.SceneColorFormat:4]]
[2022.05.10-10.20.25:209][  0]LogConfig: Setting CVar [[r.DetailMode:2]]
[2022.05.10-10.20.25:209][  0]LogConfig: Setting CVar [[r.TranslucencyVolumeBlur:1]]
[2022.05.10-10.20.25:209][  0]LogConfig: Setting CVar [[r.MaterialQualityLevel:1 ; High quality]]
[2022.05.10-10.20.25:209][  0]LogConfig: Setting CVar [[r.AnisotropicMaterials:1]]
[2022.05.10-10.20.25:209][  0]LogConfig: Setting CVar [[r.SSS.Scale:1]]
[2022.05.10-10.20.25:209][  0]LogConfig: Setting CVar [[r.SSS.SampleSet:2]]
[2022.05.10-10.20.25:209][  0]LogConfig: Setting CVar [[r.SSS.Quality:1]]
[2022.05.10-10.20.25:209][  0]LogConfig: Setting CVar [[r.SSS.HalfRes:0]]
[2022.05.10-10.20.25:209][  0]LogConfig: Setting CVar [[r.SSGI.Quality:3]]
[2022.05.10-10.20.25:209][  0]LogConfig: Setting CVar [[r.EmitterSpawnRateScale:1.0]]
[2022.05.10-10.20.25:209][  0]LogConfig: Setting CVar [[r.ParticleLightQuality:2]]
[2022.05.10-10.20.25:209][  0]LogConfig: Setting CVar [[r.SkyAtmosphere.AerialPerspectiveLUT.FastApplyOnOpaque:1 ; Always have FastSkyLUT 1 in this case to avoid wrong sky]]
[2022.05.10-10.20.25:209][  0]LogConfig: Setting CVar [[r.SkyAtmosphere.AerialPerspectiveLUT.SampleCountMaxPerSlice:4]]
[2022.05.10-10.20.25:209][  0]LogConfig: Setting CVar [[r.SkyAtmosphere.AerialPerspectiveLUT.DepthResolution:16.0]]
[2022.05.10-10.20.25:209][  0]LogConfig: Setting CVar [[r.SkyAtmosphere.FastSkyLUT:1]]
[2022.05.10-10.20.25:209][  0]LogConfig: Setting CVar [[r.SkyAtmosphere.FastSkyLUT.SampleCountMin:4.0]]
[2022.05.10-10.20.25:209][  0]LogConfig: Setting CVar [[r.SkyAtmosphere.FastSkyLUT.SampleCountMax:128.0]]
[2022.05.10-10.20.25:209][  0]LogConfig: Setting CVar [[r.SkyAtmosphere.SampleCountMin:4.0]]
[2022.05.10-10.20.25:209][  0]LogConfig: Setting CVar [[r.SkyAtmosphere.SampleCountMax:128.0]]
[2022.05.10-10.20.25:209][  0]LogConfig: Setting CVar [[r.SkyAtmosphere.TransmittanceLUT.UseSmallFormat:0]]
[2022.05.10-10.20.25:209][  0]LogConfig: Setting CVar [[r.SkyAtmosphere.TransmittanceLUT.SampleCount:10.0]]
[2022.05.10-10.20.25:209][  0]LogConfig: Setting CVar [[r.SkyAtmosphere.MultiScatteringLUT.SampleCount:15.0]]
[2022.05.10-10.20.25:209][  0]LogConfig: Setting CVar [[r.SkyLight.RealTimeReflectionCapture:1]]
[2022.05.10-10.20.25:209][  0]LogConfig: Applying CVar settings from Section [FoliageQuality@3] File [D:/MICAGIT/Mica/MicaProject/Saved/Config/Windows/Scalability.ini]
[2022.05.10-10.20.25:209][  0]LogConfig: Setting CVar [[foliage.DensityScale:1.0]]
[2022.05.10-10.20.25:209][  0]LogConfig: Setting CVar [[grass.DensityScale:1.0]]
[2022.05.10-10.20.25:209][  0]LogConfig: Applying CVar settings from Section [ShadingQuality@3] File [D:/MICAGIT/Mica/MicaProject/Saved/Config/Windows/Scalability.ini]
[2022.05.10-10.20.25:209][  0]LogConfig: Setting CVar [[r.HairStrands.SkyLighting.IntegrationType:2]]
[2022.05.10-10.20.25:209][  0]LogConfig: Setting CVar [[r.HairStrands.SkyAO.SampleCount:4]]
[2022.05.10-10.20.25:209][  0]LogConfig: Setting CVar [[r.HairStrands.Visibility.MSAA.SamplePerPixel:4]]
[2022.05.10-10.20.25:209][  0]LogInit: Selected Device Profile: [Windows]
[2022.05.10-10.20.25:209][  0]LogInit: Applying CVar settings loaded from the selected device profile: [Windows]
[2022.05.10-10.20.25:209][  0]LogHAL: Display: Platform has ~ 16 GB [17002713088 / 17179869184 / 16], which maps to Larger [LargestMinGB=32, LargerMinGB=12, DefaultMinGB=8, SmallerMinGB=6, SmallestMinGB=0)
[2022.05.10-10.20.25:209][  0]LogInit: Going up to parent DeviceProfile []
[2022.05.10-10.20.25:209][  0]LogConfig: Applying CVar settings from Section [ViewDistanceQuality@3] File [D:/MICAGIT/Mica/MicaProject/Saved/Config/Windows/Scalability.ini]
[2022.05.10-10.20.25:209][  0]LogConfig: Setting CVar [[r.SkeletalMeshLODBias:0]]
[2022.05.10-10.20.25:209][  0]LogConfig: Setting CVar [[r.ViewDistanceScale:1.0]]
[2022.05.10-10.20.25:209][  0]LogConfig: Applying CVar settings from Section [AntiAliasingQuality@3] File [D:/MICAGIT/Mica/MicaProject/Saved/Config/Windows/Scalability.ini]
[2022.05.10-10.20.25:209][  0]LogConfig: Setting CVar [[r.PostProcessAAQuality:4]]
[2022.05.10-10.20.25:210][  0]LogConfig: Applying CVar settings from Section [ShadowQuality@3] File [D:/MICAGIT/Mica/MicaProject/Saved/Config/Windows/Scalability.ini]
[2022.05.10-10.20.25:210][  0]LogConfig: Setting CVar [[r.LightFunctionQuality:1]]
[2022.05.10-10.20.25:210][  0]LogConfig: Setting CVar [[r.ShadowQuality:5]]
[2022.05.10-10.20.25:210][  0]LogConfig: Setting CVar [[r.Shadow.CSM.MaxCascades:10]]
[2022.05.10-10.20.25:210][  0]LogConfig: Setting CVar [[r.Shadow.MaxResolution:2048]]
[2022.05.10-10.20.25:210][  0]LogConfig: Setting CVar [[r.Shadow.MaxCSMResolution:2048]]
[2022.05.10-10.20.25:210][  0]LogConfig: Setting CVar [[r.Shadow.RadiusThreshold:0.01]]
[2022.05.10-10.20.25:210][  0]LogConfig: Setting CVar [[r.Shadow.DistanceScale:1.0]]
[2022.05.10-10.20.25:210][  0]LogConfig: Setting CVar [[r.Shadow.CSM.TransitionScale:1.0]]
[2022.05.10-10.20.25:210][  0]LogConfig: Setting CVar [[r.Shadow.PreShadowResolutionFactor:1.0]]
[2022.05.10-10.20.25:210][  0]LogConfig: Setting CVar [[r.DistanceFieldShadowing:1]]
[2022.05.10-10.20.25:210][  0]LogConfig: Setting CVar [[r.DistanceFieldAO:1]]
[2022.05.10-10.20.25:210][  0]LogConfig: Setting CVar [[r.AOQuality:2]]
[2022.05.10-10.20.25:210][  0]LogConfig: Setting CVar [[r.VolumetricFog:1]]
[2022.05.10-10.20.25:210][  0]LogConfig: Setting CVar [[r.VolumetricFog.GridPixelSize:8]]
[2022.05.10-10.20.25:210][  0]LogConfig: Setting CVar [[r.VolumetricFog.GridSizeZ:128]]
[2022.05.10-10.20.25:210][  0]LogConfig: Setting CVar [[r.VolumetricFog.HistoryMissSupersampleCount:4]]
[2022.05.10-10.20.25:210][  0]LogConfig: Setting CVar [[r.LightMaxDrawDistanceScale:1]]
[2022.05.10-10.20.25:210][  0]LogConfig: Setting CVar [[r.CapsuleShadows:1]]
[2022.05.10-10.20.25:210][  0]LogConfig: Applying CVar settings from Section [PostProcessQuality@3] File [D:/MICAGIT/Mica/MicaProject/Saved/Config/Windows/Scalability.ini]
[2022.05.10-10.20.25:210][  0]LogConfig: Setting CVar [[r.MotionBlurQuality:4]]
[2022.05.10-10.20.25:210][  0]LogConfig: Setting CVar [[r.AmbientOcclusionMipLevelFactor:0.4]]
[2022.05.10-10.20.25:210][  0]LogConfig: Setting CVar [[r.AmbientOcclusionMaxQuality:100]]
[2022.05.10-10.20.25:210][  0]LogConfig: Setting CVar [[r.AmbientOcclusionLevels:-1]]
[2022.05.10-10.20.25:210][  0]LogConfig: Setting CVar [[r.AmbientOcclusionRadiusScale:1.0]]
[2022.05.10-10.20.25:210][  0]LogConfig: Setting CVar [[r.DepthOfFieldQuality:2]]
[2022.05.10-10.20.25:210][  0]LogConfig: Setting CVar [[r.RenderTargetPoolMin:400]]
[2022.05.10-10.20.25:210][  0]LogConfig: Setting CVar [[r.LensFlareQuality:2]]
[2022.05.10-10.20.25:210][  0]LogConfig: Setting CVar [[r.SceneColorFringeQuality:1]]
[2022.05.10-10.20.25:210][  0]LogConfig: Setting CVar [[r.EyeAdaptationQuality:2]]
[2022.05.10-10.20.25:210][  0]LogConfig: Setting CVar [[r.BloomQuality:5]]
[2022.05.10-10.20.25:210][  0]LogConfig: Setting CVar [[r.FastBlurThreshold:100]]
[2022.05.10-10.20.25:210][  0]LogConfig: Setting CVar [[r.Upscale.Quality:3]]
[2022.05.10-10.20.25:210][  0]LogConfig: Setting CVar [[r.Tonemapper.GrainQuantization:1]]
[2022.05.10-10.20.25:210][  0]LogConfig: Setting CVar [[r.LightShaftQuality:1]]
[2022.05.10-10.20.25:210][  0]LogConfig: Setting CVar [[r.Filter.SizeScale:1]]
[2022.05.10-10.20.25:210][  0]LogConfig: Setting CVar [[r.Tonemapper.Quality:5]]
[2022.05.10-10.20.25:210][  0]LogConfig: Setting CVar [[r.DOF.Gather.AccumulatorQuality:1        ; higher gathering accumulator quality]]
[2022.05.10-10.20.25:210][  0]LogConfig: Setting CVar [[r.DOF.Gather.PostfilterMethod:1          ; Median3x3 postfilering method]]
[2022.05.10-10.20.25:210][  0]LogConfig: Setting CVar [[r.DOF.Gather.EnableBokehSettings:0       ; no bokeh simulation when gathering]]
[2022.05.10-10.20.25:210][  0]LogConfig: Setting CVar [[r.DOF.Gather.RingCount:4                 ; medium number of samples when gathering]]
[2022.05.10-10.20.25:210][  0]LogConfig: Setting CVar [[r.DOF.Scatter.ForegroundCompositing:1    ; additive foreground scattering]]
[2022.05.10-10.20.25:210][  0]LogConfig: Setting CVar [[r.DOF.Scatter.BackgroundCompositing:2    ; additive background scattering]]
[2022.05.10-10.20.25:210][  0]LogConfig: Setting CVar [[r.DOF.Scatter.EnableBokehSettings:1      ; bokeh simulation when scattering]]
[2022.05.10-10.20.25:210][  0]LogConfig: Setting CVar [[r.DOF.Scatter.MaxSpriteRatio:0.1         ; only a maximum of 10% of scattered bokeh]]
[2022.05.10-10.20.25:210][  0]LogConfig: Setting CVar [[r.DOF.Recombine.Quality:1                ; cheap slight out of focus]]
[2022.05.10-10.20.25:210][  0]LogConfig: Setting CVar [[r.DOF.Recombine.EnableBokehSettings:0    ; no bokeh simulation on slight out of focus]]
[2022.05.10-10.20.25:210][  0]LogConfig: Setting CVar [[r.DOF.TemporalAAQuality:1                ; more stable temporal accumulation]]
[2022.05.10-10.20.25:210][  0]LogConfig: Setting CVar [[r.DOF.Kernel.MaxForegroundRadius:0.025]]
[2022.05.10-10.20.25:210][  0]LogConfig: Setting CVar [[r.DOF.Kernel.MaxBackgroundRadius:0.025]]
[2022.05.10-10.20.25:210][  0]LogConfig: Applying CVar settings from Section [TextureQuality@3] File [D:/MICAGIT/Mica/MicaProject/Saved/Config/Windows/Scalability.ini]
[2022.05.10-10.20.25:210][  0]LogConfig: Setting CVar [[r.Streaming.MipBias:0]]
[2022.05.10-10.20.25:210][  0]LogConfig: Setting CVar [[r.Streaming.AmortizeCPUToGPUCopy:0]]
[2022.05.10-10.20.25:210][  0]LogConfig: Setting CVar [[r.Streaming.MaxNumTexturesToStreamPerFrame:0]]
[2022.05.10-10.20.25:210][  0]LogConfig: Setting CVar [[r.Streaming.Boost:1]]
[2022.05.10-10.20.25:210][  0]LogConfig: Setting CVar [[r.MaxAnisotropy:8]]
[2022.05.10-10.20.25:210][  0]LogConfig: Setting CVar [[r.VT.MaxAnisotropy:8]]
[2022.05.10-10.20.25:210][  0]LogConfig: Setting CVar [[r.Streaming.LimitPoolSizeToVRAM:0]]
[2022.05.10-10.20.25:210][  0]LogConfig: Setting CVar [[r.Streaming.PoolSize:1000]]
[2022.05.10-10.20.25:210][  0]LogConfig: Setting CVar [[r.Streaming.MaxEffectiveScreenSize:0]]
[2022.05.10-10.20.25:210][  0]LogConfig: Applying CVar settings from Section [EffectsQuality@2] File [D:/MICAGIT/Mica/MicaProject/Saved/Config/Windows/Scalability.ini]
[2022.05.10-10.20.25:210][  0]LogConfig: Setting CVar [[r.TranslucencyLightingVolumeDim:48]]
[2022.05.10-10.20.25:210][  0]LogConfig: Setting CVar [[r.RefractionQuality:2]]
[2022.05.10-10.20.25:210][  0]LogConfig: Setting CVar [[r.SSR.Quality:2]]
[2022.05.10-10.20.25:210][  0]LogConfig: Setting CVar [[r.SSR.HalfResSceneColor:1]]
[2022.05.10-10.20.25:210][  0]LogConfig: Setting CVar [[r.SceneColorFormat:3]]
[2022.05.10-10.20.25:210][  0]LogConfig: Setting CVar [[r.DetailMode:1]]
[2022.05.10-10.20.25:210][  0]LogConfig: Setting CVar [[r.TranslucencyVolumeBlur:1]]
[2022.05.10-10.20.25:210][  0]LogConfig: Setting CVar [[r.MaterialQualityLevel:1 ; High quality]]
[2022.05.10-10.20.25:210][  0]LogConfig: Setting CVar [[r.AnisotropicMaterials:1]]
[2022.05.10-10.20.25:210][  0]LogConfig: Setting CVar [[r.SSS.Scale:1]]
[2022.05.10-10.20.25:210][  0]LogConfig: Setting CVar [[r.SSS.SampleSet:1]]
[2022.05.10-10.20.25:210][  0]LogConfig: Setting CVar [[r.SSS.Quality:-1]]
[2022.05.10-10.20.25:210][  0]LogConfig: Setting CVar [[r.SSS.HalfRes:1]]
[2022.05.10-10.20.25:210][  0]LogConfig: Setting CVar [[r.SSGI.Quality:2]]
[2022.05.10-10.20.25:210][  0]LogConfig: Setting CVar [[r.EmitterSpawnRateScale:0.5]]
[2022.05.10-10.20.25:210][  0]LogConfig: Setting CVar [[r.ParticleLightQuality:1]]
[2022.05.10-10.20.25:210][  0]LogConfig: Setting CVar [[r.SkyAtmosphere.AerialPerspectiveLUT.FastApplyOnOpaque:1 ; Always have FastSkyLUT 1 in this case to avoid wrong sky]]
[2022.05.10-10.20.25:210][  0]LogConfig: Setting CVar [[r.SkyAtmosphere.AerialPerspectiveLUT.SampleCountMaxPerSlice:2]]
[2022.05.10-10.20.25:210][  0]LogConfig: Setting CVar [[r.SkyAtmosphere.AerialPerspectiveLUT.DepthResolution:16.0]]
[2022.05.10-10.20.25:210][  0]LogConfig: Setting CVar [[r.SkyAtmosphere.FastSkyLUT:1]]
[2022.05.10-10.20.25:210][  0]LogConfig: Setting CVar [[r.SkyAtmosphere.FastSkyLUT.SampleCountMin:4.0]]
[2022.05.10-10.20.25:210][  0]LogConfig: Setting CVar [[r.SkyAtmosphere.FastSkyLUT.SampleCountMax:64.0]]
[2022.05.10-10.20.25:210][  0]LogConfig: Setting CVar [[r.SkyAtmosphere.SampleCountMin:4.0]]
[2022.05.10-10.20.25:210][  0]LogConfig: Setting CVar [[r.SkyAtmosphere.SampleCountMax:64.0]]
[2022.05.10-10.20.25:210][  0]LogConfig: Setting CVar [[r.SkyAtmosphere.TransmittanceLUT.UseSmallFormat:0]]
[2022.05.10-10.20.25:210][  0]LogConfig: Setting CVar [[r.SkyAtmosphere.TransmittanceLUT.SampleCount:10.0]]
[2022.05.10-10.20.25:210][  0]LogConfig: Setting CVar [[r.SkyAtmosphere.MultiScatteringLUT.SampleCount:15.0]]
[2022.05.10-10.20.25:210][  0]LogConfig: Setting CVar [[r.SkyLight.RealTimeReflectionCapture:1]]
[2022.05.10-10.20.25:210][  0]LogConfig: Applying CVar settings from Section [FoliageQuality@3] File [D:/MICAGIT/Mica/MicaProject/Saved/Config/Windows/Scalability.ini]
[2022.05.10-10.20.25:210][  0]LogConfig: Setting CVar [[foliage.DensityScale:1.0]]
[2022.05.10-10.20.25:210][  0]LogConfig: Setting CVar [[grass.DensityScale:1.0]]
[2022.05.10-10.20.25:210][  0]LogConfig: Applying CVar settings from Section [ShadingQuality@3] File [D:/MICAGIT/Mica/MicaProject/Saved/Config/Windows/Scalability.ini]
[2022.05.10-10.20.25:210][  0]LogConfig: Setting CVar [[r.HairStrands.SkyLighting.IntegrationType:2]]
[2022.05.10-10.20.25:210][  0]LogConfig: Setting CVar [[r.HairStrands.SkyAO.SampleCount:4]]
[2022.05.10-10.20.25:210][  0]LogConfig: Setting CVar [[r.HairStrands.Visibility.MSAA.SamplePerPixel:4]]
[2022.05.10-10.20.25:210][  0]LogConfig: Applying CVar settings from Section [Startup] File [../../../Engine/Config/ConsoleVariables.ini]
[2022.05.10-10.20.25:211][  0]LogConfig: Setting CVar [[net.UseAdaptiveNetUpdateFrequency:0]]
[2022.05.10-10.20.25:211][  0]LogConfig: Setting CVar [[p.chaos.AllowCreatePhysxBodies:1]]
[2022.05.10-10.20.25:211][  0]LogConfig: Setting CVar [[fx.SkipVectorVMBackendOptimizations:1]]
[2022.05.10-10.20.25:211][  0]LogConfig: Applying CVar settings from Section [ConsoleVariables] File [D:/MICAGIT/Mica/MicaProject/Saved/Config/Windows/Engine.ini]
[2022.05.10-10.20.25:211][  0]LogConfig: Applying CVar settings from Section [ConsoleVariables] File [D:/MICAGIT/Mica/MicaProject/Saved/Config/Windows/Editor.ini]
[2022.05.10-10.20.25:211][  0]LogInit: Computer: LAPTOP-IPEKU3NU
[2022.05.10-10.20.25:211][  0]LogInit: User: miabe
[2022.05.10-10.20.25:211][  0]LogInit: CPU Page size=4096, Cores=6
[2022.05.10-10.20.25:211][  0]LogInit: High frequency timer resolution =10.000000 MHz
[2022.05.10-10.20.25:211][  0]LogMemory: Memory total: Physical=15.8GB (16GB approx)
[2022.05.10-10.20.25:211][  0]LogMemory: Platform Memory Stats for Windows
[2022.05.10-10.20.25:211][  0]LogMemory: Process Physical Memory: 149.20 MB used, 149.20 MB peak
[2022.05.10-10.20.25:211][  0]LogMemory: Process Virtual Memory: 132.28 MB used, 132.28 MB peak
[2022.05.10-10.20.25:211][  0]LogMemory: Physical Memory: 9265.73 MB used,  6949.32 MB free, 16215.05 MB total
[2022.05.10-10.20.25:211][  0]LogMemory: Virtual Memory: 134207320.00 MB used,  10407.77 MB free, 134217728.00 MB total
[2022.05.10-10.20.25:217][  0]LogWindows: WindowsPlatformFeatures enabled
[2022.05.10-10.20.25:258][  0]LogInit: Physics initialised using underlying interface: PhysX
[2022.05.10-10.20.25:259][  0]LogInit: Using OS detected language (nb-NO).
[2022.05.10-10.20.25:259][  0]LogInit: Using OS detected locale (nb-NO).
[2022.05.10-10.20.25:264][  0]LogTextLocalizationManager: No localization for 'nb-NO' exists, so 'en' will be used for the language.
[2022.05.10-10.20.25:471][  0]LogInit: Setting process to per monitor DPI aware
[2022.05.10-10.20.25:484][  0]LogWindowsTextInputMethodSystem: Display: IME system deactivated.
[2022.05.10-10.20.25:497][  0]LogSlate: New Slate User Created.  User Index 0, Is Virtual User: 0
[2022.05.10-10.20.25:497][  0]LogSlate: Slate User Registered.  User Index 0, Is Virtual User: 0
[2022.05.10-10.20.25:650][  0]LogD3D11RHI: Loaded GFSDK_Aftermath_Lib.x64.dll
[2022.05.10-10.20.25:718][  0]LogHMD: Failed to initialize OpenVR with code 108
[2022.05.10-10.20.25:719][  0]LogD3D11RHI: D3D11 min allowed feature level: 11_0
[2022.05.10-10.20.25:719][  0]LogD3D11RHI: D3D11 max allowed feature level: 11_0
[2022.05.10-10.20.25:719][  0]LogD3D11RHI: D3D11 adapters:
[2022.05.10-10.20.25:813][  0]LogD3D11RHI:    0. 'NVIDIA GeForce RTX 2060' (Feature Level 11_0)
[2022.05.10-10.20.25:813][  0]LogD3D11RHI:       5980/0/8107 MB DedicatedVideo/DedicatedSystem/SharedSystem, Outputs:1, VendorId:0x10de
[2022.05.10-10.20.25:870][  0]LogD3D11RHI:    1. 'Intel(R) UHD Graphics' (Feature Level 11_0)
[2022.05.10-10.20.25:870][  0]LogD3D11RHI:       128/0/8107 MB DedicatedVideo/DedicatedSystem/SharedSystem, Outputs:1, VendorId:0x8086
[2022.05.10-10.20.25:872][  0]LogD3D11RHI:    2. 'Microsoft Basic Render Driver' (Feature Level 11_0)
[2022.05.10-10.20.25:872][  0]LogD3D11RHI:       0/0/8107 MB DedicatedVideo/DedicatedSystem/SharedSystem, Outputs:0, VendorId:0x1414
[2022.05.10-10.20.25:872][  0]LogD3D11RHI: Chosen D3D11 Adapter:
[2022.05.10-10.20.25:873][  0]LogD3D11RHI:     Description : NVIDIA GeForce RTX 2060
[2022.05.10-10.20.25:873][  0]LogD3D11RHI:     VendorId    : 10de
[2022.05.10-10.20.25:873][  0]LogD3D11RHI:     DeviceId    : 1f15
[2022.05.10-10.20.25:873][  0]LogD3D11RHI:     SubSysId    : 143e1025
[2022.05.10-10.20.25:873][  0]LogD3D11RHI:     Revision    : 00a1
[2022.05.10-10.20.25:873][  0]LogD3D11RHI:     DedicatedVideoMemory : 6270484480 bytes
[2022.05.10-10.20.25:873][  0]LogD3D11RHI:     DedicatedSystemMemory : 0 bytes
[2022.05.10-10.20.25:873][  0]LogD3D11RHI:     SharedSystemMemory : 8501356544 bytes
[2022.05.10-10.20.25:873][  0]LogD3D11RHI:     AdapterLuid : 0 92185
[2022.05.10-10.20.25:879][  0]LogD3D11RHI: Creating new Direct3DDevice
[2022.05.10-10.20.25:879][  0]LogD3D11RHI:     GPU DeviceId: 0x1f15 (for the marketing name, search the web for "GPU Device Id")
[2022.05.10-10.20.25:879][  0]LogWindows: EnumDisplayDevices:
[2022.05.10-10.20.25:879][  0]LogWindows:    0. 'Intel(R) UHD Graphics' (P:0 D:1)
[2022.05.10-10.20.25:879][  0]LogWindows:    1. 'Intel(R) UHD Graphics' (P:0 D:0)
[2022.05.10-10.20.25:879][  0]LogWindows:    2. 'Intel(R) UHD Graphics' (P:0 D:0)
[2022.05.10-10.20.25:880][  0]LogWindows:    3. 'NVIDIA GeForce RTX 2060' (P:1 D:1)
[2022.05.10-10.20.25:880][  0]LogWindows: DebugString: PrimaryIsNotTheChoosenAdapter PrimaryIsNotTheChoosenAdapter PrimaryIsNotTheChoosenAdapter 
[2022.05.10-10.20.25:880][  0]LogD3D11RHI:     Adapter Name: NVIDIA GeForce RTX 2060
[2022.05.10-10.20.25:880][  0]LogD3D11RHI:   Driver Version: 462.31 (internal:27.21.14.6231, unified:462.31)
[2022.05.10-10.20.25:880][  0]LogD3D11RHI:      Driver Date: 4-8-2021
[2022.05.10-10.20.25:880][  0]LogRHI: Texture pool is 4186 MB (70% of 5980 MB)
[2022.05.10-10.20.25:880][  0]LogD3D11RHI: Creating D3DDevice using adapter:
[2022.05.10-10.20.25:880][  0]LogD3D11RHI:     Description : NVIDIA GeForce RTX 2060
[2022.05.10-10.20.25:880][  0]LogD3D11RHI:     VendorId    : 10de
[2022.05.10-10.20.25:880][  0]LogD3D11RHI:     DeviceId    : 1f15
[2022.05.10-10.20.25:880][  0]LogD3D11RHI:     SubSysId    : 143e1025
[2022.05.10-10.20.25:880][  0]LogD3D11RHI:     Revision    : 00a1
[2022.05.10-10.20.25:880][  0]LogD3D11RHI:     DedicatedVideoMemory : 6270484480 bytes
[2022.05.10-10.20.25:880][  0]LogD3D11RHI:     DedicatedSystemMemory : 0 bytes
[2022.05.10-10.20.25:880][  0]LogD3D11RHI:     SharedSystemMemory : 8501356544 bytes
[2022.05.10-10.20.25:880][  0]LogD3D11RHI:     AdapterLuid : 0 92185
[2022.05.10-10.20.25:957][  0]LogD3D11RHI: RHI has support for 64 bit atomics
[2022.05.10-10.20.25:958][  0]LogD3D11RHI: Async texture creation enabled
[2022.05.10-10.20.25:958][  0]LogD3D11RHI: Array index from any shader is supported
[2022.05.10-10.20.25:985][  0]LogD3D11RHI: GPU Timing Frequency: 1000.000000 (Debug: 2 2)
[2022.05.10-10.20.26:012][  0]LogRHI: GeForceNow SDK initialized: 1
[2022.05.10-10.20.26:308][  0]LogTargetPlatformManager: Display: Loaded TargetPlatform 'AllDesktop'
[2022.05.10-10.20.26:328][  0]LogTargetPlatformManager: Display: Loaded TargetPlatform 'Android'
[2022.05.10-10.20.26:328][  0]LogTargetPlatformManager: Display: Loaded TargetPlatform 'Android_ASTC'
[2022.05.10-10.20.26:328][  0]LogTargetPlatformManager: Display: Loaded TargetPlatform 'Android_DXT'
[2022.05.10-10.20.26:328][  0]LogTargetPlatformManager: Display: Loaded TargetPlatform 'Android_ETC2'
[2022.05.10-10.20.26:328][  0]LogTargetPlatformManager: Display: Loaded TargetPlatform 'AndroidClient'
[2022.05.10-10.20.26:328][  0]LogTargetPlatformManager: Display: Loaded TargetPlatform 'Android_ASTCClient'
[2022.05.10-10.20.26:328][  0]LogTargetPlatformManager: Display: Loaded TargetPlatform 'Android_DXTClient'
[2022.05.10-10.20.26:328][  0]LogTargetPlatformManager: Display: Loaded TargetPlatform 'Android_ETC2Client'
[2022.05.10-10.20.26:328][  0]LogTargetPlatformManager: Display: Loaded TargetPlatform 'Android_Multi'
[2022.05.10-10.20.26:328][  0]LogTargetPlatformManager: Display: Loaded TargetPlatform 'Android_MultiClient'
[2022.05.10-10.20.26:350][  0]LogTargetPlatformManager: Display: Loaded TargetPlatform 'IOSClient'
[2022.05.10-10.20.26:350][  0]LogTargetPlatformManager: Display: Loaded TargetPlatform 'IOS'
[2022.05.10-10.20.26:360][  0]LogTargetPlatformManager: Display: Loaded TargetPlatform 'Linux'
[2022.05.10-10.20.26:366][  0]LogTargetPlatformManager: Display: Loaded TargetPlatform 'LinuxNoEditor'
[2022.05.10-10.20.26:370][  0]LogTargetPlatformManager: Display: Loaded TargetPlatform 'LinuxClient'
[2022.05.10-10.20.26:375][  0]LogTargetPlatformManager: Display: Loaded TargetPlatform 'LinuxServer'
[2022.05.10-10.20.26:385][  0]LogTargetPlatformManager: Display: Loaded TargetPlatform 'LinuxAArch64NoEditor'
[2022.05.10-10.20.26:391][  0]LogTargetPlatformManager: Display: Loaded TargetPlatform 'LinuxAArch64Client'
[2022.05.10-10.20.26:395][  0]LogTargetPlatformManager: Display: Loaded TargetPlatform 'LinuxAArch64Server'
[2022.05.10-10.20.26:421][  0]LogTargetPlatformManager: Display: Loaded TargetPlatform 'Lumin'
[2022.05.10-10.20.26:421][  0]LogTargetPlatformManager: Display: Loaded TargetPlatform 'LuminClient'
[2022.05.10-10.20.26:429][  0]LogTargetPlatformManager: Display: Loaded TargetPlatform 'MacNoEditor'
[2022.05.10-10.20.26:434][  0]LogTargetPlatformManager: Display: Loaded TargetPlatform 'Mac'
[2022.05.10-10.20.26:440][  0]LogTargetPlatformManager: Display: Loaded TargetPlatform 'MacClient'
[2022.05.10-10.20.26:444][  0]LogTargetPlatformManager: Display: Loaded TargetPlatform 'MacServer'
[2022.05.10-10.20.26:456][  0]LogTargetPlatformManager: Display: Loaded TargetPlatform 'TVOSClient'
[2022.05.10-10.20.26:456][  0]LogTargetPlatformManager: Display: Loaded TargetPlatform 'TVOS'
[2022.05.10-10.20.26:465][  0]LogTargetPlatformManager: Display: Loaded TargetPlatform 'WindowsNoEditor'
[2022.05.10-10.20.26:470][  0]LogTargetPlatformManager: Display: Loaded TargetPlatform 'Windows'
[2022.05.10-10.20.26:474][  0]LogTargetPlatformManager: Display: Loaded TargetPlatform 'WindowsClient'
[2022.05.10-10.20.26:480][  0]LogTargetPlatformManager: Display: Loaded TargetPlatform 'WindowsServer'
[2022.05.10-10.20.26:480][  0]LogTargetPlatformManager: Display: Building Assets For Windows
[2022.05.10-10.20.26:492][  0]LogAudioDebug: Display: Lib vorbis DLL was dynamically loaded.
[2022.05.10-10.20.26:532][  0]LogTextureFormatOodle: Display: Oodle Texture 2.9.0 init RDO Off
[2022.05.10-10.20.26:570][  0]LogRendererCore: Ray tracing is disabled. Reason: r.RayTracing=0.
[2022.05.10-10.20.26:570][  0]LogShaderCompilers: Guid format shader working directory is 18 characters bigger than the processId version (D:/MICAGIT/Mica/MicaProject/Intermediate/Shaders/WorkingDirectory/19724/).
[2022.05.10-10.20.26:570][  0]LogShaderCompilers: Cleaned the shader compiler working directory 'C:/Users/miabe/AppData/Local/Temp/UnrealShaderWorkingDir/23C18B8340E4E092136241926D0379C3/'.
[2022.05.10-10.20.26:570][  0]LogXGEController: Cannot use XGE Controller as Incredibuild is not installed on this machine.
[2022.05.10-10.20.26:570][  0]LogShaderCompilers: Cannot use XGE Shader Compiler as Incredibuild is not installed on this machine.
[2022.05.10-10.20.26:570][  0]LogShaderCompilers: Display: Using Local Shader Compiler.
[2022.05.10-10.20.27:274][  0]LogDerivedDataCache: Display: Max Cache Size: 512 MB
[2022.05.10-10.20.27:333][  0]LogDerivedDataCache: Loaded boot cache 0.06s 94MB C:/Users/miabe/AppData/Local/UnrealEngine/4.27/DerivedDataCache/Boot.ddc.
[2022.05.10-10.20.27:333][  0]LogDerivedDataCache: Display: Loaded Boot cache: C:/Users/miabe/AppData/Local/UnrealEngine/4.27/DerivedDataCache/Boot.ddc
[2022.05.10-10.20.27:333][  0]LogDerivedDataCache: FDerivedDataBackendGraph:  Pak pak cache file D:/MICAGIT/Mica/MicaProject/DerivedDataCache/DDC.ddp not found, will not use a pak cache.
[2022.05.10-10.20.27:333][  0]LogDerivedDataCache: Unable to find inner node Pak for hierarchical cache Hierarchy.
[2022.05.10-10.20.27:333][  0]LogDerivedDataCache: FDerivedDataBackendGraph:  CompressedPak pak cache file D:/MICAGIT/Mica/MicaProject/DerivedDataCache/Compressed.ddp not found, will not use a pak cache.
[2022.05.10-10.20.27:333][  0]LogDerivedDataCache: Unable to find inner node CompressedPak for hierarchical cache Hierarchy.
[2022.05.10-10.20.27:350][  0]LogDerivedDataCache: Display: Pak cache opened for reading ../../../Engine/DerivedDataCache/Compressed.ddp.
[2022.05.10-10.20.27:350][  0]LogDerivedDataCache: FDerivedDataBackendGraph:  EnterprisePak pak cache file ../../../Enterprise/DerivedDataCache/Compressed.ddp not found, will not use a pak cache.
[2022.05.10-10.20.27:350][  0]LogDerivedDataCache: Unable to find inner node EnterprisePak for hierarchical cache Hierarchy.
[2022.05.10-10.20.27:361][  0]LogDerivedDataCache: Speed tests for C:/Users/miabe/AppData/Local/UnrealEngine/Common/DerivedDataCache took 0.01 seconds
[2022.05.10-10.20.27:361][  0]LogDerivedDataCache: Display: Performance to C:/Users/miabe/AppData/Local/UnrealEngine/Common/DerivedDataCache: Latency=0.03ms. RandomReadSpeed=950.11MBs, RandomWriteSpeed=100.70MBs. Assigned SpeedClass 'Local'
[2022.05.10-10.20.27:361][  0]LogDerivedDataCache: Using Local data cache path C:/Users/miabe/AppData/Local/UnrealEngine/Common/DerivedDataCache: Writable
[2022.05.10-10.20.27:361][  0]LogDerivedDataCache: Shared data cache path not found in *engine.ini, will not use an Shared cache.
[2022.05.10-10.20.27:361][  0]LogDerivedDataCache: Unable to find inner node Shared for hierarchical cache Hierarchy.
[2022.05.10-10.20.27:403][  0]LogSlate: Using FreeType 2.10.0
[2022.05.10-10.20.27:404][  0]LogSlate: SlateFontServices - WITH_FREETYPE: 1, WITH_HARFBUZZ: 1
[2022.05.10-10.20.27:425][  0]LogAssetRegistry: FAssetRegistry took 0.0022 seconds to start up
[2022.05.10-10.20.27:689][  0]LogInit: Selected Device Profile: [Windows]
[2022.05.10-10.20.27:689][  0]LogInit: Active device profile: [000002462E067800][0000024622B52B00 49] Windows
[2022.05.10-10.20.27:689][  0]LogInit: Profiles: [000002462E067800][0000024622B52B00 49] Windows, [000002462E028A00][0000024622B94C80 49] WindowsNoEditor, [000002462E064900][000002462E7A4E00 49] WindowsServer, [000002462E02B700][000002462E83CF80 49] WindowsClient, [000002462E067600][000002462E841100 49] IOS, [000002462E028D00][000002462E845280 49] iPadAir, [000002462E064C00][000002462E849400 49] iPadAir2, [000002462E008800][000002462E8576C0 49] IPadPro, [000002462E008900][000002462E84D700 49] iPadAir3, [000002462E067300][000002462E8A3880 49] iPadAir4, [000002462E00B900][000002462E8A7A00 49] iPadMini2, [000002462E065000][000002462653FB80 49] iPadMini3, [000002462E009700][0000024626542180 49] iPadMini4, [000002462E066D00][0000024626546300 49] iPadMini5, [000002462E029D00][0000024622B5E580 49] iPhone6, [000002462E02AE00][000002462654A5C0 49] iPodTouch6, [000002462DCA3E00][0000024626552800 49] iPhone7, [000002462DCA3F00][000002462654E840 49] iPodTouch7, [000002462E02BF00][0000024626556980 49] iPhone5S, [000002462DCA0E00][000002462655EB00 49] iPhone6Plus, [000002462E029000][0000024626562C80 49] iPhone6S, [000002462DCA3000][0000024626566E00 49] iPhone6SPlus, [000002462E028500][000002462656AF80 49] iPhone7Plus, [000002462DCA1300][000002462656F100 49] iPhoneSE, [000002462E02A300][000002462657B280 49] iPhone8, [000002462DCA2B00][000002462657F400 49] iPhone8Plus, [000002462E028700][0000024626583580 49] iPhoneX, [000002462DCA1800][0000024626587700 49] iPhoneXS, [000002462E029E00][00000246265A3880 49] iPhoneXSMax, [000002462DCA3C00][00000246265ABA00 49] iPhoneXR, [000002462E029500][000002462EAE9B80 49] iPhone11, [000002462DCA0C00][000002462EB6A180 49] iPhone11Pro, [000002462E02BA00][000002462EB6E300 49] iPhone11ProMax, [000002462DCA2D00][000002462EC38480 49] iPhoneSE2, [000002462E02BE00][000002462AEC4600 49] iPhone12Mini, [000002462DCA3800][000002462655A740 49] iPhone12, [000002462E028E00][000002462AEC8880 49] iPhone12Pro, [000002462DCA2700][000002462AECC9C0 49] iPhone12ProMax, [000002462E029100][000002462AED0B00 49] iPadPro105, [000002462DCA1200][000002462AED8C80 49] iPadPro129, [000002462E02A000][000002462AEDCE00 49] iPadPro97, [000002462DCA1100][000002462AEE0F80 49] iPadPro2_129, [000002462E02A100][000002462AEE5100 49] iPad5, [000002462DCA3200][000002462AEE9280 49] iPad6, [000002462E029B00][000002462AEED400 49] iPad7, [000002462DCA2C00][000002462AEF1580 49] iPad8, [000002462E02B600][000002462AEF5700 49] iPadPro11, [000002462DCA0F00][000002462AEF9880 49] iPadPro2_11, [000002462E028400][000002462AEFDA00 49] iPadPro3_129, [000002462DCA1500][000002462AF01B80 49] iPadPro4_129, [000002462E02B300][000002462AF04180 49] AppleTV, [000002462DCA3700][000002462AF08300 49] AppleTV4K, [000002462E029900][000002462AF0C480 49] TVOS, [000002462DCA0900][000002462AF10600 49] Mac, [000002462E02B800][000002462AF14780 49] MacClient, [000002462DCA2000][000002462AF18900 49] MacNoEditor, [000002462E02B500][000002462AED4A40 49] MacServer, [000002462DCA0500][000002462AF1CB80 49] Linux, [000002462E02AC00][000002462B396CC0 49] LinuxAArch64, [000002462DCA1400][000002462B39EE40 49] LinuxNoEditor, [000002462E02B100][000002462B3A2FC0 49] LinuxAArch64NoEditor, [000002462DCA2400][000002462B3A7140 49] LinuxClient, [000002462E02B400][000002462B3AB2C0 49] LinuxAArch64Client, [000002462DCA0B00][000002462B3AF440 49] LinuxServer, [000002462E029C00][000002462B3B35C0 49] LinuxAArch64Server, [000002462DCA1000][000002462B3B7740 49] Android, [000002462E02A200][000002462B3BB8C0 49] Android_Low, [000002462E009400][000002462B3BFA40 49] Android_Mid, [000002462E2F9900][000002462B3C3BC0 49] Android_High, [000002462E008B00][000002462B3C61C0 49] Android_Default, [000002462E2F8D00][000002462B3CA340 49] Android_Adreno4xx, [000002462E00AB00][000002462B3CE4C0 49] Android_Adreno5xx_Low, [000002462E2F8100][000002462B3D2640 49] Android_Adreno5xx, [000002462E00A800][000002462B3D67C0 49] Android_Adreno6xx, [000002462E2F8B00][000002462B3DA940 49] Android_Adreno6xx_Vulkan, [000002462E008D00][000002462B3DEAC0 49] Android_Mali_T6xx, [000002462E2F9400][000002462B39AC00 49] Android_Mali_T7xx, [000002462E00A400][000002462B3E2D40 49] Android_Mali_T8xx, [000002462E2F8500][000002462B3E6E80 49] Android_Mali_G71, [000002462E008500][000002462B3EAFC0 49] Android_Mali_G72, [000002462E2F8F00][000002462B3F3140 49] Android_Mali_G72_Vulkan, [000002462E00AE00][000002462B3F72C0 49] Android_Mali_G76, [000002462E2F9B00][000002462B3FB440 49] Android_Mali_G76_Vulkan, [000002462E009100][000002462B3FF5C0 49] Android_Mali_G77, [000002462E2FA000][000002462E601740 49] Android_Mali_G77_Vulkan, [000002462E009900][000002462E6058C0 49] Android_Mali_G78, [000002462E2F8200][000002462E609A40 49] Android_Mali_G78_Vulkan, [000002462E009500][000002462E60DBC0 49] Android_Mali_G710, [000002462E2F9500][000002462E6101C0 49] Android_Mali_G710_Vulkan, [000002462E00B700][000002462E614340 49] Android_Vulkan_SM5, [000002462E2FA700][000002462E6184C0 49] Android_PowerVR_G6xxx, [000002462E00BF00][000002462E61C640 49] Android_PowerVR_GT7xxx, [000002462E2F8E00][000002462E6207C0 49] Android_PowerVR_GE8xxx, [000002462E00A900][000002462E624940 49] Android_PowerVR_GM9xxx, [000002462E2F8800][000002462E628AC0 49] Android_PowerVR_GM9xxx_Vulkan, [000002462E029700][000002462E62CC40 49] Android_TegraK1, [000002462DCA0A00][000002462B3EED80 49] Android_Unknown_Vulkan, [000002462E029F00][000002462E630EC0 49] Lumin, [000002462DCA1900][000002462E635000 49] Lumin_Desktop, [000002462E02AA00][000002462E639140 49] HoloLens, 
[2022.05.10-10.20.27:822][  0]LogMeshReduction: Using QuadricMeshReduction for automatic static mesh reduction
[2022.05.10-10.20.27:822][  0]LogMeshReduction: Using SimplygonMeshReduction for automatic skeletal mesh reduction
[2022.05.10-10.20.27:822][  0]LogMeshReduction: Using ProxyLODMeshReduction for automatic mesh merging
[2022.05.10-10.20.27:822][  0]LogMeshReduction: No distributed automatic mesh merging module available
[2022.05.10-10.20.27:822][  0]LogMeshMerging: No distributed automatic mesh merging module available
[2022.05.10-10.20.27:837][  0]LogNetVersion: MicaProject 1.0.0, NetCL: 17155196, EngineNetVer: 17, GameNetVer: 0 (Checksum: 4196606621)
[2022.05.10-10.20.28:184][  0]LogTexture: Default maximum texture size for cubemaps generated from long-lat sources has been changed from 512 to unlimited. In order to preserve old behaiour for '/Engine/MapTemplates/Sky/DaylightAmbientCubemap.DaylightAmbientCubemap', its maximum texture size has been explicitly set to 512.
[2022.05.10-10.20.28:249][  0]LogHMD: PokeAHoleMaterial loaded successfully
[2022.05.10-10.20.28:257][  0]LogUObjectArray: 17178 objects as part of root set at end of initial load.
[2022.05.10-10.20.28:257][  0]LogUObjectAllocator: 4302048 out of 0 bytes used by permanent object pool.
[2022.05.10-10.20.28:257][  0]LogUObjectArray: CloseDisregardForGC: 0/0 objects in disregard for GC pool
[2022.05.10-10.20.28:556][  0]LogNiagaraDebuggerClient: Niagara Debugger Client Initialized | Session: 4C1637494E1692D99272B3B7CA267DE0 | Instance: 6757D06041A077A8A4940C829C71BB5F (LAPTOP-IPEKU3NU-19724).
[2022.05.10-10.20.28:590][  0]LogPython: Using Python 3.7.7
[2022.05.10-10.20.29:186][  0]LogTcpMessaging: Initializing TcpMessaging bridge
[2022.05.10-10.20.29:195][  0]LogUdpMessaging: Initializing bridge on interface 0.0.0.0:0 to multicast group 230.0.0.1:6666.
[2022.05.10-10.20.30:377][  0]SourceControl: Source control is disabled
[2022.05.10-10.20.30:377][  0]SourceControl: Source control is disabled
[2022.05.10-10.20.30:653][  0]SourceControl: Source control is disabled
[2022.05.10-10.20.30:878][  0]SourceControl: Source control is disabled
[2022.05.10-10.20.31:353][  0]SourceControl: Source control is disabled
[2022.05.10-10.20.36:515][  0]LogUProjectInfo: Found projects:
[2022.05.10-10.20.38:185][  0]LogOpenImageDenoise: OIDN starting up
[2022.05.10-10.20.39:748][  0]LogAndroidPermission: UAndroidPermissionCallbackProxy::GetInstance
[2022.05.10-10.20.39:807][  0]LogAudioCaptureCore: Display: No Audio Capture implementations found. Audio input will be silent.
[2022.05.10-10.20.39:807][  0]LogAudioCaptureCore: Display: No Audio Capture implementations found. Audio input will be silent.
[2022.05.10-10.20.40:034][  0]LogCollectionManager: Loaded 0 collections in 0.001426 seconds
[2022.05.10-10.20.40:095][  0]LogFileCache: Scanning file cache for directory 'D:/MICAGIT/Mica/MicaProject/Saved/Collections/' took 0.00s
[2022.05.10-10.20.40:095][  0]LogFileCache: Scanning file cache for directory 'D:/MICAGIT/Mica/MicaProject/Content/Developers/miabe/Collections/' took 0.00s
[2022.05.10-10.20.40:095][  0]LogFileCache: Scanning file cache for directory 'D:/MICAGIT/Mica/MicaProject/Content/Collections/' took 0.00s
[2022.05.10-10.20.40:103][  0]LogOcInput: OculusInput pre-init called
[2022.05.10-10.20.40:601][  0]LogClass: Display: Int8Property FMTSJson::version is not initialized properly. Module:MegascansPlugin File:Private/Utilities/MTSReader.h
[2022.05.10-10.20.40:601][  0]LogClass: Display: Int16Property FMTSJson::resolutionValue is not initialized properly. Module:MegascansPlugin File:Private/Utilities/MTSReader.h
[2022.05.10-10.20.40:601][  0]LogClass: Display: BoolProperty FMTSJson::isExternal is not initialized properly. Module:MegascansPlugin File:Private/Utilities/MTSReader.h
[2022.05.10-10.20.40:601][  0]LogClass: Display: Int8Property FMTSJson::meshVersion is not initialized properly. Module:MegascansPlugin File:Private/Utilities/MTSReader.h
[2022.05.10-10.20.40:601][  0]LogClass: Display: BoolProperty FMTSJson::isCustom is not initialized properly. Module:MegascansPlugin File:Private/Utilities/MTSReader.h
[2022.05.10-10.20.40:601][  0]LogClass: Display: BoolProperty FMTSJson::isModularAsset is not initialized properly. Module:MegascansPlugin File:Private/Utilities/MTSReader.h
[2022.05.10-10.20.40:601][  0]LogClass: Display: Int8Property FLodList::variation is not initialized properly. Module:MegascansPlugin File:Private/Utilities/MTSReader.h
[2022.05.10-10.20.40:601][  0]LogClass: Display: Int16Property FMeshList::resolution is not initialized properly. Module:MegascansPlugin File:Private/Utilities/MTSReader.h
[2022.05.10-10.20.40:601][  0]LogClass: Display: Int16Property FComponents::resolution is not initialized properly. Module:MegascansPlugin File:Private/Utilities/MTSReader.h
[2022.05.10-10.20.40:601][  0]LogClass: Display: BoolProperty FTextureSets::isUdim is not initialized properly. Module:MegascansPlugin File:Private/Utilities/MTSReader.h
[2022.05.10-10.20.40:601][  0]LogClass: Display: BoolProperty FMeta::value is not initialized properly. Module:MegascansPlugin File:Private/Utilities/MTSReader.h
[2022.05.10-10.20.40:601][  0]LogClass: Display: 11 Uninitialized script struct members found including 0 object properties
[2022.05.10-10.20.40:602][  0]LogEngine: Initializing Engine...
[2022.05.10-10.20.40:681][  0]LogHMD: Failed to initialize OpenVR with code 108
[2022.05.10-10.20.40:696][  0]LogHMD: Optional extension XR_VARJO_quad_views is not available
[2022.05.10-10.20.40:696][  0]LogHMD: Warning: Required extension XR_EXT_eye_gaze_interaction is not available
[2022.05.10-10.20.40:696][  0]LogHMD: Could not enable all required OpenXR extensions for OpenXREyeTracker on current system. This plugin will be loaded but ignored, but will be enabled on a target platform that supports the required extension.
[2022.05.10-10.20.40:737][  0]LogHMD: Failed to create an OpenXR instance, result is XR_ERROR_RUNTIME_FAILURE. Please check if you have an OpenXR runtime installed. The following extensions were enabled:
[2022.05.10-10.20.40:737][  0]LogHMD: - XR_KHR_D3D11_enable
[2022.05.10-10.20.40:737][  0]LogHMD: - XR_KHR_D3D12_enable
[2022.05.10-10.20.40:737][  0]LogHMD: - XR_KHR_opengl_enable
[2022.05.10-10.20.40:737][  0]LogHMD: - XR_KHR_vulkan_enable
[2022.05.10-10.20.40:737][  0]LogHMD: - XR_KHR_composition_layer_depth
[2022.05.10-10.20.40:737][  0]LogHMD: - XR_KHR_visibility_mask
[2022.05.10-10.20.40:737][  0]LogHMD: - XR_EXT_hand_tracking
[2022.05.10-10.20.40:737][  0]LogMagicLeap: Warning: VR disabled because ZI is not enabled.  To enable, in the editor, Edit -> Project Settings -> Plugins -> Magic Leap Plugin -> Enable Zero Iteration
[2022.05.10-10.20.40:738][  0]LogStats: UGameplayTagsManager::InitializeManager -  0.000 s
[2022.05.10-10.20.40:865][  0]LogInit: Initializing FReadOnlyCVARCache
[2022.05.10-10.20.40:884][  0]LogAIModule: Creating AISystem for world Untitled
[2022.05.10-10.20.40:887][  0]LogAudio: Display: Initializing Audio Device Manager...
[2022.05.10-10.20.40:895][  0]LogAudio: Display: Loading Default Audio Settings Objects...
[2022.05.10-10.20.40:896][  0]LogAudio: Display: No default SoundConcurrencyObject specified (or failed to load).
[2022.05.10-10.20.40:897][  0]LogAudio: Display: Audio Device Manager Initialized
[2022.05.10-10.20.40:897][  0]LogAudio: Display: Creating Audio Device:                 Id: 1, Scope: Shared, Realtime: True
[2022.05.10-10.20.40:897][  0]LogAudioMixer: Display: Audio Mixer Platform Settings:
[2022.05.10-10.20.40:897][  0]LogAudioMixer: Display: 	Sample Rate:						  48000
[2022.05.10-10.20.40:897][  0]LogAudioMixer: Display: 	Callback Buffer Frame Size Requested: 1024
[2022.05.10-10.20.40:897][  0]LogAudioMixer: Display: 	Callback Buffer Frame Size To Use:	  1024
[2022.05.10-10.20.40:897][  0]LogAudioMixer: Display: 	Number of buffers to queue:			  2
[2022.05.10-10.20.40:897][  0]LogAudioMixer: Display: 	Max Channels (voices):				  32
[2022.05.10-10.20.40:897][  0]LogAudioMixer: Display: 	Number of Async Source Workers:		  0
[2022.05.10-10.20.40:897][  0]LogAudio: Display: AudioDevice MaxSources: 32
[2022.05.10-10.20.40:897][  0]LogAudio: Display: Audio Spatialization Plugin: None (built-in).
[2022.05.10-10.20.40:897][  0]LogAudio: Display: Audio Reverb Plugin: None (built-in).
[2022.05.10-10.20.40:897][  0]LogAudio: Display: Audio Occlusion Plugin: None (built-in).
[2022.05.10-10.20.40:897][  0]LogAudioMixer: Display: Initializing audio mixer.
[2022.05.10-10.20.40:918][  0]LogAudioMixer: Display: 0: FrontLeft
[2022.05.10-10.20.40:918][  0]LogAudioMixer: Display: 1: FrontRight
[2022.05.10-10.20.41:075][  0]LogAudioMixer: Display: Using Audio Device Headphones (Realtek(R) Audio)
[2022.05.10-10.20.41:078][  0]LogAudioMixer: Display: Initializing Sound Submixes...
[2022.05.10-10.20.41:081][  0]LogAudioMixer: Display: Creating Master Submix 'MasterSubmixDefault'
[2022.05.10-10.20.41:081][  0]LogAudioMixer: Display: Creating Master Submix 'MasterReverbSubmixDefault'
[2022.05.10-10.20.41:082][  0]LogAudioMixer: Display: Creating Master Submix 'MasterEQSubmixDefault'
[2022.05.10-10.20.41:082][  0]LogAudioMixer: FMixerPlatformXAudio2::StartAudioStream() called
[2022.05.10-10.20.41:082][  0]LogAudioMixer: Display: Output buffers initialized: Frames=1024, Channels=2, Samples=2048
[2022.05.10-10.20.41:085][  0]LogAudioMixer: Display: Starting AudioMixerPlatformInterface::RunInternal()
[2022.05.10-10.20.41:085][  0]LogAudioMixer: Display: FMixerPlatformXAudio2::SubmitBuffer() called for the first time
[2022.05.10-10.20.41:085][  0]LogInit: FAudioDevice initialized.
[2022.05.10-10.20.41:085][  0]LogAudio: Display: Audio Device (ID: 1) registered with world 'Untitled'.
[2022.05.10-10.20.41:085][  0]LogNetVersion: Set ProjectVersion to 1.0.0.0. Version Checksum will be recalculated on next use.
[2022.05.10-10.20.41:136][  0]LogDerivedDataCache: Saved boot cache 0.05s 94MB C:/Users/miabe/AppData/Local/UnrealEngine/4.27/DerivedDataCache/Boot.ddc.
[2022.05.10-10.20.41:139][  0]LogInit: Texture streaming: Enabled
[2022.05.10-10.20.41:167][  0]LogAnalytics: Display: [UEEditor.Rocket.Release] APIServer = https://datarouter.ol.epicgames.com/. AppVersion = 4.27.2-18319896+++UE4+Release-4.27
[2022.05.10-10.20.41:175][  0]LogEngineSessionManager: EngineSessionManager initialized
[2022.05.10-10.20.41:175][  0]LogEditorSessionSummary: Verbose: Initializing EditorSessionSummaryWriter for editor session tracking
[2022.05.10-10.20.41:180][  0]LogEditorSessionSummary: EditorSessionSummaryWriter initialized
[2022.05.10-10.20.41:244][  0]LogInit: Transaction tracking system initialized
[2022.05.10-10.20.41:322][  0]BlueprintLog: New page: Editor Load
[2022.05.10-10.20.41:561][  0]LocalizationService: Localization service is disabled
[2022.05.10-10.20.41:710][  0]TimingProfiler: Initialize
[2022.05.10-10.20.41:710][  0]TimingProfiler: OnSessionChanged
[2022.05.10-10.20.41:710][  0]LoadingProfiler: Initialize
[2022.05.10-10.20.41:710][  0]LoadingProfiler: OnSessionChanged
[2022.05.10-10.20.41:710][  0]NetworkingProfiler: Initialize
[2022.05.10-10.20.41:710][  0]NetworkingProfiler: OnSessionChanged
[2022.05.10-10.20.41:710][  0]MemoryProfiler: Initialize
[2022.05.10-10.20.41:710][  0]MemoryProfiler: OnSessionChanged
[2022.05.10-10.20.42:014][  0]LogCook: Display: CookSettings for Memory: MemoryMaxUsedVirtual 0MiB, MemoryMaxUsedPhysical 16384MiB, MemoryMinFreeVirtual 0MiB, MemoryMinFreePhysical 1024MiB
[2022.05.10-10.20.42:014][  0]LogCook: Display: Mobile HDR setting 1
[2022.05.10-10.20.42:447][  0]LogFileCache: Scanning file cache for directory 'D:/MICAGIT/Mica/MicaProject/Content/' took 0.00s
[2022.05.10-10.20.42:711][  0]LogInit: Display: Engine is initialized. Leaving FEngineLoop::Init()
[2022.05.10-10.20.42:716][  0]SourceControl: Source control is disabled
[2022.05.10-10.20.42:716][  0]LogUnrealEdMisc: Loading editor; pre map load, took 19.209
[2022.05.10-10.20.42:716][  0]Cmd: MAP LOAD FILE="../../../Engine/Content/Maps/Templates/Template_Default.umap" TEMPLATE=1 SHOWPROGRESS=1 FEATURELEVEL=3
[2022.05.10-10.20.42:717][  0]LightingResults: New page: Lighting Build
[2022.05.10-10.20.42:718][  0]LogWorld: UWorld::CleanupWorld for Untitled, bSessionEnded=true, bCleanupResources=true
[2022.05.10-10.20.42:718][  0]LogSlate: InvalidateAllWidgets triggered.  All widgets were invalidated
[2022.05.10-10.20.42:719][  0]MapCheck: New page: Map Check
[2022.05.10-10.20.42:719][  0]LightingResults: New page: Lighting Build
[2022.05.10-10.20.42:723][  0]LogAudio: Display: Audio Device unregistered from world 'None'.
[2022.05.10-10.20.42:726][  0]LogUObjectHash: Compacting FUObjectHashTables data took   0.71ms
[2022.05.10-10.20.42:777][  0]LogTexture: Display: Building textures: DeprecatedTextureEB9CBE3C423008B5E8E130901E171C89 (BGRA8, 128X128)
[2022.05.10-10.20.42:784][  0]LogAudio: Display: Audio Device (ID: 1) registered with world 'Untitled_1'.
[2022.05.10-10.20.42:785][  0]LogAIModule: Creating AISystem for world Untitled_1
[2022.05.10-10.20.42:788][  0]LogEditorServer: Finished looking for orphan Actors (0.000 secs)
[2022.05.10-10.20.42:794][  0]LogUObjectHash: Compacting FUObjectHashTables data took   0.86ms
[2022.05.10-10.20.42:794][  0]Cmd: MAP CHECKDEP NOCLEARLOG
[2022.05.10-10.20.42:794][  0]MapCheck: Map check complete: 0 Error(s), 0 Warning(s), took 0,104ms to complete.
[2022.05.10-10.20.42:794][  0]LogFileHelpers: Loading map 'Template_Default' took 0.078
[2022.05.10-10.20.42:796][  0]LogUnrealEdMisc: Total Editor Startup Time, took 19.289
[2022.05.10-10.20.42:910][  0]LogSlate: Updating window title bar state: overlay mode, drag disabled, window buttons hidden, title bar hidden
[2022.05.10-10.20.42:916][  0]LogSlate: Updating window title bar state: overlay mode, drag disabled, window buttons hidden, title bar hidden
[2022.05.10-10.20.42:923][  0]LogSlate: Updating window title bar state: overlay mode, drag disabled, window buttons hidden, title bar hidden
[2022.05.10-10.20.42:929][  0]LogSlate: Updating window title bar state: overlay mode, drag disabled, window buttons hidden, title bar hidden
[2022.05.10-10.20.42:944][  0]LogNativeClassHierarchy: Verbose: Native class hierarchy populated in 0.0091 seconds. Added 3833 classes and 935 folders.
[2022.05.10-10.20.42:947][  0]LogNativeClassHierarchy: Verbose: Native class hierarchy updated for 'WidgetCarousel' in 0.0003 seconds. Added 0 classes and 0 folders.
[2022.05.10-10.20.42:948][  0]LogPakFile: PakFile PrimaryIndexSize=187
[2022.05.10-10.20.42:948][  0]LogPakFile: PakFile PathHashIndexSize=101
[2022.05.10-10.20.42:948][  0]LogPakFile: PakFile FullDirectoryIndexSize=148
[2022.05.10-10.20.42:948][  0]LogShaderLibrary: Display: ShaderCodeLibraryPakFileMountedCallback: PakFile 'C:/Program Files/Epic Games/UE_4.27/FeaturePacks/FP_FirstPerson.upack' (chunk index -1, root 'root:/') mounted
[2022.05.10-10.20.42:948][  0]LogShaderLibrary: Display: ShaderCodeLibraryPakFileMountedCallback: pending pak file info (ChunkID:-1 Root:root:/ File:C:/Program Files/Epic Games/UE_4.27/FeaturePacks/FP_FirstPerson.upack)
[2022.05.10-10.20.42:948][  0]LogPakFile: OnPakFileMounted2Time == 0.000047
[2022.05.10-10.20.42:949][  0]LogPakFile: PakFile PrimaryIndexSize=189
[2022.05.10-10.20.42:949][  0]LogPakFile: PakFile PathHashIndexSize=101
[2022.05.10-10.20.42:949][  0]LogPakFile: PakFile FullDirectoryIndexSize=152
[2022.05.10-10.20.42:949][  0]LogShaderLibrary: Display: ShaderCodeLibraryPakFileMountedCallback: PakFile 'C:/Program Files/Epic Games/UE_4.27/FeaturePacks/FP_FirstPersonBP.upack' (chunk index -1, root 'root:/') mounted
[2022.05.10-10.20.42:949][  0]LogShaderLibrary: Display: ShaderCodeLibraryPakFileMountedCallback: pending pak file info (ChunkID:-1 Root:root:/ File:C:/Program Files/Epic Games/UE_4.27/FeaturePacks/FP_FirstPersonBP.upack)
[2022.05.10-10.20.42:949][  0]LogPakFile: OnPakFileMounted2Time == 0.000037
[2022.05.10-10.20.42:949][  0]LogPakFile: PakFile PrimaryIndexSize=191
[2022.05.10-10.20.42:949][  0]LogPakFile: PakFile PathHashIndexSize=101
[2022.05.10-10.20.42:949][  0]LogPakFile: PakFile FullDirectoryIndexSize=160
[2022.05.10-10.20.42:950][  0]LogShaderLibrary: Display: ShaderCodeLibraryPakFileMountedCallback: PakFile 'C:/Program Files/Epic Games/UE_4.27/FeaturePacks/MobileStarterContent.upack' (chunk index -1, root 'root:/') mounted
[2022.05.10-10.20.42:950][  0]LogShaderLibrary: Display: ShaderCodeLibraryPakFileMountedCallback: pending pak file info (ChunkID:-1 Root:root:/ File:C:/Program Files/Epic Games/UE_4.27/FeaturePacks/MobileStarterContent.upack)
[2022.05.10-10.20.42:950][  0]LogPakFile: OnPakFileMounted2Time == 0.000029
[2022.05.10-10.20.42:950][  0]LogPakFile: PakFile PrimaryIndexSize=185
[2022.05.10-10.20.42:950][  0]LogPakFile: PakFile PathHashIndexSize=101
[2022.05.10-10.20.42:950][  0]LogPakFile: PakFile FullDirectoryIndexSize=148
[2022.05.10-10.20.42:950][  0]LogShaderLibrary: Display: ShaderCodeLibraryPakFileMountedCallback: PakFile 'C:/Program Files/Epic Games/UE_4.27/FeaturePacks/StarterContent.upack' (chunk index -1, root 'root:/') mounted
[2022.05.10-10.20.42:950][  0]LogShaderLibrary: Display: ShaderCodeLibraryPakFileMountedCallback: pending pak file info (ChunkID:-1 Root:root:/ File:C:/Program Files/Epic Games/UE_4.27/FeaturePacks/StarterContent.upack)
[2022.05.10-10.20.42:950][  0]LogPakFile: OnPakFileMounted2Time == 0.000049
[2022.05.10-10.20.42:951][  0]LogPakFile: PakFile PrimaryIndexSize=190
[2022.05.10-10.20.42:951][  0]LogPakFile: PakFile PathHashIndexSize=101
[2022.05.10-10.20.42:951][  0]LogPakFile: PakFile FullDirectoryIndexSize=154
[2022.05.10-10.20.42:951][  0]LogShaderLibrary: Display: ShaderCodeLibraryPakFileMountedCallback: PakFile 'C:/Program Files/Epic Games/UE_4.27/FeaturePacks/TP_2DSideScroller.upack' (chunk index -1, root 'root:/') mounted
[2022.05.10-10.20.42:951][  0]LogShaderLibrary: Display: ShaderCodeLibraryPakFileMountedCallback: pending pak file info (ChunkID:-1 Root:root:/ File:C:/Program Files/Epic Games/UE_4.27/FeaturePacks/TP_2DSideScroller.upack)
[2022.05.10-10.20.42:951][  0]LogPakFile: OnPakFileMounted2Time == 0.000027
[2022.05.10-10.20.42:951][  0]LogPakFile: PakFile PrimaryIndexSize=192
[2022.05.10-10.20.42:952][  0]LogPakFile: PakFile PathHashIndexSize=101
[2022.05.10-10.20.42:952][  0]LogPakFile: PakFile FullDirectoryIndexSize=158
[2022.05.10-10.20.42:952][  0]LogShaderLibrary: Display: ShaderCodeLibraryPakFileMountedCallback: PakFile 'C:/Program Files/Epic Games/UE_4.27/FeaturePacks/TP_2DSideScrollerBP.upack' (chunk index -1, root 'root:/') mounted
[2022.05.10-10.20.42:952][  0]LogShaderLibrary: Display: ShaderCodeLibraryPakFileMountedCallback: pending pak file info (ChunkID:-1 Root:root:/ File:C:/Program Files/Epic Games/UE_4.27/FeaturePacks/TP_2DSideScrollerBP.upack)
[2022.05.10-10.20.42:952][  0]LogPakFile: OnPakFileMounted2Time == 0.000042
[2022.05.10-10.20.42:952][  0]LogPakFile: PakFile PrimaryIndexSize=182
[2022.05.10-10.20.42:952][  0]LogPakFile: PakFile PathHashIndexSize=101
[2022.05.10-10.20.42:952][  0]LogPakFile: PakFile FullDirectoryIndexSize=138
[2022.05.10-10.20.42:952][  0]LogShaderLibrary: Display: ShaderCodeLibraryPakFileMountedCallback: PakFile 'C:/Program Files/Epic Games/UE_4.27/FeaturePacks/TP_Flying.upack' (chunk index -1, root 'root:/') mounted
[2022.05.10-10.20.42:952][  0]LogShaderLibrary: Display: ShaderCodeLibraryPakFileMountedCallback: pending pak file info (ChunkID:-1 Root:root:/ File:C:/Program Files/Epic Games/UE_4.27/FeaturePacks/TP_Flying.upack)
[2022.05.10-10.20.42:952][  0]LogPakFile: OnPakFileMounted2Time == 0.000028
[2022.05.10-10.20.42:953][  0]LogPakFile: PakFile PrimaryIndexSize=184
[2022.05.10-10.20.42:953][  0]LogPakFile: PakFile PathHashIndexSize=101
[2022.05.10-10.20.42:953][  0]LogPakFile: PakFile FullDirectoryIndexSize=142
[2022.05.10-10.20.42:953][  0]LogShaderLibrary: Display: ShaderCodeLibraryPakFileMountedCallback: PakFile 'C:/Program Files/Epic Games/UE_4.27/FeaturePacks/TP_FlyingBP.upack' (chunk index -1, root 'root:/') mounted
[2022.05.10-10.20.42:953][  0]LogShaderLibrary: Display: ShaderCodeLibraryPakFileMountedCallback: pending pak file info (ChunkID:-1 Root:root:/ File:C:/Program Files/Epic Games/UE_4.27/FeaturePacks/TP_FlyingBP.upack)
[2022.05.10-10.20.42:953][  0]LogPakFile: OnPakFileMounted2Time == 0.000057
[2022.05.10-10.20.42:953][  0]LogPakFile: PakFile PrimaryIndexSize=188
[2022.05.10-10.20.42:953][  0]LogPakFile: PakFile PathHashIndexSize=101
[2022.05.10-10.20.42:953][  0]LogPakFile: PakFile FullDirectoryIndexSize=150
[2022.05.10-10.20.42:953][  0]LogShaderLibrary: Display: ShaderCodeLibraryPakFileMountedCallback: PakFile 'C:/Program Files/Epic Games/UE_4.27/FeaturePacks/TP_HandheldARBP.upack' (chunk index -1, root 'root:/') mounted
[2022.05.10-10.20.42:953][  0]LogShaderLibrary: Display: ShaderCodeLibraryPakFileMountedCallback: pending pak file info (ChunkID:-1 Root:root:/ File:C:/Program Files/Epic Games/UE_4.27/FeaturePacks/TP_HandheldARBP.upack)
[2022.05.10-10.20.42:953][  0]LogPakFile: OnPakFileMounted2Time == 0.000026
[2022.05.10-10.20.42:954][  0]LogPakFile: PakFile PrimaryIndexSize=182
[2022.05.10-10.20.42:954][  0]LogPakFile: PakFile PathHashIndexSize=101
[2022.05.10-10.20.42:954][  0]LogPakFile: PakFile FullDirectoryIndexSize=138
[2022.05.10-10.20.42:954][  0]LogShaderLibrary: Display: ShaderCodeLibraryPakFileMountedCallback: PakFile 'C:/Program Files/Epic Games/UE_4.27/FeaturePacks/TP_Puzzle.upack' (chunk index -1, root 'root:/') mounted
[2022.05.10-10.20.42:954][  0]LogShaderLibrary: Display: ShaderCodeLibraryPakFileMountedCallback: pending pak file info (ChunkID:-1 Root:root:/ File:C:/Program Files/Epic Games/UE_4.27/FeaturePacks/TP_Puzzle.upack)
[2022.05.10-10.20.42:954][  0]LogPakFile: OnPakFileMounted2Time == 0.000026
[2022.05.10-10.20.42:954][  0]LogPakFile: PakFile PrimaryIndexSize=184
[2022.05.10-10.20.42:954][  0]LogPakFile: PakFile PathHashIndexSize=101
[2022.05.10-10.20.42:954][  0]LogPakFile: PakFile FullDirectoryIndexSize=142
[2022.05.10-10.20.42:954][  0]LogShaderLibrary: Display: ShaderCodeLibraryPakFileMountedCallback: PakFile 'C:/Program Files/Epic Games/UE_4.27/FeaturePacks/TP_PuzzleBP.upack' (chunk index -1, root 'root:/') mounted
[2022.05.10-10.20.42:954][  0]LogShaderLibrary: Display: ShaderCodeLibraryPakFileMountedCallback: pending pak file info (ChunkID:-1 Root:root:/ File:C:/Program Files/Epic Games/UE_4.27/FeaturePacks/TP_PuzzleBP.upack)
[2022.05.10-10.20.42:954][  0]LogPakFile: OnPakFileMounted2Time == 0.000026
[2022.05.10-10.20.42:955][  0]LogPakFile: PakFile PrimaryIndexSize=183
[2022.05.10-10.20.42:955][  0]LogPakFile: PakFile PathHashIndexSize=101
[2022.05.10-10.20.42:955][  0]LogPakFile: PakFile FullDirectoryIndexSize=140
[2022.05.10-10.20.42:955][  0]LogShaderLibrary: Display: ShaderCodeLibraryPakFileMountedCallback: PakFile 'C:/Program Files/Epic Games/UE_4.27/FeaturePacks/TP_Rolling.upack' (chunk index -1, root 'root:/') mounted
[2022.05.10-10.20.42:955][  0]LogShaderLibrary: Display: ShaderCodeLibraryPakFileMountedCallback: pending pak file info (ChunkID:-1 Root:root:/ File:C:/Program Files/Epic Games/UE_4.27/FeaturePacks/TP_Rolling.upack)
[2022.05.10-10.20.42:955][  0]LogPakFile: OnPakFileMounted2Time == 0.000026
[2022.05.10-10.20.42:956][  0]LogPakFile: PakFile PrimaryIndexSize=185
[2022.05.10-10.20.42:956][  0]LogPakFile: PakFile PathHashIndexSize=101
[2022.05.10-10.20.42:956][  0]LogPakFile: PakFile FullDirectoryIndexSize=144
[2022.05.10-10.20.42:956][  0]LogShaderLibrary: Display: ShaderCodeLibraryPakFileMountedCallback: PakFile 'C:/Program Files/Epic Games/UE_4.27/FeaturePacks/TP_RollingBP.upack' (chunk index -1, root 'root:/') mounted
[2022.05.10-10.20.42:956][  0]LogShaderLibrary: Display: ShaderCodeLibraryPakFileMountedCallback: pending pak file info (ChunkID:-1 Root:root:/ File:C:/Program Files/Epic Games/UE_4.27/FeaturePacks/TP_RollingBP.upack)
[2022.05.10-10.20.42:956][  0]LogPakFile: OnPakFileMounted2Time == 0.000030
[2022.05.10-10.20.42:956][  0]LogPakFile: PakFile PrimaryIndexSize=188
[2022.05.10-10.20.42:956][  0]LogPakFile: PakFile PathHashIndexSize=101
[2022.05.10-10.20.42:956][  0]LogPakFile: PakFile FullDirectoryIndexSize=150
[2022.05.10-10.20.42:956][  0]LogShaderLibrary: Display: ShaderCodeLibraryPakFileMountedCallback: PakFile 'C:/Program Files/Epic Games/UE_4.27/FeaturePacks/TP_SideScroller.upack' (chunk index -1, root 'root:/') mounted
[2022.05.10-10.20.42:956][  0]LogShaderLibrary: Display: ShaderCodeLibraryPakFileMountedCallback: pending pak file info (ChunkID:-1 Root:root:/ File:C:/Program Files/Epic Games/UE_4.27/FeaturePacks/TP_SideScroller.upack)
[2022.05.10-10.20.42:956][  0]LogPakFile: OnPakFileMounted2Time == 0.000026
[2022.05.10-10.20.42:957][  0]LogPakFile: PakFile PrimaryIndexSize=190
[2022.05.10-10.20.42:957][  0]LogPakFile: PakFile PathHashIndexSize=101
[2022.05.10-10.20.42:957][  0]LogPakFile: PakFile FullDirectoryIndexSize=154
[2022.05.10-10.20.42:957][  0]LogShaderLibrary: Display: ShaderCodeLibraryPakFileMountedCallback: PakFile 'C:/Program Files/Epic Games/UE_4.27/FeaturePacks/TP_SideScrollerBP.upack' (chunk index -1, root 'root:/') mounted
[2022.05.10-10.20.42:957][  0]LogShaderLibrary: Display: ShaderCodeLibraryPakFileMountedCallback: pending pak file info (ChunkID:-1 Root:root:/ File:C:/Program Files/Epic Games/UE_4.27/FeaturePacks/TP_SideScrollerBP.upack)
[2022.05.10-10.20.42:957][  0]LogPakFile: OnPakFileMounted2Time == 0.000027
[2022.05.10-10.20.42:957][  0]LogPakFile: PakFile PrimaryIndexSize=187
[2022.05.10-10.20.42:957][  0]LogPakFile: PakFile PathHashIndexSize=101
[2022.05.10-10.20.42:957][  0]LogPakFile: PakFile FullDirectoryIndexSize=148
[2022.05.10-10.20.42:957][  0]LogShaderLibrary: Display: ShaderCodeLibraryPakFileMountedCallback: PakFile 'C:/Program Files/Epic Games/UE_4.27/FeaturePacks/TP_ThirdPerson.upack' (chunk index -1, root 'root:/') mounted
[2022.05.10-10.20.42:957][  0]LogShaderLibrary: Display: ShaderCodeLibraryPakFileMountedCallback: pending pak file info (ChunkID:-1 Root:root:/ File:C:/Program Files/Epic Games/UE_4.27/FeaturePacks/TP_ThirdPerson.upack)
[2022.05.10-10.20.42:957][  0]LogPakFile: OnPakFileMounted2Time == 0.000028
[2022.05.10-10.20.42:958][  0]LogPakFile: PakFile PrimaryIndexSize=189
[2022.05.10-10.20.42:958][  0]LogPakFile: PakFile PathHashIndexSize=101
[2022.05.10-10.20.42:958][  0]LogPakFile: PakFile FullDirectoryIndexSize=152
[2022.05.10-10.20.42:958][  0]LogShaderLibrary: Display: ShaderCodeLibraryPakFileMountedCallback: PakFile 'C:/Program Files/Epic Games/UE_4.27/FeaturePacks/TP_ThirdPersonBP.upack' (chunk index -1, root 'root:/') mounted
[2022.05.10-10.20.42:958][  0]LogShaderLibrary: Display: ShaderCodeLibraryPakFileMountedCallback: pending pak file info (ChunkID:-1 Root:root:/ File:C:/Program Files/Epic Games/UE_4.27/FeaturePacks/TP_ThirdPersonBP.upack)
[2022.05.10-10.20.42:958][  0]LogPakFile: OnPakFileMounted2Time == 0.000026
[2022.05.10-10.20.42:958][  0]LogPakFile: PakFile PrimaryIndexSize=183
[2022.05.10-10.20.42:958][  0]LogPakFile: PakFile PathHashIndexSize=101
[2022.05.10-10.20.42:958][  0]LogPakFile: PakFile FullDirectoryIndexSize=140
[2022.05.10-10.20.42:958][  0]LogShaderLibrary: Display: ShaderCodeLibraryPakFileMountedCallback: PakFile 'C:/Program Files/Epic Games/UE_4.27/FeaturePacks/TP_TopDown.upack' (chunk index -1, root 'root:/') mounted
[2022.05.10-10.20.42:958][  0]LogShaderLibrary: Display: ShaderCodeLibraryPakFileMountedCallback: pending pak file info (ChunkID:-1 Root:root:/ File:C:/Program Files/Epic Games/UE_4.27/FeaturePacks/TP_TopDown.upack)
[2022.05.10-10.20.42:958][  0]LogPakFile: OnPakFileMounted2Time == 0.000031
[2022.05.10-10.20.42:959][  0]LogPakFile: PakFile PrimaryIndexSize=185
[2022.05.10-10.20.42:959][  0]LogPakFile: PakFile PathHashIndexSize=101
[2022.05.10-10.20.42:959][  0]LogPakFile: PakFile FullDirectoryIndexSize=144
[2022.05.10-10.20.42:959][  0]LogShaderLibrary: Display: ShaderCodeLibraryPakFileMountedCallback: PakFile 'C:/Program Files/Epic Games/UE_4.27/FeaturePacks/TP_TopDownBP.upack' (chunk index -1, root 'root:/') mounted
[2022.05.10-10.20.42:959][  0]LogShaderLibrary: Display: ShaderCodeLibraryPakFileMountedCallback: pending pak file info (ChunkID:-1 Root:root:/ File:C:/Program Files/Epic Games/UE_4.27/FeaturePacks/TP_TopDownBP.upack)
[2022.05.10-10.20.42:959][  0]LogPakFile: OnPakFileMounted2Time == 0.000029
[2022.05.10-10.20.42:959][  0]LogPakFile: PakFile PrimaryIndexSize=185
[2022.05.10-10.20.42:959][  0]LogPakFile: PakFile PathHashIndexSize=101
[2022.05.10-10.20.42:959][  0]LogPakFile: PakFile FullDirectoryIndexSize=144
[2022.05.10-10.20.42:959][  0]LogShaderLibrary: Display: ShaderCodeLibraryPakFileMountedCallback: PakFile 'C:/Program Files/Epic Games/UE_4.27/FeaturePacks/TP_TwinStick.upack' (chunk index -1, root 'root:/') mounted
[2022.05.10-10.20.42:959][  0]LogShaderLibrary: Display: ShaderCodeLibraryPakFileMountedCallback: pending pak file info (ChunkID:-1 Root:root:/ File:C:/Program Files/Epic Games/UE_4.27/FeaturePacks/TP_TwinStick.upack)
[2022.05.10-10.20.42:959][  0]LogPakFile: OnPakFileMounted2Time == 0.000026
[2022.05.10-10.20.42:960][  0]LogPakFile: PakFile PrimaryIndexSize=187
[2022.05.10-10.20.42:960][  0]LogPakFile: PakFile PathHashIndexSize=101
[2022.05.10-10.20.42:960][  0]LogPakFile: PakFile FullDirectoryIndexSize=148
[2022.05.10-10.20.42:960][  0]LogShaderLibrary: Display: ShaderCodeLibraryPakFileMountedCallback: PakFile 'C:/Program Files/Epic Games/UE_4.27/FeaturePacks/TP_TwinStickBP.upack' (chunk index -1, root 'root:/') mounted
[2022.05.10-10.20.42:960][  0]LogShaderLibrary: Display: ShaderCodeLibraryPakFileMountedCallback: pending pak file info (ChunkID:-1 Root:root:/ File:C:/Program Files/Epic Games/UE_4.27/FeaturePacks/TP_TwinStickBP.upack)
[2022.05.10-10.20.42:960][  0]LogPakFile: OnPakFileMounted2Time == 0.000028
[2022.05.10-10.20.42:960][  0]LogPakFile: PakFile PrimaryIndexSize=183
[2022.05.10-10.20.42:960][  0]LogPakFile: PakFile PathHashIndexSize=101
[2022.05.10-10.20.42:960][  0]LogPakFile: PakFile FullDirectoryIndexSize=140
[2022.05.10-10.20.42:960][  0]LogShaderLibrary: Display: ShaderCodeLibraryPakFileMountedCallback: PakFile 'C:/Program Files/Epic Games/UE_4.27/FeaturePacks/TP_Vehicle.upack' (chunk index -1, root 'root:/') mounted
[2022.05.10-10.20.42:960][  0]LogShaderLibrary: Display: ShaderCodeLibraryPakFileMountedCallback: pending pak file info (ChunkID:-1 Root:root:/ File:C:/Program Files/Epic Games/UE_4.27/FeaturePacks/TP_Vehicle.upack)
[2022.05.10-10.20.42:960][  0]LogPakFile: OnPakFileMounted2Time == 0.000044
[2022.05.10-10.20.42:961][  0]LogPakFile: PakFile PrimaryIndexSize=186
[2022.05.10-10.20.42:961][  0]LogPakFile: PakFile PathHashIndexSize=101
[2022.05.10-10.20.42:961][  0]LogPakFile: PakFile FullDirectoryIndexSize=146
[2022.05.10-10.20.42:961][  0]LogShaderLibrary: Display: ShaderCodeLibraryPakFileMountedCallback: PakFile 'C:/Program Files/Epic Games/UE_4.27/FeaturePacks/TP_VehicleAdv.upack' (chunk index -1, root 'root:/') mounted
[2022.05.10-10.20.42:961][  0]LogShaderLibrary: Display: ShaderCodeLibraryPakFileMountedCallback: pending pak file info (ChunkID:-1 Root:root:/ File:C:/Program Files/Epic Games/UE_4.27/FeaturePacks/TP_VehicleAdv.upack)
[2022.05.10-10.20.42:961][  0]LogPakFile: OnPakFileMounted2Time == 0.000043
[2022.05.10-10.20.42:962][  0]LogPakFile: PakFile PrimaryIndexSize=188
[2022.05.10-10.20.42:962][  0]LogPakFile: PakFile PathHashIndexSize=101
[2022.05.10-10.20.42:962][  0]LogPakFile: PakFile FullDirectoryIndexSize=150
[2022.05.10-10.20.42:962][  0]LogShaderLibrary: Display: ShaderCodeLibraryPakFileMountedCallback: PakFile 'C:/Program Files/Epic Games/UE_4.27/FeaturePacks/TP_VehicleAdvBP.upack' (chunk index -1, root 'root:/') mounted
[2022.05.10-10.20.42:962][  0]LogShaderLibrary: Display: ShaderCodeLibraryPakFileMountedCallback: pending pak file info (ChunkID:-1 Root:root:/ File:C:/Program Files/Epic Games/UE_4.27/FeaturePacks/TP_VehicleAdvBP.upack)
[2022.05.10-10.20.42:962][  0]LogPakFile: OnPakFileMounted2Time == 0.000026
[2022.05.10-10.20.42:962][  0]LogPakFile: PakFile PrimaryIndexSize=185
[2022.05.10-10.20.42:962][  0]LogPakFile: PakFile PathHashIndexSize=101
[2022.05.10-10.20.42:962][  0]LogPakFile: PakFile FullDirectoryIndexSize=144
[2022.05.10-10.20.42:962][  0]LogShaderLibrary: Display: ShaderCodeLibraryPakFileMountedCallback: PakFile 'C:/Program Files/Epic Games/UE_4.27/FeaturePacks/TP_VehicleBP.upack' (chunk index -1, root 'root:/') mounted
[2022.05.10-10.20.42:962][  0]LogShaderLibrary: Display: ShaderCodeLibraryPakFileMountedCallback: pending pak file info (ChunkID:-1 Root:root:/ File:C:/Program Files/Epic Games/UE_4.27/FeaturePacks/TP_VehicleBP.upack)
[2022.05.10-10.20.42:962][  0]LogPakFile: OnPakFileMounted2Time == 0.000028
[2022.05.10-10.20.42:963][  0]LogPakFile: PakFile PrimaryIndexSize=192
[2022.05.10-10.20.42:963][  0]LogPakFile: PakFile PathHashIndexSize=101
[2022.05.10-10.20.42:963][  0]LogPakFile: PakFile FullDirectoryIndexSize=158
[2022.05.10-10.20.42:963][  0]LogShaderLibrary: Display: ShaderCodeLibraryPakFileMountedCallback: PakFile 'C:/Program Files/Epic Games/UE_4.27/FeaturePacks/TP_VirtualRealityBP.upack' (chunk index -1, root 'root:/') mounted
[2022.05.10-10.20.42:963][  0]LogShaderLibrary: Display: ShaderCodeLibraryPakFileMountedCallback: pending pak file info (ChunkID:-1 Root:root:/ File:C:/Program Files/Epic Games/UE_4.27/FeaturePacks/TP_VirtualRealityBP.upack)
[2022.05.10-10.20.42:963][  0]LogPakFile: OnPakFileMounted2Time == 0.000028
[2022.05.10-10.20.43:025][  0]LogNativeClassHierarchy: Verbose: Native class hierarchy updated for 'AddContentDialog' in 0.0003 seconds. Added 0 classes and 0 folders.
[2022.05.10-10.20.43:128][  0]LogSlate: Took 0.000332 seconds to synchronously load lazily loaded font '../../../Engine/Content/Slate/Fonts/Roboto-Regular.ttf' (155K)
[2022.05.10-10.20.43:128][  0]LogSlate: Took 0.000228 seconds to synchronously load lazily loaded font '../../../Engine/Content/Editor/Slate/Fonts/FontAwesome.ttf' (139K)
[2022.05.10-10.20.43:132][  0]LogSlate: Took 0.000414 seconds to synchronously load lazily loaded font '../../../Engine/Content/Slate/Fonts/Roboto-Bold.ttf' (160K)
[2022.05.10-10.20.43:211][  0]LogRenderer: Reallocating scene render targets to support 1868x692 Format 9 NumSamples 1 (Frame:1).
[2022.05.10-10.20.43:310][  0]LogNativeClassHierarchy: Verbose: Native class hierarchy updated for 'HierarchicalLODOutliner' in 0.0004 seconds. Added 0 classes and 0 folders.
[2022.05.10-10.20.43:310][  0]LogLoad: (Engine Initialization) Total time: 19.80 seconds
[2022.05.10-10.20.43:310][  0]LogLoad: (Engine Initialization) Total Blueprint compile time: 0.00 seconds
[2022.05.10-10.20.43:354][  0]LogAssetRegistry: Asset discovery search completed in 15.9297 seconds
[2022.05.10-10.20.43:359][  0]LogCollectionManager: Fixed up redirectors for 0 collections in 0.000003 seconds (updated 0 objects)
[2022.05.10-10.20.43:361][  0]LogContentStreaming: Texture pool size now 1000 MB
[2022.05.10-10.20.43:454][  2]LogSlate: Took 0.000139 seconds to synchronously load lazily loaded font '../../../Engine/Content/Slate/Fonts/Roboto-Light.ttf' (167K)
[2022.05.10-10.20.47:438][227]LogUObjectHash: Compacting FUObjectHashTables data took   0.77ms
[2022.05.10-10.20.47:444][227]LogSlate: Took 0.000159 seconds to synchronously load lazily loaded font '../../../Engine/Content/Slate/Fonts/Roboto-Light.ttf' (167K)
[2022.05.10-10.20.47:499][227]LogAssetEditorSubsystem: Opening Asset editor for World /Game/scene_Mia.scene_Mia
[2022.05.10-10.20.47:499][227]Cmd: MAP LOAD FILE="D:/MICAGIT/Mica/MicaProject/Content/scene_Mia.umap" TEMPLATE=0 SHOWPROGRESS=1 FEATURELEVEL=3
[2022.05.10-10.20.47:500][227]LightingResults: New page: Lighting Build
[2022.05.10-10.20.47:500][227]LoadErrors: New page: Loading map: scene_Mia.umap
[2022.05.10-10.20.47:500][227]LogWorld: UWorld::CleanupWorld for Untitled_1, bSessionEnded=true, bCleanupResources=true
[2022.05.10-10.20.47:501][227]LogSlate: InvalidateAllWidgets triggered.  All widgets were invalidated
[2022.05.10-10.20.47:501][227]MapCheck: New page: Map Check
[2022.05.10-10.20.47:501][227]LightingResults: New page: Lighting Build
[2022.05.10-10.20.47:505][227]LogAudio: Display: Audio Device unregistered from world 'None'.
[2022.05.10-10.20.47:508][227]LogUObjectHash: Compacting FUObjectHashTables data took   0.84ms
[2022.05.10-10.20.47:508][227]LogAudio: Display: Audio Device (ID: 1) registered with world 'scene_Mia'.
[2022.05.10-10.20.47:532][227]LogEditorServer: Finished looking for orphan Actors (0.000 secs)
[2022.05.10-10.20.47:532][227]LogAIModule: Creating AISystem for world scene_Mia
[2022.05.10-10.20.47:541][227]LogUObjectHash: Compacting FUObjectHashTables data took   0.75ms
[2022.05.10-10.20.47:546][227]Cmd: MAP CHECKDEP NOCLEARLOG
[2022.05.10-10.20.47:546][227]MapCheck: Map check complete: 0 Error(s), 0 Warning(s), took 0,069ms to complete.
[2022.05.10-10.20.47:546][227]LogFileHelpers: Loading map 'scene_Mia' took 0.046
[2022.05.10-10.20.50:592][406]LogEditorViewport: Clicking on Actor (LMB): StaticMeshActor (Cube)
[2022.05.10-10.21.01:102][ 20]Cmd: EDIT COPY
[2022.05.10-10.21.01:469][ 42]Cmd: EDIT PASTE
[2022.05.10-10.21.03:174][142]LogEditorViewport: Clicking on Actor (LMB): BP_Sky_Sphere_C (Sky Sphere)
[2022.05.10-10.21.03:967][186]Cmd: OBJ SAVEPACKAGE PACKAGE="/Game/scene_Mia" FILE="D:/MICAGIT/Mica/MicaProject/Content/scene_Mia.umap" SILENT=true AUTOSAVING=false KEEPDIRTY=false
[2022.05.10-10.21.03:973][186]LogUObjectHash: Compacting FUObjectHashTables data took   0.54ms
[2022.05.10-10.21.03:985][186]LogSavePackage: Moving 'D:/MICAGIT/Mica/MicaProject/Saved/scene_MiaEC66A7E843CBBC1E7D3798BE2B37A24A.tmp' to 'D:/MICAGIT/Mica/MicaProject/Content/scene_Mia.umap'
[2022.05.10-10.21.04:015][186]AssetCheck: New page: Asset Save: scene_Mia
[2022.05.10-10.21.04:016][186]LogContentValidation: Display: Validating World /Game/scene_Mia.scene_Mia
